src/icons/AArrowDown.tsx(1,57): error TS2307: Cannot find module 'lucide-react' or isrc/icons/AArrowDown.tsx(1,57): errosrc/icons/AArrowUp.tsx(1,55): error TS2307: Cannot find module 'lucide-react' or itssrc/icons/AArrowUp.tsx(1,55): errosrc/icons/Accessibility.tsx(1,60): error TS2307: Cannot find module 'lucide-react' osrc/icons/Accessibility.tsx(1,60): error TS2307: Cannot find module 'lucide-react' or its corresponding type declarations.
src/icons/Activity.tsx(1,55): error TS2307: Cannot find module 'lucide-react' or its corresponding type declarations.
src/icons/Airplay.tsx(1,54): error TS2307: Cannot find module 'lucide-react' or its corresponding type declarations.
src/icons/AirVent.tsx(1,54): error TS2307: Cannot find module 'lucide-react' or its corresponding type declarations.
src/icons/ALargeSmall.tsx(1,58): errosrc/icons/AlarmClock.tsx(1,57): error TS2307: Cannot find module 'lucide-react' or isrc/icons/AlarmClock.tsx(1,57): errosrc/icons/AlarmClockCheck.tsx(1,62): error TS2307: Cannot find module 'lucide-react'src/icons/AlarmClockCheck.tsx(1,62): errosrc/icons/AlarmClockMinus.tsx(1,62): error TS2307: Cannot find module 'lucide-react'src/icons/AlarmClockMinus.tsx(1,62): errosrc/icons/AlarmClockOff.tsx(1,60): error TS2307: Cannot find module 'lucide-react' osrc/icons/AlarmClockOff.tsx(1,60): error TS2307: Cannot find module 'lucide-react' or its corresponding type declarations.
src/icons/AlarmClockPlus.tsx(1,61): error TS2307: Cannot find module 'lucide-react' or its corresponding type declarations.
src/icons/AlarmSmoke.tsx(1,57): errosrc/icons/Album.tsx(1,52): error TS2307: Cannot find module 'lucide-react' or its cosrc/icons/Album.tsx(1,52): error TS2307: Cannot find module 'lucide-react' or its corresponding type declarations.
src/icons/AlignCenter.tsx(1,58): error TS2307: Cannot find module 'lucide-react' or its corresponding type declarations.
src/icons/AlignCenterHorizontal.tsx(1,68): error TS2307: Cannot find module 'lucide-react' or its corresponding type declarations.
src/icons/AlignCenterVertical.tsx(1,66): errosrc/icons/AlignEndHorizontal.tsx(1,65): error TS2307: Cannot find module 'lucide-reasrc/icons/AlignEndHorizontal.tsx(1,65): error TS2307: Cannot find module 'lucide-react' or its corresponding type declarations.
src/icons/AlignEndVertical.tsx(1,63): errosrc/icons/AlignHorizontalDistributeCenter.tsx(1,78): error TS2307: Cannot find modulsrc/icons/AlignHorizontalDistributeCenter.tsx(1,78): error TS2307: Cannot find module 'lucide-react' or its corresponding type declarations.
src/icons/AlignHorizontalDistributeEnd.tsx(1,75): error TS2307: Cannot find module 'lucide-react' or its corresponding type declarations.
src/icons/AlignHorizontalDistributeStart.tsx(1,77): error TS2307: Cannot find module 'lucide-react' or its corresponding type declarations.
src/icons/AlignHorizontalJustifyCenter.tsx(1,75): error TS2307: Cannot find module 'lucide-react' or its corresponding type declarations.
src/icons/AlignHorizontalJustifyEnd.tsx(1,72): error TS2307: Cannot find module 'lucide-react' or its corresponding type declarations.
src/icons/AlignHorizontalJustifyStart.tsx(1,74): error TS2307: Cannot find module 'lucide-react' or its corresponding type declarations.
src/icons/AlignHorizontalSpaceAround.tsx(1,73): error TS2307: Cannot find module 'lucide-react' or its corresponding type declarations.
src/icons/AlignHorizontalSpaceBetween.tsx(1,74): error TS2307: Cannot find module 'lucide-react' or its corresponding type declarations.
src/icons/AlignJustify.tsx(1,59): error TS2307: Cannot find module 'lucide-react' or its corresponding type declarations.
src/icons/AlignLeft.tsx(1,56): error TS2307: Cannot find module 'lucide-react' or its corresponding type declarations.
src/icons/AlignRight.tsx(1,57): error TS2307: Cannot find module 'lucide-react' or its corresponding type declarations.
src/icons/AlignStartHorizontal.tsx(1,67): errosrc/icons/AlignStartVertical.tsx(1,65): error TS2307: Cannot find module 'lucide-reasrc/icons/AlignStartVertical.tsx(1,65): error TS2307: Cannot find module 'lucide-react' or its corresponding type declarations.
src/icons/AlignVerticalDistributeCenter.tsx(1,76): error TS2307: Cannot find module 'lucide-react' or its corresponding type declarations.
src/icons/AlignVerticalDistributeEnd.tsx(1,73): error TS2307: Cannot find module 'lucide-react' or its corresponding type declarations.
src/icons/AlignVerticalDistributeStart.tsx(1,75): error TS2307: Cannot find module 'lucide-react' or its corresponding type declarations.
src/icons/AlignVerticalJustifyCenter.tsx(1,73): error TS2307: Cannot find module 'lucide-react' or its corresponding type declarations.
src/icons/AlignVerticalJustifyEnd.tsx(1,70): error TS2307: Cannot find module 'lucide-react' or its corresponding type declarations.
src/icons/AlignVerticalJustifyStart.tsx(1,72): errosrc/icons/AlignVerticalSpaceAround.tsx(1,71): error TS2307: Cannot find module 'lucisrc/icons/AlignVerticalSpaceAround.tsx(1,71): error TS2307: Cannot find module 'lucide-react' or its corresponding type declarations.
src/icons/AlignVerticalSpaceBetween.tsx(1,72): error TS2307: Cannot find module 'lucide-react' or its corresponding type declarations.
src/icons/Ambulance.tsx(1,56): error TS2307: Cannot find module 'lucide-react' or its corresponding type declarations.
src/icons/Ampersand.tsx(1,56): error TS2307: Cannot find module 'lucide-react' or its corresponding type declarations.
src/icons/Ampersands.tsx(1,57): errosrc/icons/Amphora.tsx(1,54): error TS2307: Cannot find module 'lucide-react' or its src/icons/Amphora.tsx(1,54): error TS2307: Cannot find module 'lucide-react' or its corresponding type declarations.
src/icons/Anchor.tsx(1,53): error TS2307: Cannot find module 'lucide-react' or its corresponding type declarations.
src/icons/Angry.tsx(1,52): error TS2307: Cannot find module 'lucide-react' or its corresponding type declarations.
src/icons/Annoyed.tsx(1,54): error TS2307: Cannot find module 'lucide-react' or its corresponding type declarations.
src/icons/Antenna.tsx(1,54): errosrc/icons/Anvil.tsx(1,52): error TS2307: Cannot find module 'lucide-react' or its cosrc/icons/Anvil.tsx(1,52): error TS2307: Cannot find module 'lucide-react' or its corresponding type declarations.
src/icons/Aperture.tsx(1,55): error TS2307: Cannot find module 'lucide-react' or its corresponding type declarations.
src/icons/Apple.tsx(1,52): error TS2307: Cannot find module 'lucide-react' or its corresponding type declarations.
src/icons/AppWindow.tsx(1,56): error TS2307: Cannot find module 'lucide-react' or its corresponding type declarations.
src/icons/AppWindowMac.tsx(1,59): error TS2307: Cannot find module 'lucide-react' or its corresponding type declarations.
src/icons/Archive.tsx(1,54): error TS2307: Cannot find module 'lucide-react' or its corresponding type declarations.
src/icons/ArchiveRestore.tsx(1,61): error TS2307: Cannot find module 'lucide-react' or its corresponding type declarations.
src/icons/ArchiveX.tsx(1,55): error TS2307: Cannot find module 'lucide-react' or its corresponding type declarations.
src/icons/Armchair.tsx(1,55): error TS2307: Cannot find module 'lucide-react' or its corresponding type declarations.
src/icons/ArrowBigDown.tsx(1,59): error TS2307: Cannot find module 'lucide-react' or its corresponding type declarations.
src/icons/ArrowBigDownDash.tsx(1,63): error TS2307: Cannot find module 'lucide-react' or its corresponding type declarations.
src/icons/ArrowBigLeft.tsx(1,59): error TS2307: Cannot find module 'lucide-react' or its corresponding type declarations.
src/icons/ArrowBigLeftDash.tsx(1,63): error TS2307: Cannot find module 'lucide-react' or its corresponding type declarations.
src/icons/ArrowBigRight.tsx(1,60): error TS2307: Cannot find module 'lucide-react' or its corresponding type declarations.
src/icons/ArrowBigRightDash.tsx(1,64): error TS2307: Cannot find module 'lucide-react' or its corresponding type declarations.
src/icons/ArrowBigUp.tsx(1,57): error TS2307: Cannot find module 'lucide-react' or its corresponding type declarations.
src/icons/ArrowBigUpDash.tsx(1,61): error TS2307: Cannot find module 'lucide-react' or its corresponding type declarations.
src/icons/ArrowDown.tsx(1,56): error TS2307: Cannot find module 'lucide-react' or its corresponding type declarations.
src/icons/ArrowDown01.tsx(1,58): error TS2307: Cannot find module 'lucide-react' or its corresponding type declarations.
src/icons/ArrowDown10.tsx(1,58): error TS2307: Cannot find module 'lucide-react' or its corresponding type declarations.
src/icons/ArrowDownAZ.tsx(1,58): errosrc/icons/ArrowDownFromLine.tsx(1,64): error TS2307: Cannot find module 'lucide-reacsrc/icons/ArrowDownFromLine.tsx(1,64): error TS2307: Cannot find module 'lucide-react' or its corresponding type declarations.
src/icons/ArrowDownLeft.tsx(1,60): error TS2307: Cannot find module 'lucide-react' or its corresponding type declarations.
src/icons/ArrowDownNarrowWide.tsx(1,66): error TS2307: Cannot find module 'lucide-react' or its corresponding type declarations.
src/icons/ArrowDownRight.tsx(1,61): error TS2307: Cannot find module 'lucide-react' or its corresponding type declarations.
src/icons/ArrowDownToDot.tsx(1,61): errosrc/icons/ArrowDownToLine.tsx(1,62): error TS2307: Cannot find module 'lucide-react'src/icons/ArrowDownToLine.tsx(1,62): error TS2307: Cannot find module 'lucide-react' or its corresponding type declarations.
src/icons/ArrowDownUp.tsx(1,58): error TS2307: Cannot find module 'lucide-react' or its corresponding type declarations.
src/icons/ArrowDownWideNarrow.tsx(1,66): error TS2307: Cannot find module 'lucide-react' or its corresponding type declarations.
src/icons/ArrowDownZA.tsx(1,58): error TS2307: Cannot find module 'lucide-react' or its corresponding type declarations.
src/icons/ArrowLeft.tsx(1,56): error TS2307: Cannot find module 'lucide-react' or its corresponding type declarations.
src/icons/ArrowLeftFromLine.tsx(1,64): error TS2307: Cannot find module 'lucide-react' or its corresponding type declarations.
src/icons/ArrowLeftRight.tsx(1,61): errosrc/icons/ArrowLeftToLine.tsx(1,62): error TS2307: Cannot find module 'lucide-react'src/icons/ArrowLeftToLine.tsx(1,62): error TS2307: Cannot find module 'lucide-react' or its corresponding type declarations.
src/icons/ArrowRight.tsx(1,57): error TS2307: Cannot find module 'lucide-react' or its corresponding type declarations.
src/icons/ArrowRightFromLine.tsx(1,65): error TS2307: Cannot find module 'lucide-react' or its corresponding type declarations.
src/icons/ArrowRightLeft.tsx(1,61): error TS2307: Cannot find module 'lucide-react' or its corresponding type declarations.
src/icons/ArrowRightToLine.tsx(1,63): errosrc/icons/ArrowsUpFromLine.tsx(1,63): error TS2307: Cannot find module 'lucide-reactsrc/icons/ArrowsUpFromLine.tsx(1,63): error TS2307: Cannot find module 'lucide-react' or its corresponding type declarations.
src/icons/ArrowUp.tsx(1,54): error TS2307: Cannot find module 'lucide-react' or its corresponding type declarations.
src/icons/ArrowUp01.tsx(1,56): error TS2307: Cannot find module 'lucide-react' or its corresponding type declarations.
src/icons/ArrowUp10.tsx(1,56): error TS2307: Cannot find module 'lucide-react' or its corresponding type declarations.
src/icons/ArrowUpAZ.tsx(1,56): error TS2307: Cannot find module 'lucide-react' or its corresponding type declarations.
src/icons/ArrowUpDown.tsx(1,58): errosrc/icons/ArrowUpFromDot.tsx(1,61): error TS2307: Cannot find module 'lucide-react' src/icons/ArrowUpFromDot.tsx(1,61): error TS2307: Cannot find module 'lucide-react' or its corresponding type declarations.
src/icons/ArrowUpFromLine.tsx(1,62): error TS2307: Cannot find module 'lucide-react' or its corresponding type declarations.
src/icons/ArrowUpLeft.tsx(1,58): error TS2307: Cannot find module 'lucide-react' or its corresponding type declarations.
src/icons/ArrowUpNarrowWide.tsx(1,64): error TS2307: Cannot find module 'lucide-react' or its corresponding type declarations.
src/icons/ArrowUpRight.tsx(1,59): errosrc/icons/ArrowUpToLine.tsx(1,60): error TS2307: Cannot find module 'lucide-react' osrc/icons/ArrowUpToLine.tsx(1,60): error TS2307: Cannot find module 'lucide-react' or its corresponding type declarations.
src/icons/ArrowUpWideNarrow.tsx(1,64): error TS2307: Cannot find module 'lucide-react' or its corresponding type declarations.
src/icons/ArrowUpZA.tsx(1,56): error TS2307: Cannot find module 'lucide-react' or its corresponding type declarations.
src/icons/Asterisk.tsx(1,55): error TS2307: Cannot find module 'lucide-react' or its corresponding type declarations.
src/icons/Atom.tsx(1,51): error TS2307: Cannot find module 'lucide-react' or its corresponding type declarations.
src/icons/AtSign.tsx(1,53): errosrc/icons/AudioLines.tsx(1,57): error TS2307: Cannot find module 'lucide-react' or isrc/icons/AudioLines.tsx(1,57): error TS2307: Cannot find module 'lucide-react' or its corresponding type declarations.
src/icons/AudioWaveform.tsx(1,60): error TS2307: Cannot find module 'lucide-react' or its corresponding type declarations.
src/icons/Award.tsx(1,52): errosrc/icons/Axe.tsx(1,50): error TS2307: Cannot find module 'lucide-react' or its corrsrc/icons/Axe.tsx(1,50): error TS2307: Cannot find module 'lucide-react' or its corresponding type declarations.
src/icons/Axis3d.tsx(1,53): errosrc/icons/Baby.tsx(1,51): error TS2307: Cannot find module 'lucide-react' or its corsrc/icons/Baby.tsx(1,51): error TS2307: Cannot find module 'lucide-react' or its corresponding type declarations.
src/icons/Backpack.tsx(1,55): error TS2307: Cannot find module 'lucide-react' or its corresponding type declarations.
src/icons/Badge.tsx(1,52): error TS2307: Cannot find module 'lucide-react' or its corresponding type declarations.
src/icons/BadgeAlert.tsx(1,57): error TS2307: Cannot find module 'lucide-react' or its corresponding type declarations.
src/icons/BadgeCent.tsx(1,56): error TS2307: Cannot find module 'lucide-react' or its corresponding type declarations.
src/icons/BadgeCheck.tsx(1,57): error TS2307: Cannot find module 'lucide-react' or its corresponding type declarations.
src/icons/BadgeDollarSign.tsx(1,62): errosrc/icons/BadgeEuro.tsx(1,56): error TS2307: Cannot find module 'lucide-react' or itsrc/icons/BadgeEuro.tsx(1,56): error TS2307: Cannot find module 'lucide-react' or its corresponding type declarations.
src/icons/BadgeIndianRupee.tsx(1,63): error TS2307: Cannot find module 'lucide-react' or its corresponding type declarations.
src/icons/BadgeInfo.tsx(1,56): error TS2307: Cannot find module 'lucide-react' or its corresponding type declarations.
src/icons/BadgeJapaneseYen.tsx(1,63): error TS2307: Cannot find module 'lucide-react' or its corresponding type declarations.
src/icons/BadgeMinus.tsx(1,57): error TS2307: Cannot find module 'lucide-react' or its corresponding type declarations.
src/icons/BadgePercent.tsx(1,59): error TS2307: Cannot find module 'lucide-react' or its corresponding type declarations.
src/icons/BadgePlus.tsx(1,56): error TS2307: Cannot find module 'lucide-react' or its corresponding type declarations.
src/icons/BadgePoundSterling.tsx(1,65): error TS2307: Cannot find module 'lucide-react' or its corresponding type declarations.
src/icons/BadgeQuestionMark.tsx(1,64): error TS2307: Cannot find module 'lucide-react' or its corresponding type declarations.
src/icons/BadgeRussianRuble.tsx(1,64): errosrc/icons/BadgeSwissFranc.tsx(1,62): error TS2307: Cannot find module 'lucide-react'src/icons/BadgeSwissFranc.tsx(1,62): error TS2307: Cannot find module 'lucide-react' or its corresponding type declarations.
src/icons/BadgeX.tsx(1,53): error TS2307: Cannot find module 'lucide-react' or its corresponding type declarations.
src/icons/BaggageClaim.tsx(1,59): error TS2307: Cannot find module 'lucide-react' or its corresponding type declarations.
src/icons/Ban.tsx(1,50): error TS2307: Cannot find module 'lucide-react' or its corresponding type declarations.
src/icons/Banana.tsx(1,53): error TS2307: Cannot find module 'lucide-react' or its corresponding type declarations.
src/icons/Bandage.tsx(1,54): error TS2307: Cannot find module 'lucide-react' or its corresponding type declarations.
src/icons/Banknote.tsx(1,55): error TS2307: Cannot find module 'lucide-react' or its corresponding type declarations.
src/icons/BanknoteArrowDown.tsx(1,64): errosrc/icons/BanknoteArrowUp.tsx(1,62): error TS2307: Cannot find module 'lucide-react'src/icons/BanknoteArrowUp.tsx(1,62): error TS2307: Cannot find module 'lucide-react' or its corresponding type declarations.
src/icons/BanknoteX.tsx(1,56): errosrc/icons/Barcode.tsx(1,54): error TS2307: Cannot find module 'lucide-react' or its src/icons/Barcode.tsx(1,54): error TS2307: Cannot find module 'lucide-react' or its corresponding type declarations.
src/icons/Barrel.tsx(1,53): error TS2307: Cannot find module 'lucide-react' or its corresponding type declarations.
src/icons/Baseline.tsx(1,55): error TS2307: Cannot find module 'lucide-react' or its corresponding type declarations.
src/icons/Bath.tsx(1,51): error TS2307: Cannot find module 'lucide-react' or its corresponding type declarations.
src/icons/Battery.tsx(1,54): error TS2307: Cannot find module 'lucide-react' or its corresponding type declarations.
src/icons/BatteryCharging.tsx(1,62): error TS2307: Cannot find module 'lucide-react' or its corresponding type declarations.
src/icons/BatteryFull.tsx(1,58): errosrc/icons/BatteryLow.tsx(1,57): error TS2307: Cannot find module 'lucide-react' or isrc/icons/BatteryLow.tsx(1,57): error TS2307: Cannot find module 'lucide-react' or its corresponding type declarations.
src/icons/BatteryMedium.tsx(1,60): error TS2307: Cannot find module 'lucide-react' or its corresponding type declarations.
src/icons/BatteryPlus.tsx(1,58): error TS2307: Cannot find module 'lucide-react' or its corresponding type declarations.
src/icons/BatteryWarning.tsx(1,61): errosrc/icons/Beaker.tsx(1,53): error TS2307: Cannot find module 'lucide-react' or its csrc/icons/Beaker.tsx(1,53): error TS2307: Cannot find module 'lucide-react' or its corresponding type declarations.
src/icons/Bean.tsx(1,51): error TS2307: Cannot find module 'lucide-react' or its corresponding type declarations.
src/icons/BeanOff.tsx(1,54): error TS2307: Cannot find module 'lucide-react' or its corresponding type declarations.
src/icons/Bed.tsx(1,50): error TS2307: Cannot find module 'lucide-react' or its corresponding type declarations.
src/icons/BedDouble.tsx(1,56): error TS2307: Cannot find module 'lucide-react' or its corresponding type declarations.
src/icons/BedSingle.tsx(1,56): error TS2307: Cannot find module 'lucide-react' or its corresponding type declarations.
src/icons/Beef.tsx(1,51): error TS2307: Cannot find module 'lucide-react' or its corresponding type declarations.
src/icons/Beer.tsx(1,51): errosrc/icons/BeerOff.tsx(1,54): error TS2307: Cannot find module 'lucide-react' or its src/icons/BeerOff.tsx(1,54): error TS2307: Cannot find module 'lucide-react' or its corresponding type declarations.
src/icons/Bell.tsx(1,51): errosrc/icons/BellDot.tsx(1,54): error TS2307: Cannot find module 'lucide-react' or its src/icons/BellDot.tsx(1,54): error TS2307: Cannot find module 'lucide-react' or its corresponding type declarations.
src/icons/BellElectric.tsx(1,59): error TS2307: Cannot find module 'lucide-react' or its corresponding type declarations.
src/icons/BellMinus.tsx(1,56): error TS2307: Cannot find module 'lucide-react' or its corresponding type declarations.
src/icons/BellOff.tsx(1,54): error TS2307: Cannot find module 'lucide-react' or its corresponding type declarations.
src/icons/BellPlus.tsx(1,55): error TS2307: Cannot find module 'lucide-react' or its corresponding type declarations.
src/icons/BellRing.tsx(1,55): errosrc/icons/BetweenHorizontalEnd.tsx(1,67): error TS2307: Cannot find module 'lucide-rsrc/icons/BetweenHorizontalEnd.tsx(1,67): error TS2307: Cannot find module 'lucide-react' or its corresponding type declarations.
src/icons/BetweenHorizontalStart.tsx(1,69): error TS2307: Cannot find module 'lucide-react' or its corresponding type declarations.
src/icons/BetweenVerticalEnd.tsx(1,65): error TS2307: Cannot find module 'lucide-react' or its corresponding type declarations.
src/icons/BetweenVerticalStart.tsx(1,67): error TS2307: Cannot find module 'lucide-react' or its corresponding type declarations.
src/icons/BicepsFlexed.tsx(1,59): error TS2307: Cannot find module 'lucide-react' or its corresponding type declarations.
src/icons/Bike.tsx(1,51): error TS2307: Cannot find module 'lucide-react' or its corresponding type declarations.
src/icons/Binary.tsx(1,53): error TS2307: Cannot find module 'lucide-react' or its corresponding type declarations.
src/icons/Binoculars.tsx(1,57): errosrc/icons/Biohazard.tsx(1,56): error TS2307: Cannot find module 'lucide-react' or itsrc/icons/Biohazard.tsx(1,56): error TS2307: Cannot find module 'lucide-react' or its corresponding type declarations.
src/icons/Bird.tsx(1,51): error TS2307: Cannot find module 'lucide-react' or its corresponding type declarations.
src/icons/Bitcoin.tsx(1,54): error TS2307: Cannot find module 'lucide-react' or its corresponding type declarations.
src/icons/Blend.tsx(1,52): error TS2307: Cannot find module 'lucide-react' or its corresponding type declarations.
src/icons/Blinds.tsx(1,53): errosrc/icons/Blocks.tsx(1,53): error TS2307: Cannot find module 'lucide-react' or its csrc/icons/Blocks.tsx(1,53): error TS2307: Cannot find module 'lucide-react' or its corresponding type declarations.
src/icons/Bluetooth.tsx(1,56): error TS2307: Cannot find module 'lucide-react' or its corresponding type declarations.
src/icons/BluetoothConnected.tsx(1,65): error TS2307: Cannot find module 'lucide-react' or its corresponding type declarations.
src/icons/BluetoothOff.tsx(1,59): error TS2307: Cannot find module 'lucide-react' or its corresponding type declarations.
src/icons/BluetoothSearching.tsx(1,65): error TS2307: Cannot find module 'lucide-react' or its corresponding type declarations.
src/icons/Bold.tsx(1,51): error TS2307: Cannot find module 'lucide-react' or its corresponding type declarations.
src/icons/Bolt.tsx(1,51): errosrc/icons/Bomb.tsx(1,51): error TS2307: Cannot find module 'lucide-react' or its corsrc/icons/Bomb.tsx(1,51): error TS2307: Cannot find module 'lucide-react' or its corresponding type declarations.
src/icons/Bone.tsx(1,51): error TS2307: Cannot find module 'lucide-react' or its corresponding type declarations.
src/icons/Book.tsx(1,51): error TS2307: Cannot find module 'lucide-react' or its corresponding type declarations.
src/icons/BookA.tsx(1,52): error TS2307: Cannot find module 'lucide-react' or its corresponding type declarations.
src/icons/BookAlert.tsx(1,56): errosrc/icons/BookAudio.tsx(1,56): error TS2307: Cannot find module 'lucide-react' or itsrc/icons/BookAudio.tsx(1,56): error TS2307: Cannot find module 'lucide-react' or its corresponding type declarations.
src/icons/BookCheck.tsx(1,56): error TS2307: Cannot find module 'lucide-react' or its corresponding type declarations.
src/icons/BookCopy.tsx(1,55): error TS2307: Cannot find module 'lucide-react' or its corresponding type declarations.
src/icons/BookDashed.tsx(1,57): errosrc/icons/BookDown.tsx(1,55): error TS2307: Cannot find module 'lucide-react' or itssrc/icons/BookDown.tsx(1,55): error TS2307: Cannot find module 'lucide-react' or its corresponding type declarations.
src/icons/BookHeadphones.tsx(1,61): error TS2307: Cannot find module 'lucide-react' or its corresponding type declarations.
src/icons/BookHeart.tsx(1,56): error TS2307: Cannot find module 'lucide-react' or its corresponding type declarations.
src/icons/BookImage.tsx(1,56): error TS2307: Cannot find module 'lucide-react' or its corresponding type declarations.
src/icons/BookKey.tsx(1,54): error TS2307: Cannot find module 'lucide-react' or its corresponding type declarations.
src/icons/BookLock.tsx(1,55): errosrc/icons/Bookmark.tsx(1,55): error TS2307: Cannot find module 'lucide-react' or itssrc/icons/Bookmark.tsx(1,55): error TS2307: Cannot find module 'lucide-react' or its corresponding type declarations.
src/icons/BookmarkCheck.tsx(1,60): error TS2307: Cannot find module 'lucide-react' or its corresponding type declarations.
src/icons/BookMarked.tsx(1,57): error TS2307: Cannot find module 'lucide-react' or its corresponding type declarations.
src/icons/BookmarkMinus.tsx(1,60): error TS2307: Cannot find module 'lucide-react' or its corresponding type declarations.
src/icons/BookmarkPlus.tsx(1,59): error TS2307: Cannot find module 'lucide-react' or its corresponding type declarations.
src/icons/BookmarkX.tsx(1,56): error TS2307: Cannot find module 'lucide-react' or its corresponding type declarations.
src/icons/BookMinus.tsx(1,56): errosrc/icons/BookOpen.tsx(1,55): error TS2307: Cannot find module 'lucide-react' or itssrc/icons/BookOpen.tsx(1,55): error TS2307: Cannot find module 'lucide-react' or its corresponding type declarations.
src/icons/BookOpenCheck.tsx(1,60): error TS2307: Cannot find module 'lucide-react' or its corresponding type declarations.
src/icons/BookOpenText.tsx(1,59): errosrc/icons/BookPlus.tsx(1,55): error TS2307: Cannot find module 'lucide-react' or itssrc/icons/BookPlus.tsx(1,55): error TS2307: Cannot find module 'lucide-react' or its corresponding type declarations.
src/icons/BookText.tsx(1,55): error TS2307: Cannot find module 'lucide-react' or its corresponding type declarations.
src/icons/BookType.tsx(1,55): error TS2307: Cannot find module 'lucide-react' or its corresponding type declarations.
src/icons/BookUp.tsx(1,53): error TS2307: Cannot find module 'lucide-react' or its corresponding type declarations.
src/icons/BookUp2.tsx(1,54): error TS2307: Cannot find module 'lucide-react' or its corresponding type declarations.
src/icons/BookUser.tsx(1,55): errosrc/icons/BookX.tsx(1,52): error TS2307: Cannot find module 'lucide-react' or its cosrc/icons/BookX.tsx(1,52): error TS2307: Cannot find module 'lucide-react' or its corresponding type declarations.
src/icons/BoomBox.tsx(1,54): error TS2307: Cannot find module 'lucide-react' or its corresponding type declarations.
src/icons/Bot.tsx(1,50): error TS2307: Cannot find module 'lucide-react' or its corresponding type declarations.
src/icons/BotMessageSquare.tsx(1,63): error TS2307: Cannot find module 'lucide-react' or its corresponding type declarations.
src/icons/BotOff.tsx(1,53): error TS2307: Cannot find module 'lucide-react' or its corresponding type declarations.
src/icons/BottleWine.tsx(1,57): errosrc/icons/BowArrow.tsx(1,55): error TS2307: Cannot find module 'lucide-react' or itssrc/icons/BowArrow.tsx(1,55): error TS2307: Cannot find module 'lucide-react' or its corresponding type declarations.
src/icons/Box.tsx(1,50): error TS2307: Cannot find module 'lucide-react' or its corresponding type declarations.
src/icons/Boxes.tsx(1,52): error TS2307: Cannot find module 'lucide-react' or its corresponding type declarations.
src/icons/Braces.tsx(1,53): error TS2307: Cannot find module 'lucide-react' or its corresponding type declarations.
src/icons/Brackets.tsx(1,55): errosrc/icons/Brain.tsx(1,52): error TS2307: Cannot find module 'lucide-react' or its cosrc/icons/Brain.tsx(1,52): error TS2307: Cannot find module 'lucide-react' or its corresponding type declarations.
src/icons/BrainCircuit.tsx(1,59): errosrc/icons/BrainCog.tsx(1,55): error TS2307: Cannot find module 'lucide-react' or itssrc/icons/BrainCog.tsx(1,55): error TS2307: Cannot find module 'lucide-react' or its corresponding type declarations.
src/icons/BrickWall.tsx(1,56): error TS2307: Cannot find module 'lucide-react' or its corresponding type declarations.
src/icons/BrickWallFire.tsx(1,60): errosrc/icons/Briefcase.tsx(1,56): error TS2307: Cannot find module 'lucide-react' or itsrc/icons/Briefcase.tsx(1,56): error TS2307: Cannot find module 'lucide-react' or its corresponding type declarations.
src/icons/BriefcaseBusiness.tsx(1,64): error TS2307: Cannot find module 'lucide-react' or its corresponding type declarations.
src/icons/BriefcaseConveyorBelt.tsx(1,68): error TS2307: Cannot find module 'lucide-react' or its corresponding type declarations.
src/icons/BriefcaseMedical.tsx(1,63): error TS2307: Cannot find module 'lucide-react' or its corresponding type declarations.
src/icons/BringToFront.tsx(1,59): error TS2307: Cannot find module 'lucide-react' or its corresponding type declarations.
src/icons/Brush.tsx(1,52): error TS2307: Cannot find module 'lucide-react' or its corresponding type declarations.
src/icons/BrushCleaning.tsx(1,60): error TS2307: Cannot find module 'lucide-react' or its corresponding type declarations.
src/icons/Bubbles.tsx(1,54): error TS2307: Cannot find module 'lucide-react' or its corresponding type declarations.
src/icons/Bug.tsx(1,50): error TS2307: Cannot find module 'lucide-react' or its corresponding type declarations.
src/icons/BugOff.tsx(1,53): error TS2307: Cannot find module 'lucide-react' or its corresponding type declarations.
src/icons/BugPlay.tsx(1,54): error TS2307: Cannot find module 'lucide-react' or its corresponding type declarations.
src/icons/Building.tsx(1,55): error TS2307: Cannot find module 'lucide-react' or its corresponding type declarations.
src/icons/Building2.tsx(1,56): error TS2307: Cannot find module 'lucide-react' or its corresponding type declarations.
src/icons/Bus.tsx(1,50): error TS2307: Cannot find module 'lucide-react' or its corresponding type declarations.
src/icons/BusFront.tsx(1,55): error TS2307: Cannot find module 'lucide-react' or its corresponding type declarations.
src/icons/Cable.tsx(1,52): error TS2307: Cannot find module 'lucide-react' or its corresponding type declarations.
src/icons/CableCar.tsx(1,55): error TS2307: Cannot find module 'lucide-react' or its corresponding type declarations.
src/icons/Cake.tsx(1,51): error TS2307: Cannot find module 'lucide-react' or its corresponding type declarations.
src/icons/CakeSlice.tsx(1,56): error TS2307: Cannot find module 'lucide-react' or its corresponding type declarations.
src/icons/Calculator.tsx(1,57): error TS2307: Cannot find module 'lucide-react' or its corresponding type declarations.
src/icons/Calendar.tsx(1,55): errosrc/icons/Calendar1.tsx(1,56): error TS2307: Cannot find module 'lucide-react' or itsrc/icons/Calendar1.tsx(1,56): error TS2307: Cannot find module 'lucide-react' or its corresponding type declarations.
src/icons/CalendarArrowDown.tsx(1,64): error TS2307: Cannot find module 'lucide-react' or its corresponding type declarations.
src/icons/CalendarArrowUp.tsx(1,62): errosrc/icons/CalendarCheck.tsx(1,60): error TS2307: Cannot find module 'lucide-react' osrc/icons/CalendarCheck.tsx(1,60): error TS2307: Cannot find module 'lucide-react' or its corresponding type declarations.
src/icons/CalendarCheck2.tsx(1,61): error TS2307: Cannot find module 'lucide-react' or its corresponding type declarations.
src/icons/CalendarClock.tsx(1,60): error TS2307: Cannot find module 'lucide-react' or its corresponding type declarations.
src/icons/CalendarCog.tsx(1,58): error TS2307: Cannot find module 'lucide-react' or its corresponding type declarations.
src/icons/CalendarDays.tsx(1,59): error TS2307: Cannot find module 'lucide-react' or its corresponding type declarations.
src/icons/CalendarFold.tsx(1,59): errosrc/icons/CalendarHeart.tsx(1,60): error TS2307: Cannot find module 'lucide-react' osrc/icons/CalendarHeart.tsx(1,60): error TS2307: Cannot find module 'lucide-react' or its corresponding type declarations.
src/icons/CalendarMinus.tsx(1,60): error TS2307: Cannot find module 'lucide-react' or its corresponding type declarations.
src/icons/CalendarMinus2.tsx(1,61): error TS2307: Cannot find module 'lucide-react' or its corresponding type declarations.
src/icons/CalendarOff.tsx(1,58): error TS2307: Cannot find module 'lucide-react' or its corresponding type declarations.
src/icons/CalendarPlus.tsx(1,59): error TS2307: Cannot find module 'lucide-react' or its corresponding type declarations.
src/icons/CalendarPlus2.tsx(1,60): errosrc/icons/CalendarRange.tsx(1,60): error TS2307: Cannot find module 'lucide-react' osrc/icons/CalendarRange.tsx(1,60): error TS2307: Cannot find module 'lucide-react' or its corresponding type declarations.
src/icons/CalendarSearch.tsx(1,61): error TS2307: Cannot find module 'lucide-react' or its corresponding type declarations.
src/icons/CalendarSync.tsx(1,59): error TS2307: Cannot find module 'lucide-react' or its corresponding type declarations.
src/icons/CalendarX.tsx(1,56): error TS2307: Cannot find module 'lucide-react' or its corresponding type declarations.
src/icons/CalendarX2.tsx(1,57): error TS2307: Cannot find module 'lucide-react' or its corresponding type declarations.
src/icons/Camera.tsx(1,53): error TS2307: Cannot find module 'lucide-react' or its corresponding type declarations.
src/icons/CameraOff.tsx(1,56): error TS2307: Cannot find module 'lucide-react' or its corresponding type declarations.
src/icons/Candy.tsx(1,52): error TS2307: Cannot find module 'lucide-react' or its corresponding type declarations.
src/icons/CandyCane.tsx(1,56): error TS2307: Cannot find module 'lucide-react' or its corresponding type declarations.
src/icons/CandyOff.tsx(1,55): error TS2307: Cannot find module 'lucide-react' or its corresponding type declarations.
src/icons/Cannabis.tsx(1,55): error TS2307: Cannot find module 'lucide-react' or its corresponding type declarations.
src/icons/Captions.tsx(1,55): error TS2307: Cannot find module 'lucide-react' or its corresponding type declarations.
src/icons/CaptionsOff.tsx(1,58): error TS2307: Cannot find module 'lucide-react' or its corresponding type declarations.
src/icons/Car.tsx(1,50): errosrc/icons/Caravan.tsx(1,54): error TS2307: Cannot find module 'lucide-react' or its src/icons/Caravan.tsx(1,54): error TS2307: Cannot find module 'lucide-react' or its corresponding type declarations.
src/icons/CardSim.tsx(1,54): error TS2307: Cannot find module 'lucide-react' or its corresponding type declarations.
src/icons/CarFront.tsx(1,55): error TS2307: Cannot find module 'lucide-react' or its corresponding type declarations.
src/icons/Carrot.tsx(1,53): error TS2307: Cannot find module 'lucide-react' or its corresponding type declarations.
src/icons/CarTaxiFront.tsx(1,59): error TS2307: Cannot find module 'lucide-react' or its corresponding type declarations.
src/icons/CaseLower.tsx(1,56): error TS2307: Cannot find module 'lucide-react' or its corresponding type declarations.
src/icons/CaseSensitive.tsx(1,60): error TS2307: Cannot find module 'lucide-react' or its corresponding type declarations.
src/icons/CaseUpper.tsx(1,56): error TS2307: Cannot find module 'lucide-react' or its corresponding type declarations.
src/icons/CassetteTape.tsx(1,59): error TS2307: Cannot find module 'lucide-react' or its corresponding type declarations.
src/icons/Cast.tsx(1,51): error TS2307: Cannot find module 'lucide-react' or its corresponding type declarations.
src/icons/Castle.tsx(1,53): error TS2307: Cannot find module 'lucide-react' or its corresponding type declarations.
src/icons/Cat.tsx(1,50): error TS2307: Cannot find module 'lucide-react' or its corresponding type declarations.
src/icons/Cctv.tsx(1,51): error TS2307: Cannot find module 'lucide-react' or its corresponding type declarations.
src/icons/ChartArea.tsx(1,56): error TS2307: Cannot find module 'lucide-react' or its corresponding type declarations.
src/icons/ChartBar.tsx(1,55): error TS2307: Cannot find module 'lucide-react' or its corresponding type declarations.
src/icons/ChartBarBig.tsx(1,58): error TS2307: Cannot find module 'lucide-react' or its corresponding type declarations.
src/icons/ChartBarDecreasing.tsx(1,65): error TS2307: Cannot find module 'lucide-react' or its corresponding type declarations.
src/icons/ChartBarIncreasing.tsx(1,65): error TS2307: Cannot find module 'lucide-react' or its corresponding type declarations.
src/icons/ChartBarStacked.tsx(1,62): error TS2307: Cannot find module 'lucide-react' or its corresponding type declarations.
src/icons/ChartCandlestick.tsx(1,63): error TS2307: Cannot find module 'lucide-react' or its corresponding type declarations.
src/icons/ChartColumn.tsx(1,58): error TS2307: Cannot find module 'lucide-react' or its corresponding type declarations.
src/icons/ChartColumnBig.tsx(1,61): error TS2307: Cannot find module 'lucide-react' or its corresponding type declarations.
src/icons/ChartColumnDecreasing.tsx(1,68): error TS2307: Cannot find module 'lucide-react' or its corresponding type declarations.
src/icons/ChartColumnIncreasing.tsx(1,68): error TS2307: Cannot find module 'lucide-react' or its corresponding type declarations.
src/icons/ChartColumnStacked.tsx(1,65): error TS2307: Cannot find module 'lucide-react' or its corresponding type declarations.
src/icons/ChartGantt.tsx(1,57): errosrc/icons/ChartLine.tsx(1,56): error TS2307: Cannot find module 'lucide-react' or itsrc/icons/ChartLine.tsx(1,56): error TS2307: Cannot find module 'lucide-react' or its corresponding type declarations.
src/icons/ChartNetwork.tsx(1,59): errosrc/icons/ChartNoAxesColumn.tsx(1,64): error TS2307: Cannot find module 'lucide-reacsrc/icons/ChartNoAxesColumn.tsx(1,64): errosrc/icons/ChartNoAxesColumnDecreasing.tsx(1,74): error TS2307: Cannot find module 'lsrc/icons/ChartNoAxesColumnDecreasing.tsx(1,74): error TS2307: Cannot find module 'lucide-react' or its corresponding type declarations.
src/icons/ChartNoAxesColumnIncreasing.tsx(1,74): error TS2307: Cannot find module 'lucide-react' or its corresponding type declarations.
src/icons/ChartNoAxesCombined.tsx(1,66): errosrc/icons/ChartNoAxesGantt.tsx(1,63): error TS2307: Cannot find module 'lucide-reactsrc/icons/ChartNoAxesGantt.tsx(1,63): error TS2307: Cannot find module 'lucide-react' or its corresponding type declarations.
src/icons/ChartPie.tsx(1,55): error TS2307: Cannot find module 'lucide-react' or its corresponding type declarations.
src/icons/ChartScatter.tsx(1,59): errosrc/icons/ChartSpline.tsx(1,58): error TS2307: Cannot find module 'lucide-react' or src/icons/ChartSpline.tsx(1,58): error TS2307: Cannot find module 'lucide-react' or its corresponding type declarations.
src/icons/Check.tsx(1,52): error TS2307: Cannot find module 'lucide-react' or its corresponding type declarations.
src/icons/CheckCheck.tsx(1,57): errosrc/icons/CheckLine.tsx(1,56): error TS2307: Cannot find module 'lucide-react' or itsrc/icons/CheckLine.tsx(1,56): error TS2307: Cannot find module 'lucide-react' or its corresponding type declarations.
src/icons/ChefHat.tsx(1,54): error TS2307: Cannot find module 'lucide-react' or its corresponding type declarations.
src/icons/Cherry.tsx(1,53): error TS2307: Cannot find module 'lucide-react' or its corresponding type declarations.
src/icons/ChevronDown.tsx(1,58): errosrc/icons/ChevronFirst.tsx(1,59): error TS2307: Cannot find module 'lucide-react' orsrc/icons/ChevronFirst.tsx(1,59): error TS2307: Cannot find module 'lucide-react' or its corresponding type declarations.
src/icons/ChevronLast.tsx(1,58): errosrc/icons/ChevronLeft.tsx(1,58): error TS2307: Cannot find module 'lucide-react' or src/icons/ChevronLeft.tsx(1,58): error TS2307: Cannot find module 'lucide-react' or its corresponding type declarations.
src/icons/ChevronRight.tsx(1,59): error TS2307: Cannot find module 'lucide-react' or its corresponding type declarations.
src/icons/ChevronsDown.tsx(1,59): errosrc/icons/ChevronsDownUp.tsx(1,61): error TS2307: Cannot find module 'lucide-react' src/icons/ChevronsDownUp.tsx(1,61): error TS2307: Cannot find module 'lucide-react' or its corresponding type declarations.
src/icons/ChevronsLeft.tsx(1,59): error TS2307: Cannot find module 'lucide-react' or its corresponding type declarations.
src/icons/ChevronsLeftRight.tsx(1,64): error TS2307: Cannot find module 'lucide-react' or its corresponding type declarations.
src/icons/ChevronsLeftRightEllipsis.tsx(1,72): error TS2307: Cannot find module 'lucide-react' or its corresponding type declarations.
src/icons/ChevronsRight.tsx(1,60): error TS2307: Cannot find module 'lucide-react' or its corresponding type declarations.
src/icons/ChevronsRightLeft.tsx(1,64): error TS2307: Cannot find module 'lucide-react' or its corresponding type declarations.
src/icons/ChevronsUp.tsx(1,57): error TS2307: Cannot find module 'lucide-react' or its corresponding type declarations.
src/icons/ChevronsUpDown.tsx(1,61): error TS2307: Cannot find module 'lucide-react' or its corresponding type declarations.
src/icons/ChevronUp.tsx(1,56): error TS2307: Cannot find module 'lucide-react' or its corresponding type declarations.
src/icons/Chrome.tsx(1,53): error TS2307: Cannot find module 'lucide-react' or its corresponding type declarations.
src/icons/Church.tsx(1,53): error TS2307: Cannot find module 'lucide-react' or its corresponding type declarations.
src/icons/Cigarette.tsx(1,56): error TS2307: Cannot find module 'lucide-react' or its corresponding type declarations.
src/icons/CigaretteOff.tsx(1,59): error TS2307: Cannot find module 'lucide-react' or its corresponding type declarations.
src/icons/Circle.tsx(1,53): error TS2307: Cannot find module 'lucide-react' or its corresponding type declarations.
src/icons/CircleAlert.tsx(1,58): error TS2307: Cannot find module 'lucide-react' or its corresponding type declarations.
src/icons/CircleArrowDown.tsx(1,62): error TS2307: Cannot find module 'lucide-react' or its corresponding type declarations.
src/icons/CircleArrowLeft.tsx(1,62): error TS2307: Cannot find module 'lucide-react' or its corresponding type declarations.
src/icons/CircleArrowOutDownLeft.tsx(1,69): error TS2307: Cannot find module 'lucide-react' or its corresponding type declarations.
src/icons/CircleArrowOutDownRight.tsx(1,70): error TS2307: Cannot find module 'lucide-react' or its corresponding type declarations.
src/icons/CircleArrowOutUpLeft.tsx(1,67): error TS2307: Cannot find module 'lucide-react' or its corresponding type declarations.
src/icons/CircleArrowOutUpRight.tsx(1,68): error TS2307: Cannot find module 'lucide-react' or its corresponding type declarations.
src/icons/CircleArrowRight.tsx(1,63): error TS2307: Cannot find module 'lucide-react' or its corresponding type declarations.
src/icons/CircleArrowUp.tsx(1,60): error TS2307: Cannot find module 'lucide-react' or its corresponding type declarations.
src/icons/CircleCheck.tsx(1,58): error TS2307: Cannot find module 'lucide-react' or its corresponding type declarations.
src/icons/CircleCheckBig.tsx(1,61): error TS2307: Cannot find module 'lucide-react' or its corresponding type declarations.
src/icons/CircleChevronDown.tsx(1,64): error TS2307: Cannot find module 'lucide-react' or its corresponding type declarations.
src/icons/CircleChevronLeft.tsx(1,64): error TS2307: Cannot find module 'lucide-react' or its corresponding type declarations.
src/icons/CircleChevronRight.tsx(1,65): error TS2307: Cannot find module 'lucide-react' or its corresponding type declarations.
src/icons/CircleChevronUp.tsx(1,62): error TS2307: Cannot find module 'lucide-react' or its corresponding type declarations.
src/icons/CircleDashed.tsx(1,59): errosrc/icons/CircleDivide.tsx(1,59): error TS2307: Cannot find module 'lucide-react' orsrc/icons/CircleDivide.tsx(1,59): error TS2307: Cannot find module 'lucide-react' or its corresponding type declarations.
src/icons/CircleDollarSign.tsx(1,63): error TS2307: Cannot find module 'lucide-react' or its corresponding type declarations.
src/icons/CircleDot.tsx(1,56): error TS2307: Cannot find module 'lucide-react' or its corresponding type declarations.
src/icons/CircleDotDashed.tsx(1,62): errosrc/icons/CircleEllipsis.tsx(1,61): error TS2307: Cannot find module 'lucide-react' src/icons/CircleEllipsis.tsx(1,61): error TS2307: Cannot find module 'lucide-react' or its corresponding type declarations.
src/icons/CircleEqual.tsx(1,58): error TS2307: Cannot find module 'lucide-react' or its corresponding type declarations.
src/icons/CircleFadingArrowUp.tsx(1,66): error TS2307: Cannot find module 'lucide-react' or its corresponding type declarations.
src/icons/CircleFadingPlus.tsx(1,63): error TS2307: Cannot find module 'lucide-react' or its corresponding type declarations.
src/icons/CircleGauge.tsx(1,58): error TS2307: Cannot find module 'lucide-react' or its corresponding type declarations.
src/icons/CircleMinus.tsx(1,58): error TS2307: Cannot find module 'lucide-react' or its corresponding type declarations.
src/icons/CircleOff.tsx(1,56): error TS2307: Cannot find module 'lucide-react' or its corresponding type declarations.
src/icons/CircleParking.tsx(1,60): error TS2307: Cannot find module 'lucide-react' or its corresponding type declarations.
src/icons/CircleParkingOff.tsx(1,63): error TS2307: Cannot find module 'lucide-react' or its corresponding type declarations.
src/icons/CirclePause.tsx(1,58): errosrc/icons/CirclePercent.tsx(1,60): error TS2307: Cannot find module 'lucide-react' osrc/icons/CirclePercent.tsx(1,60): error TS2307: Cannot find module 'lucide-react' or its corresponding type declarations.
src/icons/CirclePlay.tsx(1,57): error TS2307: Cannot find module 'lucide-react' or its corresponding type declarations.
src/icons/CirclePlus.tsx(1,57): error TS2307: Cannot find module 'lucide-react' or its corresponding type declarations.
src/icons/CirclePoundSterling.tsx(1,66): error TS2307: Cannot find module 'lucide-react' or its corresponding type declarations.
src/icons/CirclePower.tsx(1,58): error TS2307: Cannot find module 'lucide-react' or its corresponding type declarations.
src/icons/CircleQuestionMark.tsx(1,65): error TS2307: Cannot find module 'lucide-react' or its corresponding type declarations.
src/icons/CircleSlash.tsx(1,58): error TS2307: Cannot find module 'lucide-react' or its corresponding type declarations.
src/icons/CircleSlash2.tsx(1,59): error TS2307: Cannot find module 'lucide-react' or its corresponding type declarations.
src/icons/CircleSmall.tsx(1,58): error TS2307: Cannot find module 'lucide-react' or its corresponding type declarations.
src/icons/CircleStop.tsx(1,57): error TS2307: Cannot find module 'lucide-react' or its corresponding type declarations.
src/icons/CircleUser.tsx(1,57): error TS2307: Cannot find module 'lucide-react' or its corresponding type declarations.
src/icons/CircleUserRound.tsx(1,62): error TS2307: Cannot find module 'lucide-react' or its corresponding type declarations.
src/icons/CircleX.tsx(1,54): error TS2307: Cannot find module 'lucide-react' or its corresponding type declarations.
src/icons/CircuitBoard.tsx(1,59): error TS2307: Cannot find module 'lucide-react' or its corresponding type declarations.
src/icons/Citrus.tsx(1,53): error TS2307: Cannot find module 'lucide-react' or its corresponding type declarations.
src/icons/Clapperboard.tsx(1,59): error TS2307: Cannot find module 'lucide-react' or its corresponding type declarations.
src/icons/Clipboard.tsx(1,56): error TS2307: Cannot find module 'lucide-react' or its corresponding type declarations.
src/icons/ClipboardCheck.tsx(1,61): error TS2307: Cannot find module 'lucide-react' or its corresponding type declarations.
src/icons/ClipboardCopy.tsx(1,60): error TS2307: Cannot find module 'lucide-react' or its corresponding type declarations.
src/icons/ClipboardList.tsx(1,60): error TS2307: Cannot find module 'lucide-react' or its corresponding type declarations.
src/icons/ClipboardMinus.tsx(1,61): error TS2307: Cannot find module 'lucide-react' or its corresponding type declarations.
src/icons/ClipboardPaste.tsx(1,61): errosrc/icons/ClipboardPen.tsx(1,59): error TS2307: Cannot find module 'lucide-react' orsrc/icons/ClipboardPen.tsx(1,59): error TS2307: Cannot find module 'lucide-react' or its corresponding type declarations.
src/icons/ClipboardPenLine.tsx(1,63): error TS2307: Cannot find module 'lucide-react' or its corresponding type declarations.
src/icons/ClipboardPlus.tsx(1,60): error TS2307: Cannot find module 'lucide-react' or its corresponding type declarations.
src/icons/ClipboardType.tsx(1,60): error TS2307: Cannot find module 'lucide-react' or its corresponding type declarations.
src/icons/ClipboardX.tsx(1,57): error TS2307: Cannot find module 'lucide-react' or its corresponding type declarations.
src/icons/Clock.tsx(1,52): error TS2307: Cannot find module 'lucide-react' or its corresponding type declarations.
src/icons/Clock1.tsx(1,53): errosrc/icons/Clock10.tsx(1,54): error TS2307: Cannot find module 'lucide-react' or its src/icons/Clock10.tsx(1,54): error TS2307: Cannot find module 'lucide-react' or its corresponding type declarations.
src/icons/Clock11.tsx(1,54): error TS2307: Cannot find module 'lucide-react' or its corresponding type declarations.
src/icons/Clock12.tsx(1,54): error TS2307: Cannot find module 'lucide-react' or its corresponding type declarations.
src/icons/Clock2.tsx(1,53): error TS2307: Cannot find module 'lucide-react' or its corresponding type declarations.
src/icons/Clock3.tsx(1,53): error TS2307: Cannot find module 'lucide-react' or its corresponding type declarations.
src/icons/Clock4.tsx(1,53): error TS2307: Cannot find module 'lucide-react' or its corresponding type declarations.
src/icons/Clock5.tsx(1,53): error TS2307: Cannot find module 'lucide-react' or its corresponding type declarations.
src/icons/Clock6.tsx(1,53): error TS2307: Cannot find module 'lucide-react' or its corresponding type declarations.
src/icons/Clock7.tsx(1,53): errosrc/icons/Clock8.tsx(1,53): error TS2307: Cannot find module 'lucide-react' or its csrc/icons/Clock8.tsx(1,53): error TS2307: Cannot find module 'lucide-react' or its corresponding type declarations.
src/icons/Clock9.tsx(1,53): error TS2307: Cannot find module 'lucide-react' or its corresponding type declarations.
src/icons/ClockAlert.tsx(1,57): error TS2307: Cannot find module 'lucide-react' or its corresponding type declarations.
src/icons/ClockArrowDown.tsx(1,61): errosrc/icons/ClockArrowUp.tsx(1,59): error TS2307: Cannot find module 'lucide-react' orsrc/icons/ClockArrowUp.tsx(1,59): error TS2307: Cannot find module 'lucide-react' or its corresponding type declarations.
src/icons/ClockFading.tsx(1,58): error TS2307: Cannot find module 'lucide-react' or its corresponding type declarations.
src/icons/ClockPlus.tsx(1,56): error TS2307: Cannot find module 'lucide-react' or its corresponding type declarations.
src/icons/Cloud.tsx(1,52): errosrc/icons/CloudAlert.tsx(1,57): error TS2307: Cannot find module 'lucide-react' or isrc/icons/CloudAlert.tsx(1,57): error TS2307: Cannot find module 'lucide-react' or its corresponding type declarations.
src/icons/CloudCheck.tsx(1,57): error TS2307: Cannot find module 'lucide-react' or its corresponding type declarations.
src/icons/CloudCog.tsx(1,55): errosrc/icons/CloudDownload.tsx(1,60): error TS2307: Cannot find module 'lucide-react' osrc/icons/CloudDownload.tsx(1,60): error TS2307: Cannot find module 'lucide-react' or its corresponding type declarations.
src/icons/CloudDrizzle.tsx(1,59): error TS2307: Cannot find module 'lucide-react' or its corresponding type declarations.
src/icons/CloudFog.tsx(1,55): errosrc/icons/CloudHail.tsx(1,56): error TS2307: Cannot find module 'lucide-react' or itsrc/icons/CloudHail.tsx(1,56): error TS2307: Cannot find module 'lucide-react' or its corresponding type declarations.
src/icons/CloudLightning.tsx(1,61): error TS2307: Cannot find module 'lucide-react' or its corresponding type declarations.
src/icons/CloudMoon.tsx(1,56): error TS2307: Cannot find module 'lucide-react' or its corresponding type declarations.
src/icons/CloudMoonRain.tsx(1,60): error TS2307: Cannot find module 'lucide-react' or its corresponding type declarations.
src/icons/CloudOff.tsx(1,55): error TS2307: Cannot find module 'lucide-react' or its corresponding type declarations.
src/icons/CloudRain.tsx(1,56): error TS2307: Cannot find module 'lucide-react' or its corresponding type declarations.
src/icons/CloudRainWind.tsx(1,60): errosrc/icons/CloudSnow.tsx(1,56): error TS2307: Cannot find module 'lucide-react' or itsrc/icons/CloudSnow.tsx(1,56): error TS2307: Cannot find module 'lucide-react' or its corresponding type declarations.
src/icons/CloudSun.tsx(1,55): error TS2307: Cannot find module 'lucide-react' or its corresponding type declarations.
src/icons/CloudSunRain.tsx(1,59): error TS2307: Cannot find module 'lucide-react' or its corresponding type declarations.
src/icons/CloudUpload.tsx(1,58): error TS2307: Cannot find module 'lucide-react' or its corresponding type declarations.
src/icons/Cloudy.tsx(1,53): error TS2307: Cannot find module 'lucide-react' or its corresponding type declarations.
src/icons/Clover.tsx(1,53): errosrc/icons/Club.tsx(1,51): error TS2307: Cannot find module 'lucide-react' or its corsrc/icons/Club.tsx(1,51): error TS2307: Cannot find module 'lucide-react' or its corresponding type declarations.
src/icons/Code.tsx(1,51): error TS2307: Cannot find module 'lucide-react' or its corresponding type declarations.
src/icons/Codepen.tsx(1,54): errosrc/icons/Codesandbox.tsx(1,58): error TS2307: Cannot find module 'lucide-react' or src/icons/Codesandbox.tsx(1,58): error TS2307: Cannot find module 'lucide-react' or its corresponding type declarations.
src/icons/CodeXml.tsx(1,54): error TS2307: Cannot find module 'lucide-react' or its corresponding type declarations.
src/icons/Coffee.tsx(1,53): error TS2307: Cannot find module 'lucide-react' or its corresponding type declarations.
src/icons/Cog.tsx(1,50): error TS2307: Cannot find module 'lucide-react' or its corresponding type declarations.
src/icons/Coins.tsx(1,52): error TS2307: Cannot find module 'lucide-react' or its corresponding type declarations.
src/icons/Columns2.tsx(1,55): error TS2307: Cannot find module 'lucide-react' or its corresponding type declarations.
src/icons/Columns3.tsx(1,55): error TS2307: Cannot find module 'lucide-react' or its corresponding type declarations.
src/icons/Columns3Cog.tsx(1,58): error TS2307: Cannot find module 'lucide-react' or its corresponding type declarations.
src/icons/Columns4.tsx(1,55): errosrc/icons/Combine.tsx(1,54): error TS2307: Cannot find module 'lucide-react' or its src/icons/Combine.tsx(1,54): error TS2307: Cannot find module 'lucide-react' or its corresponding type declarations.
src/icons/Command.tsx(1,54): error TS2307: Cannot find module 'lucide-react' or its corresponding type declarations.
src/icons/Compass.tsx(1,54): errosrc/icons/Component.tsx(1,56): error TS2307: Cannot find module 'lucide-react' or itsrc/icons/Component.tsx(1,56): error TS2307: Cannot find module 'lucide-react' or its corresponding type declarations.
src/icons/Computer.tsx(1,55): error TS2307: Cannot find module 'lucide-react' or its corresponding type declarations.
src/icons/ConciergeBell.tsx(1,60): error TS2307: Cannot find module 'lucide-react' or its corresponding type declarations.
src/icons/Cone.tsx(1,51): error TS2307: Cannot find module 'lucide-react' or its corresponding type declarations.
src/icons/Construction.tsx(1,59): error TS2307: Cannot find module 'lucide-react' or its corresponding type declarations.
src/icons/Contact.tsx(1,54): error TS2307: Cannot find module 'lucide-react' or its corresponding type declarations.
src/icons/ContactRound.tsx(1,59): error TS2307: Cannot find module 'lucide-react' or its corresponding type declarations.
src/icons/Container.tsx(1,56): errosrc/icons/Contrast.tsx(1,55): error TS2307: Cannot find module 'lucide-react' or itssrc/icons/Contrast.tsx(1,55): error TS2307: Cannot find module 'lucide-react' or its corresponding type declarations.
src/icons/Cookie.tsx(1,53): error TS2307: Cannot find module 'lucide-react' or its corresponding type declarations.
src/icons/CookingPot.tsx(1,57): error TS2307: Cannot find module 'lucide-react' or its corresponding type declarations.
src/icons/Copy.tsx(1,51): error TS2307: Cannot find module 'lucide-react' or its corresponding type declarations.
src/icons/CopyCheck.tsx(1,56): errosrc/icons/Copyleft.tsx(1,55): error TS2307: Cannot find module 'lucide-react' or itssrc/icons/Copyleft.tsx(1,55): error TS2307: Cannot find module 'lucide-react' or its corresponding type declarations.
src/icons/CopyMinus.tsx(1,56): error TS2307: Cannot find module 'lucide-react' or its corresponding type declarations.
src/icons/CopyPlus.tsx(1,55): error TS2307: Cannot find module 'lucide-react' or its corresponding type declarations.
src/icons/Copyright.tsx(1,56): error TS2307: Cannot find module 'lucide-react' or its corresponding type declarations.
src/icons/CopySlash.tsx(1,56): error TS2307: Cannot find module 'lucide-react' or its corresponding type declarations.
src/icons/CopyX.tsx(1,52): errosrc/icons/CornerDownLeft.tsx(1,61): error TS2307: Cannot find module 'lucide-react' src/icons/CornerDownLeft.tsx(1,61): errosrc/icons/CornerDownRight.tsx(1,62): error TS2307: Cannot find module 'lucide-react'src/icons/CornerDownRight.tsx(1,62): error TS2307: Cannot find module 'lucide-react' or its corresponding type declarations.
src/icons/CornerLeftDown.tsx(1,61): error TS2307: Cannot find module 'lucide-react' or its corresponding type declarations.
src/icons/CornerLeftUp.tsx(1,59): error TS2307: Cannot find module 'lucide-react' or its corresponding type declarations.
src/icons/CornerRightDown.tsx(1,62): error TS2307: Cannot find module 'lucide-react' or its corresponding type declarations.
src/icons/CornerRightUp.tsx(1,60): error TS2307: Cannot find module 'lucide-react' or its corresponding type declarations.
src/icons/CornerUpLeft.tsx(1,59): error TS2307: Cannot find module 'lucide-react' or its corresponding type declarations.
src/icons/CornerUpRight.tsx(1,60): errosrc/icons/Cpu.tsx(1,50): error TS2307: Cannot find module 'lucide-react' or its corrsrc/icons/Cpu.tsx(1,50): error TS2307: Cannot find module 'lucide-react' or its corresponding type declarations.
src/icons/CreativeCommons.tsx(1,62): errosrc/icons/CreditCard.tsx(1,57): error TS2307: Cannot find module 'lucide-react' or isrc/icons/CreditCard.tsx(1,57): error TS2307: Cannot find module 'lucide-react' or its corresponding type declarations.
src/icons/Croissant.tsx(1,56): error TS2307: Cannot find module 'lucide-react' or its corresponding type declarations.
src/icons/Crop.tsx(1,51): error TS2307: Cannot find module 'lucide-react' or its corresponding type declarations.
src/icons/Cross.tsx(1,52): error TS2307: Cannot find module 'lucide-react' or its corresponding type declarations.
src/icons/Crosshair.tsx(1,56): error TS2307: Cannot find module 'lucide-react' or its corresponding type declarations.
src/icons/Crown.tsx(1,52): errosrc/icons/Cuboid.tsx(1,53): error TS2307: Cannot find module 'lucide-react' or its csrc/icons/Cuboid.tsx(1,53): error TS2307: Cannot find module 'lucide-react' or its corresponding type declarations.
src/icons/CupSoda.tsx(1,54): error TS2307: Cannot find module 'lucide-react' or its corresponding type declarations.
src/icons/Currency.tsx(1,55): error TS2307: Cannot find module 'lucide-react' or its corresponding type declarations.
src/icons/Cylinder.tsx(1,55): error TS2307: Cannot find module 'lucide-react' or its corresponding type declarations.
src/icons/Dam.tsx(1,50): errosrc/icons/Database.tsx(1,55): error TS2307: Cannot find module 'lucide-react' or itssrc/icons/Database.tsx(1,55): error TS2307: Cannot find module 'lucide-react' or its corresponding type declarations.
src/icons/DatabaseBackup.tsx(1,61): error TS2307: Cannot find module 'lucide-react' or its corresponding type declarations.
src/icons/DatabaseZap.tsx(1,58): errosrc/icons/DecimalsArrowLeft.tsx(1,64): error TS2307: Cannot find module 'lucide-reacsrc/icons/DecimalsArrowLeft.tsx(1,64): error TS2307: Cannot find module 'lucide-react' or its corresponding type declarations.
src/icons/DecimalsArrowRight.tsx(1,65): error TS2307: Cannot find module 'lucide-react' or its corresponding type declarations.
src/icons/Delete.tsx(1,53): error TS2307: Cannot find module 'lucide-react' or its corresponding type declarations.
src/icons/Dessert.tsx(1,54): error TS2307: Cannot find module 'lucide-react' or its corresponding type declarations.
src/icons/Diameter.tsx(1,55): error TS2307: Cannot find module 'lucide-react' or its corresponding type declarations.
src/icons/Diamond.tsx(1,54): error TS2307: Cannot find module 'lucide-react' or its corresponding type declarations.
src/icons/DiamondMinus.tsx(1,59): error TS2307: Cannot find module 'lucide-react' or its corresponding type declarations.
src/icons/DiamondPercent.tsx(1,61): error TS2307: Cannot find module 'lucide-react' or its corresponding type declarations.
src/icons/DiamondPlus.tsx(1,58): error TS2307: Cannot find module 'lucide-react' or its corresponding type declarations.
src/icons/Dice1.tsx(1,52): error TS2307: Cannot find module 'lucide-react' or its corresponding type declarations.
src/icons/Dice2.tsx(1,52): error TS2307: Cannot find module 'lucide-react' or its corresponding type declarations.
src/icons/Dice3.tsx(1,52): error TS2307: Cannot find module 'lucide-react' or its corresponding type declarations.
src/icons/Dice4.tsx(1,52): errosrc/icons/Dice5.tsx(1,52): error TS2307: Cannot find module 'lucide-react' or its cosrc/icons/Dice5.tsx(1,52): error TS2307: Cannot find module 'lucide-react' or its corresponding type declarations.
src/icons/Dice6.tsx(1,52): error TS2307: Cannot find module 'lucide-react' or its corresponding type declarations.
src/icons/Dices.tsx(1,52): error TS2307: Cannot find module 'lucide-react' or its corresponding type declarations.
src/icons/Diff.tsx(1,51): error TS2307: Cannot find module 'lucide-react' or its corresponding type declarations.
src/icons/Disc.tsx(1,51): error TS2307: Cannot find module 'lucide-react' or its corresponding type declarations.
src/icons/Disc2.tsx(1,52): error TS2307: Cannot find module 'lucide-react' or its corresponding type declarations.
src/icons/Disc3.tsx(1,52): error TS2307: Cannot find module 'lucide-react' or its corresponding type declarations.
src/icons/DiscAlbum.tsx(1,56): error TS2307: Cannot find module 'lucide-react' or its corresponding type declarations.
src/icons/Divide.tsx(1,53): error TS2307: Cannot find module 'lucide-react' or its corresponding type declarations.
src/icons/Dna.tsx(1,50): error TS2307: Cannot find module 'lucide-react' or its corresponding type declarations.
src/icons/DnaOff.tsx(1,53): error TS2307: Cannot find module 'lucide-react' or its corresponding type declarations.
src/icons/Dock.tsx(1,51): errosrc/icons/Dog.tsx(1,50): error TS2307: Cannot find module 'lucide-react' or its corrsrc/icons/Dog.tsx(1,50): error TS2307: Cannot find module 'lucide-react' or its corresponding type declarations.
src/icons/DollarSign.tsx(1,57): error TS2307: Cannot find module 'lucide-react' or its corresponding type declarations.
src/icons/Donut.tsx(1,52): error TS2307: Cannot find module 'lucide-react' or its corresponding type declarations.
src/icons/DoorClosed.tsx(1,57): error TS2307: Cannot find module 'lucide-react' or its corresponding type declarations.
src/icons/DoorClosedLocked.tsx(1,63): error TS2307: Cannot find module 'lucide-react' or its corresponding type declarations.
src/icons/DoorOpen.tsx(1,55): error TS2307: Cannot find module 'lucide-react' or its corresponding type declarations.
src/icons/Dot.tsx(1,50): error TS2307: Cannot find module 'lucide-react' or its corresponding type declarations.
src/icons/Download.tsx(1,55): error TS2307: Cannot find module 'lucide-react' or its corresponding type declarations.
src/icons/DraftingCompass.tsx(1,62): errosrc/icons/Drama.tsx(1,52): error TS2307: Cannot find module 'lucide-react' or its cosrc/icons/Drama.tsx(1,52): error TS2307: Cannot find module 'lucide-react' or its corresponding type declarations.
src/icons/Dribbble.tsx(1,55): error TS2307: Cannot find module 'lucide-react' or its corresponding type declarations.
src/icons/Drill.tsx(1,52): error TS2307: Cannot find module 'lucide-react' or its corresponding type declarations.
src/icons/Drone.tsx(1,52): error TS2307: Cannot find module 'lucide-react' or its corresponding type declarations.
src/icons/Droplet.tsx(1,54): error TS2307: Cannot find module 'lucide-react' or its corresponding type declarations.
src/icons/DropletOff.tsx(1,57): error TS2307: Cannot find module 'lucide-react' or its corresponding type declarations.
src/icons/Droplets.tsx(1,55): error TS2307: Cannot find module 'lucide-react' or its corresponding type declarations.
src/icons/Drum.tsx(1,51): error TS2307: Cannot find module 'lucide-react' or its corresponding type declarations.
src/icons/Drumstick.tsx(1,56): errosrc/icons/Dumbbell.tsx(1,55): error TS2307: Cannot find module 'lucide-react' or itssrc/icons/Dumbbell.tsx(1,55): error TS2307: Cannot find module 'lucide-react' or its corresponding type declarations.
src/icons/Ear.tsx(1,50): error TS2307: Cannot find module 'lucide-react' or its corresponding type declarations.
src/icons/EarOff.tsx(1,53): error TS2307: Cannot find module 'lucide-react' or its corresponding type declarations.
src/icons/Earth.tsx(1,52): errosrc/icons/EarthLock.tsx(1,56): error TS2307: Cannot find module 'lucide-react' or itsrc/icons/EarthLock.tsx(1,56): error TS2307: Cannot find module 'lucide-react' or its corresponding type declarations.
src/icons/Eclipse.tsx(1,54): error TS2307: Cannot find module 'lucide-react' or its corresponding type declarations.
src/icons/Egg.tsx(1,50): error TS2307: Cannot find module 'lucide-react' or its corresponding type declarations.
src/icons/EggFried.tsx(1,55): error TS2307: Cannot find module 'lucide-react' or its corresponding type declarations.
src/icons/EggOff.tsx(1,53): error TS2307: Cannot find module 'lucide-react' or its corresponding type declarations.
src/icons/Ellipsis.tsx(1,55): errosrc/icons/EllipsisVertical.tsx(1,63): error TS2307: Cannot find module 'lucide-reactsrc/icons/EllipsisVertical.tsx(1,63): error TS2307: Cannot find module 'lucide-react' or its corresponding type declarations.
src/icons/Equal.tsx(1,52): error TS2307: Cannot find module 'lucide-react' or its corresponding type declarations.
src/icons/EqualApproximately.tsx(1,65): error TS2307: Cannot find module 'lucide-react' or its corresponding type declarations.
src/icons/EqualNot.tsx(1,55): error TS2307: Cannot find module 'lucide-react' or its corresponding type declarations.
src/icons/Eraser.tsx(1,53): error TS2307: Cannot find module 'lucide-react' or its corresponding type declarations.
src/icons/EthernetPort.tsx(1,59): error TS2307: Cannot find module 'lucide-react' or its corresponding type declarations.
src/icons/Euro.tsx(1,51): error TS2307: Cannot find module 'lucide-react' or its corresponding type declarations.
src/icons/Expand.tsx(1,53): error TS2307: Cannot find module 'lucide-react' or its corresponding type declarations.
src/icons/ExternalLink.tsx(1,59): error TS2307: Cannot find module 'lucide-react' or its corresponding type declarations.
src/icons/Eye.tsx(1,50): error TS2307: Cannot find module 'lucide-react' or its corresponding type declarations.
src/icons/EyeClosed.tsx(1,56): error TS2307: Cannot find module 'lucide-react' or its corresponding type declarations.
src/icons/EyeOff.tsx(1,53): error TS2307: Cannot find module 'lucide-react' or its corresponding type declarations.
src/icons/Facebook.tsx(1,55): error TS2307: Cannot find module 'lucide-react' or its corresponding type declarations.
src/icons/Factory.tsx(1,54): error TS2307: Cannot find module 'lucide-react' or its corresponding type declarations.
src/icons/Fan.tsx(1,50): error TS2307: Cannot find module 'lucide-react' or its corresponding type declarations.
src/icons/FastForward.tsx(1,58): error TS2307: Cannot find module 'lucide-react' or its corresponding type declarations.
src/icons/Feather.tsx(1,54): error TS2307: Cannot find module 'lucide-react' or its corresponding type declarations.
src/icons/Fence.tsx(1,52): error TS2307: Cannot find module 'lucide-react' or its corresponding type declarations.
src/icons/FerrisWheel.tsx(1,58): errosrc/icons/Figma.tsx(1,52): error TS2307: Cannot find module 'lucide-react' or its cosrc/icons/Figma.tsx(1,52): error TS2307: Cannot find module 'lucide-react' or its corresponding type declarations.
src/icons/File.tsx(1,51): error TS2307: Cannot find module 'lucide-react' or its corresponding type declarations.
src/icons/FileArchive.tsx(1,58): error TS2307: Cannot find module 'lucide-react' or its corresponding type declarations.
src/icons/FileAudio.tsx(1,56): errosrc/icons/FileAudio2.tsx(1,57): error TS2307: Cannot find module 'lucide-react' or isrc/icons/FileAudio2.tsx(1,57): error TS2307: Cannot find module 'lucide-react' or its corresponding type declarations.
src/icons/FileAxis3d.tsx(1,57): error TS2307: Cannot find module 'lucide-react' or its corresponding type declarations.
src/icons/FileBadge.tsx(1,56): error TS2307: Cannot find module 'lucide-react' or its corresponding type declarations.
src/icons/FileBadge2.tsx(1,57): error TS2307: Cannot find module 'lucide-react' or its corresponding type declarations.
src/icons/FileBox.tsx(1,54): error TS2307: Cannot find module 'lucide-react' or its corresponding type declarations.
src/icons/FileChartColumn.tsx(1,62): errosrc/icons/FileChartColumnIncreasing.tsx(1,72): error TS2307: Cannot find module 'lucsrc/icons/FileChartColumnIncreasing.tsx(1,72): error TS2307: Cannot find module 'lucide-react' or its corresponding type declarations.
src/icons/FileChartLine.tsx(1,60): error TS2307: Cannot find module 'lucide-react' or its corresponding type declarations.
src/icons/FileChartPie.tsx(1,59): error TS2307: Cannot find module 'lucide-react' or its corresponding type declarations.
src/icons/FileCheck.tsx(1,56): error TS2307: Cannot find module 'lucide-react' or its corresponding type declarations.
src/icons/FileCheck2.tsx(1,57): error TS2307: Cannot find module 'lucide-react' or its corresponding type declarations.
src/icons/FileClock.tsx(1,56): error TS2307: Cannot find module 'lucide-react' or its corresponding type declarations.
src/icons/FileCode.tsx(1,55): error TS2307: Cannot find module 'lucide-react' or its corresponding type declarations.
src/icons/FileCode2.tsx(1,56): errosrc/icons/FileCog.tsx(1,54): error TS2307: Cannot find module 'lucide-react' or its src/icons/FileCog.tsx(1,54): error TS2307: Cannot find module 'lucide-react' or its corresponding type declarations.
src/icons/FileDiff.tsx(1,55): error TS2307: Cannot find module 'lucide-react' or its corresponding type declarations.
src/icons/FileDigit.tsx(1,56): error TS2307: Cannot find module 'lucide-react' or its corresponding type declarations.
src/icons/FileDown.tsx(1,55): error TS2307: Cannot find module 'lucide-react' or its corresponding type declarations.
src/icons/FileHeart.tsx(1,56): error TS2307: Cannot find module 'lucide-react' or its corresponding type declarations.
src/icons/FileImage.tsx(1,56): error TS2307: Cannot find module 'lucide-react' or its corresponding type declarations.
src/icons/FileInput.tsx(1,56): error TS2307: Cannot find module 'lucide-react' or its corresponding type declarations.
src/icons/FileJson.tsx(1,55): error TS2307: Cannot find module 'lucide-react' or its corresponding type declarations.
src/icons/FileJson2.tsx(1,56): errosrc/icons/FileKey.tsx(1,54): error TS2307: Cannot find module 'lucide-react' or its src/icons/FileKey.tsx(1,54): error TS2307: Cannot find module 'lucide-react' or its corresponding type declarations.
src/icons/FileKey2.tsx(1,55): error TS2307: Cannot find module 'lucide-react' or its corresponding type declarations.
src/icons/FileLock.tsx(1,55): error TS2307: Cannot find module 'lucide-react' or its corresponding type declarations.
src/icons/FileLock2.tsx(1,56): error TS2307: Cannot find module 'lucide-react' or its corresponding type declarations.
src/icons/FileMinus.tsx(1,56): error TS2307: Cannot find module 'lucide-react' or its corresponding type declarations.
src/icons/FileMinus2.tsx(1,57): error TS2307: Cannot find module 'lucide-react' or its corresponding type declarations.
src/icons/FileMusic.tsx(1,56): error TS2307: Cannot find module 'lucide-react' or its corresponding type declarations.
src/icons/FileOutput.tsx(1,57): error TS2307: Cannot find module 'lucide-react' or its corresponding type declarations.
src/icons/FilePen.tsx(1,54): error TS2307: Cannot find module 'lucide-react' or its corresponding type declarations.
src/icons/FilePenLine.tsx(1,58): error TS2307: Cannot find module 'lucide-react' or its corresponding type declarations.
src/icons/FilePlus.tsx(1,55): error TS2307: Cannot find module 'lucide-react' or its corresponding type declarations.
src/icons/FilePlus2.tsx(1,56): error TS2307: Cannot find module 'lucide-react' or its corresponding type declarations.
src/icons/FileQuestionMark.tsx(1,63): error TS2307: Cannot find module 'lucide-react' or its corresponding type declarations.
src/icons/Files.tsx(1,52): errosrc/icons/FileScan.tsx(1,55): error TS2307: Cannot find module 'lucide-react' or itssrc/icons/FileScan.tsx(1,55): error TS2307: Cannot find module 'lucide-react' or its corresponding type declarations.
src/icons/FileSearch.tsx(1,57): error TS2307: Cannot find module 'lucide-react' or its corresponding type declarations.
src/icons/FileSearch2.tsx(1,58): error TS2307: Cannot find module 'lucide-react' or its corresponding type declarations.
src/icons/FileSliders.tsx(1,58): error TS2307: Cannot find module 'lucide-react' or its corresponding type declarations.
src/icons/FileSpreadsheet.tsx(1,62): error TS2307: Cannot find module 'lucide-react' or its corresponding type declarations.
src/icons/FileStack.tsx(1,56): error TS2307: Cannot find module 'lucide-react' or its corresponding type declarations.
src/icons/FileSymlink.tsx(1,58): error TS2307: Cannot find module 'lucide-react' or its corresponding type declarations.
src/icons/FileTerminal.tsx(1,59): error TS2307: Cannot find module 'lucide-react' or its corresponding type declarations.
src/icons/FileText.tsx(1,55): error TS2307: Cannot find module 'lucide-react' or its corresponding type declarations.
src/icons/FileType.tsx(1,55): error TS2307: Cannot find module 'lucide-react' or its corresponding type declarations.
src/icons/FileType2.tsx(1,56): error TS2307: Cannot find module 'lucide-react' or its corresponding type declarations.
src/icons/FileUp.tsx(1,53): error TS2307: Cannot find module 'lucide-react' or its corresponding type declarations.
src/icons/FileUser.tsx(1,55): error TS2307: Cannot find module 'lucide-react' or its corresponding type declarations.
src/icons/FileVideo.tsx(1,56): error TS2307: Cannot find module 'lucide-react' or its corresponding type declarations.
src/icons/FileVideo2.tsx(1,57): error TS2307: Cannot find module 'lucide-react' or its corresponding type declarations.
src/icons/FileVolume.tsx(1,57): error TS2307: Cannot find module 'lucide-react' or its corresponding type declarations.
src/icons/FileVolume2.tsx(1,58): error TS2307: Cannot find module 'lucide-react' or its corresponding type declarations.
src/icons/FileWarning.tsx(1,58): error TS2307: Cannot find module 'lucide-react' or its corresponding type declarations.
src/icons/FileX.tsx(1,52): error TS2307: Cannot find module 'lucide-react' or its corresponding type declarations.
src/icons/FileX2.tsx(1,53): errosrc/icons/Film.tsx(1,51): error TS2307: Cannot find module 'lucide-react' or its corsrc/icons/Film.tsx(1,51): error TS2307: Cannot find module 'lucide-react' or its corresponding type declarations.
src/icons/Fingerprint.tsx(1,58): error TS2307: Cannot find module 'lucide-react' or its corresponding type declarations.
src/icons/FireExtinguisher.tsx(1,63): error TS2307: Cannot find module 'lucide-react' or its corresponding type declarations.
src/icons/Fish.tsx(1,51): error TS2307: Cannot find module 'lucide-react' or its corresponding type declarations.
src/icons/FishOff.tsx(1,54): error TS2307: Cannot find module 'lucide-react' or its corresponding type declarations.
src/icons/FishSymbol.tsx(1,57): error TS2307: Cannot find module 'lucide-react' or its corresponding type declarations.
src/icons/Flag.tsx(1,51): error TS2307: Cannot find module 'lucide-react' or its corresponding type declarations.
src/icons/FlagOff.tsx(1,54): error TS2307: Cannot find module 'lucide-react' or its corresponding type declarations.
src/icons/FlagTriangleLeft.tsx(1,63): errosrc/icons/FlagTriangleRight.tsx(1,64): error TS2307: Cannot find module 'lucide-reacsrc/icons/FlagTriangleRight.tsx(1,64): error TS2307: Cannot find module 'lucide-react' or its corresponding type declarations.
src/icons/Flame.tsx(1,52): error TS2307: Cannot find module 'lucide-react' or its corresponding type declarations.
src/icons/FlameKindling.tsx(1,60): error TS2307: Cannot find module 'lucide-react' or its corresponding type declarations.
src/icons/Flashlight.tsx(1,57): error TS2307: Cannot find module 'lucide-react' or its corresponding type declarations.
src/icons/FlashlightOff.tsx(1,60): error TS2307: Cannot find module 'lucide-react' or its corresponding type declarations.
src/icons/FlaskConical.tsx(1,59): error TS2307: Cannot find module 'lucide-react' or its corresponding type declarations.
src/icons/FlaskConicalOff.tsx(1,62): errosrc/icons/FlaskRound.tsx(1,57): error TS2307: Cannot find module 'lucide-react' or isrc/icons/FlaskRound.tsx(1,57): error TS2307: Cannot find module 'lucide-react' or its corresponding type declarations.
src/icons/FlipHorizontal.tsx(1,61): error TS2307: Cannot find module 'lucide-react' or its corresponding type declarations.
src/icons/FlipHorizontal2.tsx(1,62): error TS2307: Cannot find module 'lucide-react' or its corresponding type declarations.
src/icons/FlipVertical.tsx(1,59): error TS2307: Cannot find module 'lucide-react' or its corresponding type declarations.
src/icons/FlipVertical2.tsx(1,60): error TS2307: Cannot find module 'lucide-react' or its corresponding type declarations.
src/icons/Flower.tsx(1,53): error TS2307: Cannot find module 'lucide-react' or its corresponding type declarations.
src/icons/Flower2.tsx(1,54): error TS2307: Cannot find module 'lucide-react' or its corresponding type declarations.
src/icons/Focus.tsx(1,52): errosrc/icons/Folder.tsx(1,53): error TS2307: Cannot find module 'lucide-react' or its csrc/icons/Folder.tsx(1,53): error TS2307: Cannot find module 'lucide-react' or its corresponding type declarations.
src/icons/FolderArchive.tsx(1,60): error TS2307: Cannot find module 'lucide-react' or its corresponding type declarations.
src/icons/FolderCheck.tsx(1,58): error TS2307: Cannot find module 'lucide-react' or its corresponding type declarations.
src/icons/FolderClock.tsx(1,58): errosrc/icons/FolderClosed.tsx(1,59): error TS2307: Cannot find module 'lucide-react' orsrc/icons/FolderClosed.tsx(1,59): error TS2307: Cannot find module 'lucide-react' or its corresponding type declarations.
src/icons/FolderCode.tsx(1,57): error TS2307: Cannot find module 'lucide-react' or its corresponding type declarations.
src/icons/FolderCog.tsx(1,56): errosrc/icons/FolderDot.tsx(1,56): error TS2307: Cannot find module 'lucide-react' or itsrc/icons/FolderDot.tsx(1,56): error TS2307: Cannot find module 'lucide-react' or its corresponding type declarations.
src/icons/FolderDown.tsx(1,57): error TS2307: Cannot find module 'lucide-react' or its corresponding type declarations.
src/icons/FolderGit.tsx(1,56): error TS2307: Cannot find module 'lucide-react' or its corresponding type declarations.
src/icons/FolderGit2.tsx(1,57): error TS2307: Cannot find module 'lucide-react' or its corresponding type declarations.
src/icons/FolderHeart.tsx(1,58): error TS2307: Cannot find module 'lucide-react' or its corresponding type declarations.
src/icons/FolderInput.tsx(1,58): errosrc/icons/FolderKanban.tsx(1,59): error TS2307: Cannot find module 'lucide-react' orsrc/icons/FolderKanban.tsx(1,59): error TS2307: Cannot find module 'lucide-react' or its corresponding type declarations.
src/icons/FolderKey.tsx(1,56): error TS2307: Cannot find module 'lucide-react' or its corresponding type declarations.
src/icons/FolderLock.tsx(1,57): errosrc/icons/FolderMinus.tsx(1,58): error TS2307: Cannot find module 'lucide-react' or src/icons/FolderMinus.tsx(1,58): error TS2307: Cannot find module 'lucide-react' or its corresponding type declarations.
src/icons/FolderOpen.tsx(1,57): error TS2307: Cannot find module 'lucide-react' or its corresponding type declarations.
src/icons/FolderOpenDot.tsx(1,60): error TS2307: Cannot find module 'lucide-react' or its corresponding type declarations.
src/icons/FolderOutput.tsx(1,59): error TS2307: Cannot find module 'lucide-react' or its corresponding type declarations.
src/icons/FolderPen.tsx(1,56): errosrc/icons/FolderPlus.tsx(1,57): error TS2307: Cannot find module 'lucide-react' or isrc/icons/FolderPlus.tsx(1,57): error TS2307: Cannot find module 'lucide-react' or its corresponding type declarations.
src/icons/FolderRoot.tsx(1,57): error TS2307: Cannot find module 'lucide-react' or its corresponding type declarations.
src/icons/Folders.tsx(1,54): error TS2307: Cannot find module 'lucide-react' or its corresponding type declarations.
src/icons/FolderSearch.tsx(1,59): error TS2307: Cannot find module 'lucide-react' or its corresponding type declarations.
src/icons/FolderSearch2.tsx(1,60): error TS2307: Cannot find module 'lucide-react' or its corresponding type declarations.
src/icons/FolderSymlink.tsx(1,60): error TS2307: Cannot find module 'lucide-react' or its corresponding type declarations.
src/icons/FolderSync.tsx(1,57): errosrc/icons/FolderTree.tsx(1,57): error TS2307: Cannot find module 'lucide-react' or isrc/icons/FolderTree.tsx(1,57): error TS2307: Cannot find module 'lucide-react' or its corresponding type declarations.
src/icons/FolderUp.tsx(1,55): error TS2307: Cannot find module 'lucide-react' or its corresponding type declarations.
src/icons/FolderX.tsx(1,54): error TS2307: Cannot find module 'lucide-react' or its corresponding type declarations.
src/icons/FoldHorizontal.tsx(1,61): error TS2307: Cannot find module 'lucide-react' or its corresponding type declarations.
src/icons/FoldVertical.tsx(1,59): errosrc/icons/Footprints.tsx(1,57): error TS2307: Cannot find module 'lucide-react' or isrc/icons/Footprints.tsx(1,57): error TS2307: Cannot find module 'lucide-react' or its corresponding type declarations.
src/icons/Forklift.tsx(1,55): error TS2307: Cannot find module 'lucide-react' or its corresponding type declarations.
src/icons/Forward.tsx(1,54): error TS2307: Cannot find module 'lucide-react' or its corresponding type declarations.
src/icons/Frame.tsx(1,52): error TS2307: Cannot find module 'lucide-react' or its corresponding type declarations.
src/icons/Framer.tsx(1,53): error TS2307: Cannot find module 'lucide-react' or its corresponding type declarations.
src/icons/Frown.tsx(1,52): errosrc/icons/Fuel.tsx(1,51): error TS2307: Cannot find module 'lucide-react' or its corsrc/icons/Fuel.tsx(1,51): error TS2307: Cannot find module 'lucide-react' or its corresponding type declarations.
src/icons/Fullscreen.tsx(1,57): error TS2307: Cannot find module 'lucide-react' or its corresponding type declarations.
src/icons/Funnel.tsx(1,53): errosrc/icons/FunnelPlus.tsx(1,57): error TS2307: Cannot find module 'lucide-react' or isrc/icons/FunnelPlus.tsx(1,57): error TS2307: Cannot find module 'lucide-react' or its corresponding type declarations.
src/icons/FunnelX.tsx(1,54): error TS2307: Cannot find module 'lucide-react' or its corresponding type declarations.
src/icons/GalleryHorizontal.tsx(1,64): error TS2307: Cannot find module 'lucide-react' or its corresponding type declarations.
src/icons/GalleryHorizontalEnd.tsx(1,67): error TS2307: Cannot find module 'lucide-react' or its corresponding type declarations.
src/icons/GalleryThumbnails.tsx(1,64): error TS2307: Cannot find module 'lucide-react' or its corresponding type declarations.
src/icons/GalleryVertical.tsx(1,62): error TS2307: Cannot find module 'lucide-react' or its corresponding type declarations.
src/icons/GalleryVerticalEnd.tsx(1,65): error TS2307: Cannot find module 'lucide-react' or its corresponding type declarations.
src/icons/Gamepad.tsx(1,54): error TS2307: Cannot find module 'lucide-react' or its corresponding type declarations.
src/icons/Gamepad2.tsx(1,55): error TS2307: Cannot find module 'lucide-react' or its corresponding type declarations.
src/icons/Gauge.tsx(1,52): error TS2307: Cannot find module 'lucide-react' or its corresponding type declarations.
src/icons/Gavel.tsx(1,52): error TS2307: Cannot find module 'lucide-react' or its corresponding type declarations.
src/icons/Gem.tsx(1,50): error TS2307: Cannot find module 'lucide-react' or its corresponding type declarations.
src/icons/GeorgianLari.tsx(1,59): error TS2307: Cannot find module 'lucide-react' or its corresponding type declarations.
src/icons/Ghost.tsx(1,52): errosrc/icons/Gift.tsx(1,51): error TS2307: Cannot find module 'lucide-react' or its corsrc/icons/Gift.tsx(1,51): error TS2307: Cannot find module 'lucide-react' or its corresponding type declarations.
src/icons/GitBranch.tsx(1,56): error TS2307: Cannot find module 'lucide-react' or its corresponding type declarations.
src/icons/GitBranchPlus.tsx(1,60): error TS2307: Cannot find module 'lucide-react' or its corresponding type declarations.
src/icons/GitCommitHorizontal.tsx(1,66): error TS2307: Cannot find module 'lucide-react' or its corresponding type declarations.
src/icons/GitCommitVertical.tsx(1,64): error TS2307: Cannot find module 'lucide-react' or its corresponding type declarations.
src/icons/GitCompare.tsx(1,57): errosrc/icons/GitCompareArrows.tsx(1,63): error TS2307: Cannot find module 'lucide-reactsrc/icons/GitCompareArrows.tsx(1,63): error TS2307: Cannot find module 'lucide-react' or its corresponding type declarations.
src/icons/GitFork.tsx(1,54): error TS2307: Cannot find module 'lucide-react' or its corresponding type declarations.
src/icons/GitGraph.tsx(1,55): error TS2307: Cannot find module 'lucide-react' or its corresponding type declarations.
src/icons/Github.tsx(1,53): error TS2307: Cannot find module 'lucide-react' or its corresponding type declarations.
src/icons/Gitlab.tsx(1,53): errosrc/icons/GitMerge.tsx(1,55): error TS2307: Cannot find module 'lucide-react' or itssrc/icons/GitMerge.tsx(1,55): error TS2307: Cannot find module 'lucide-react' or its corresponding type declarations.
src/icons/GitPullRequest.tsx(1,61): error TS2307: Cannot find module 'lucide-react' or its corresponding type declarations.
src/icons/GitPullRequestArrow.tsx(1,66): errosrc/icons/GitPullRequestClosed.tsx(1,67): error TS2307: Cannot find module 'lucide-rsrc/icons/GitPullRequestClosed.tsx(1,67): error TS2307: Cannot find module 'lucide-react' or its corresponding type declarations.
src/icons/GitPullRequestCreate.tsx(1,67): error TS2307: Cannot find module 'lucide-react' or its corresponding type declarations.
src/icons/GitPullRequestCreateArrow.tsx(1,72): error TS2307: Cannot find module 'lucide-react' or its corresponding type declarations.
src/icons/GitPullRequestDraft.tsx(1,66): error TS2307: Cannot find module 'lucide-react' or its corresponding type declarations.
src/icons/Glasses.tsx(1,54): error TS2307: Cannot find module 'lucide-react' or its corresponding type declarations.
src/icons/GlassWater.tsx(1,57): errosrc/icons/Globe.tsx(1,52): error TS2307: Cannot find module 'lucide-react' or its cosrc/icons/Globe.tsx(1,52): error TS2307: Cannot find module 'lucide-react' or its corresponding type declarations.
src/icons/GlobeLock.tsx(1,56): error TS2307: Cannot find module 'lucide-react' or its corresponding type declarations.
src/icons/Goal.tsx(1,51): error TS2307: Cannot find module 'lucide-react' or its corresponding type declarations.
src/icons/Gpu.tsx(1,50): error TS2307: Cannot find module 'lucide-react' or its corresponding type declarations.
src/icons/Grab.tsx(1,51): error TS2307: Cannot find module 'lucide-react' or its corresponding type declarations.
src/icons/GraduationCap.tsx(1,60): error TS2307: Cannot find module 'lucide-react' or its corresponding type declarations.
src/icons/Grape.tsx(1,52): errosrc/icons/Grid2x2.tsx(1,54): error TS2307: Cannot find module 'lucide-react' or its src/icons/Grid2x2.tsx(1,54): error TS2307: Cannot find module 'lucide-react' or its corresponding type declarations.
src/icons/Grid2x2Check.tsx(1,59): error TS2307: Cannot find module 'lucide-react' or its corresponding type declarations.
src/icons/Grid2x2Plus.tsx(1,58): error TS2307: Cannot find module 'lucide-react' or its corresponding type declarations.
src/icons/Grid2x2X.tsx(1,55): error TS2307: Cannot find module 'lucide-react' or its corresponding type declarations.
src/icons/Grid3x2.tsx(1,54): errosrc/icons/Grid3x3.tsx(1,54): error TS2307: Cannot find module 'lucide-react' or its src/icons/Grid3x3.tsx(1,54): error TS2307: Cannot find module 'lucide-react' or its corresponding type declarations.
src/icons/Grip.tsx(1,51): error TS2307: Cannot find module 'lucide-react' or its corresponding type declarations.
src/icons/GripHorizontal.tsx(1,61): error TS2307: Cannot find module 'lucide-react' or its corresponding type declarations.
src/icons/GripVertical.tsx(1,59): error TS2307: Cannot find module 'lucide-react' or its corresponding type declarations.
src/icons/Group.tsx(1,52): error TS2307: Cannot find module 'lucide-react' or its corresponding type declarations.
src/icons/Guitar.tsx(1,53): error TS2307: Cannot find module 'lucide-react' or its corresponding type declarations.
src/icons/Ham.tsx(1,50): error TS2307: Cannot find module 'lucide-react' or its corresponding type declarations.
src/icons/Hamburger.tsx(1,56): error TS2307: Cannot find module 'lucide-react' or its corresponding type declarations.
src/icons/Hammer.tsx(1,53): errosrc/icons/Hand.tsx(1,51): error TS2307: Cannot find module 'lucide-react' or its corsrc/icons/Hand.tsx(1,51): error TS2307: Cannot find module 'lucide-react' or its corresponding type declarations.
src/icons/HandCoins.tsx(1,56): error TS2307: Cannot find module 'lucide-react' or its corresponding type declarations.
src/icons/HandHeart.tsx(1,56): error TS2307: Cannot find module 'lucide-react' or its corresponding type declarations.
src/icons/HandHelping.tsx(1,58): error TS2307: Cannot find module 'lucide-react' or its corresponding type declarations.
src/icons/HandMetal.tsx(1,56): error TS2307: Cannot find module 'lucide-react' or its corresponding type declarations.
src/icons/HandPlatter.tsx(1,58): error TS2307: Cannot find module 'lucide-react' or its corresponding type declarations.
src/icons/Handshake.tsx(1,56): error TS2307: Cannot find module 'lucide-react' or its corresponding type declarations.
src/icons/HardDrive.tsx(1,56): error TS2307: Cannot find module 'lucide-react' or its corresponding type declarations.
src/icons/HardDriveDownload.tsx(1,64): error TS2307: Cannot find module 'lucide-react' or its corresponding type declarations.
src/icons/HardDriveUpload.tsx(1,62): error TS2307: Cannot find module 'lucide-react' or its corresponding type declarations.
src/icons/HardHat.tsx(1,54): error TS2307: Cannot find module 'lucide-react' or its corresponding type declarations.
src/icons/Hash.tsx(1,51): error TS2307: Cannot find module 'lucide-react' or its corresponding type declarations.
src/icons/Haze.tsx(1,51): error TS2307: Cannot find module 'lucide-react' or its corresponding type declarations.
src/icons/HdmiPort.tsx(1,55): error TS2307: Cannot find module 'lucide-react' or its corresponding type declarations.
src/icons/Heading.tsx(1,54): error TS2307: Cannot find module 'lucide-react' or its corresponding type declarations.
src/icons/Heading1.tsx(1,55): error TS2307: Cannot find module 'lucide-react' or its corresponding type declarations.
src/icons/Heading2.tsx(1,55): error TS2307: Cannot find module 'lucide-react' or its corresponding type declarations.
src/icons/Heading3.tsx(1,55): error TS2307: Cannot find module 'lucide-react' or its corresponding type declarations.
src/icons/Heading4.tsx(1,55): error TS2307: Cannot find module 'lucide-react' or its corresponding type declarations.
src/icons/Heading5.tsx(1,55): errosrc/icons/Heading6.tsx(1,55): error TS2307: Cannot find module 'lucide-react' or itssrc/icons/Heading6.tsx(1,55): error TS2307: Cannot find module 'lucide-react' or its corresponding type declarations.
src/icons/HeadphoneOff.tsx(1,59): error TS2307: Cannot find module 'lucide-react' or its corresponding type declarations.
src/icons/Headphones.tsx(1,57): error TS2307: Cannot find module 'lucide-react' or its corresponding type declarations.
src/icons/Headset.tsx(1,54): error TS2307: Cannot find module 'lucide-react' or its corresponding type declarations.
src/icons/Heart.tsx(1,52): error TS2307: Cannot find module 'lucide-react' or its corresponding type declarations.
src/icons/HeartCrack.tsx(1,57): error TS2307: Cannot find module 'lucide-react' or its corresponding type declarations.
src/icons/HeartHandshake.tsx(1,61): errosrc/icons/HeartMinus.tsx(1,57): error TS2307: Cannot find module 'lucide-react' or isrc/icons/HeartMinus.tsx(1,57): error TS2307: Cannot find module 'lucide-react' or its corresponding type declarations.
src/icons/HeartOff.tsx(1,55): error TS2307: Cannot find module 'lucide-react' or its corresponding type declarations.
src/icons/HeartPlus.tsx(1,56): error TS2307: Cannot find module 'lucide-react' or its corresponding type declarations.
src/icons/HeartPulse.tsx(1,57): error TS2307: Cannot find module 'lucide-react' or its corresponding type declarations.
src/icons/Heater.tsx(1,53): errosrc/icons/Hexagon.tsx(1,54): error TS2307: Cannot find module 'lucide-react' or its src/icons/Hexagon.tsx(1,54): error TS2307: Cannot find module 'lucide-react' or its corresponding type declarations.
src/icons/Highlighter.tsx(1,58): error TS2307: Cannot find module 'lucide-react' or its corresponding type declarations.
src/icons/History.tsx(1,54): errosrc/icons/Hop.tsx(1,50): error TS2307: Cannot find module 'lucide-react' or its corrsrc/icons/Hop.tsx(1,50): error TS2307: Cannot find module 'lucide-react' or its corresponding type declarations.
src/icons/HopOff.tsx(1,53): error TS2307: Cannot find module 'lucide-react' or its corresponding type declarations.
src/icons/Hospital.tsx(1,55): error TS2307: Cannot find module 'lucide-react' or its corresponding type declarations.
src/icons/Hotel.tsx(1,52): error TS2307: Cannot find module 'lucide-react' or its corresponding type declarations.
src/icons/Hourglass.tsx(1,56): error TS2307: Cannot find module 'lucide-react' or its corresponding type declarations.
src/icons/House.tsx(1,52): error TS2307: Cannot find module 'lucide-react' or its corresponding type declarations.
src/icons/HousePlug.tsx(1,56): error TS2307: Cannot find module 'lucide-react' or its corresponding type declarations.
src/icons/HousePlus.tsx(1,56): error TS2307: Cannot find module 'lucide-react' or its corresponding type declarations.
src/icons/HouseWifi.tsx(1,56): error TS2307: Cannot find module 'lucide-react' or its corresponding type declarations.
src/icons/IceCreamBowl.tsx(1,59): errosrc/icons/IceCreamCone.tsx(1,59): error TS2307: Cannot find module 'lucide-react' orsrc/icons/IceCreamCone.tsx(1,59): error TS2307: Cannot find module 'lucide-react' or its corresponding type declarations.
src/icons/IdCard.tsx(1,53): error TS2307: Cannot find module 'lucide-react' or its corresponding type declarations.
src/icons/IdCardLanyard.tsx(1,60): error TS2307: Cannot find module 'lucide-react' or its corresponding type declarations.
src/icons/Image.tsx(1,52): error TS2307: Cannot find module 'lucide-react' or its corresponding type declarations.
src/icons/ImageDown.tsx(1,56): error TS2307: Cannot find module 'lucide-react' or its corresponding type declarations.
src/icons/ImageMinus.tsx(1,57): error TS2307: Cannot find module 'lucide-react' or its corresponding type declarations.
src/icons/ImageOff.tsx(1,55): error TS2307: Cannot find module 'lucide-react' or its corresponding type declarations.
src/icons/ImagePlay.tsx(1,56): error TS2307: Cannot find module 'lucide-react' or its corresponding type declarations.
src/icons/ImagePlus.tsx(1,56): error TS2307: Cannot find module 'lucide-react' or its corresponding type declarations.
src/icons/Images.tsx(1,53): error TS2307: Cannot find module 'lucide-react' or its corresponding type declarations.
src/icons/ImageUp.tsx(1,54): error TS2307: Cannot find module 'lucide-react' or its corresponding type declarations.
src/icons/ImageUpscale.tsx(1,59): error TS2307: Cannot find module 'lucide-react' or its corresponding type declarations.
src/icons/Import.tsx(1,53): error TS2307: Cannot find module 'lucide-react' or its corresponding type declarations.
src/icons/Inbox.tsx(1,52): error TS2307: Cannot find module 'lucide-react' or its corresponding type declarations.
src/icons/IndentDecrease.tsx(1,61): error TS2307: Cannot find module 'lucide-react' or its corresponding type declarations.
src/icons/IndentIncrease.tsx(1,61): error TS2307: Cannot find module 'lucide-react' or its corresponding type declarations.
src/icons/IndianRupee.tsx(1,58): error TS2307: Cannot find module 'lucide-react' or its corresponding type declarations.
src/icons/Infinity.tsx(1,55): error TS2307: Cannot find module 'lucide-react' or its corresponding type declarations.
src/icons/Info.tsx(1,51): error TS2307: Cannot find module 'lucide-react' or its corresponding type declarations.
src/icons/InspectionPanel.tsx(1,62): error TS2307: Cannot find module 'lucide-react' or its corresponding type declarations.
src/icons/Instagram.tsx(1,56): error TS2307: Cannot find module 'lucide-react' or its corresponding type declarations.
src/icons/Italic.tsx(1,53): error TS2307: Cannot find module 'lucide-react' or its corresponding type declarations.
src/icons/IterationCcw.tsx(1,59): error TS2307: Cannot find module 'lucide-react' or its corresponding type declarations.
src/icons/IterationCw.tsx(1,58): errosrc/icons/JapaneseYen.tsx(1,58): error TS2307: Cannot find module 'lucide-react' or src/icons/JapaneseYen.tsx(1,58): error TS2307: Cannot find module 'lucide-react' or its corresponding type declarations.
src/icons/Joystick.tsx(1,55): error TS2307: Cannot find module 'lucide-react' or its corresponding type declarations.
src/icons/Kanban.tsx(1,53): error TS2307: Cannot find module 'lucide-react' or its corresponding type declarations.
src/icons/Key.tsx(1,50): error TS2307: Cannot find module 'lucide-react' or its corresponding type declarations.
src/icons/Keyboard.tsx(1,55): error TS2307: Cannot find module 'lucide-react' or its corresponding type declarations.
src/icons/KeyboardMusic.tsx(1,60): error TS2307: Cannot find module 'lucide-react' or its corresponding type declarations.
src/icons/KeyboardOff.tsx(1,58): error TS2307: Cannot find module 'lucide-react' or its corresponding type declarations.
src/icons/KeyRound.tsx(1,55): error TS2307: Cannot find module 'lucide-react' or its corresponding type declarations.
src/icons/KeySquare.tsx(1,56): error TS2307: Cannot find module 'lucide-react' or its corresponding type declarations.
src/icons/Lamp.tsx(1,51): error TS2307: Cannot find module 'lucide-react' or its corresponding type declarations.
src/icons/LampCeiling.tsx(1,58): error TS2307: Cannot find module 'lucide-react' or its corresponding type declarations.
src/icons/LampDesk.tsx(1,55): error TS2307: Cannot find module 'lucide-react' or its corresponding type declarations.
src/icons/LampFloor.tsx(1,56): error TS2307: Cannot find module 'lucide-react' or its corresponding type declarations.
src/icons/LampWallDown.tsx(1,59): error TS2307: Cannot find module 'lucide-react' or its corresponding type declarations.
src/icons/LampWallUp.tsx(1,57): error TS2307: Cannot find module 'lucide-react' or its corresponding type declarations.
src/icons/Landmark.tsx(1,55): error TS2307: Cannot find module 'lucide-react' or its corresponding type declarations.
src/icons/LandPlot.tsx(1,55): error TS2307: Cannot find module 'lucide-react' or its corresponding type declarations.
src/icons/Languages.tsx(1,56): error TS2307: Cannot find module 'lucide-react' or its corresponding type declarations.
src/icons/Laptop.tsx(1,53): error TS2307: Cannot find module 'lucide-react' or its corresponding type declarations.
src/icons/LaptopMinimal.tsx(1,60): error TS2307: Cannot find module 'lucide-react' or its corresponding type declarations.
src/icons/LaptopMinimalCheck.tsx(1,65): error TS2307: Cannot find module 'lucide-react' or its corresponding type declarations.
src/icons/Lasso.tsx(1,52): error TS2307: Cannot find module 'lucide-react' or its corresponding type declarations.
src/icons/LassoSelect.tsx(1,58): error TS2307: Cannot find module 'lucide-react' or its corresponding type declarations.
src/icons/Laugh.tsx(1,52): error TS2307: Cannot find module 'lucide-react' or its corresponding type declarations.
src/icons/Layers.tsx(1,53): error TS2307: Cannot find module 'lucide-react' or its corresponding type declarations.
src/icons/Layers2.tsx(1,54): error TS2307: Cannot find module 'lucide-react' or its corresponding type declarations.
src/icons/LayoutDashboard.tsx(1,62): error TS2307: Cannot find module 'lucide-react' or its corresponding type declarations.
src/icons/LayoutGrid.tsx(1,57): error TS2307: Cannot find module 'lucide-react' or its corresponding type declarations.
src/icons/LayoutList.tsx(1,57): error TS2307: Cannot find module 'lucide-react' or its corresponding type declarations.
src/icons/LayoutPanelLeft.tsx(1,62): error TS2307: Cannot find module 'lucide-react' or its corresponding type declarations.
src/icons/LayoutPanelTop.tsx(1,61): error TS2307: Cannot find module 'lucide-react' or its corresponding type declarations.
src/icons/LayoutTemplate.tsx(1,61): error TS2307: Cannot find module 'lucide-react' or its corresponding type declarations.
src/icons/Leaf.tsx(1,51): error TS2307: Cannot find module 'lucide-react' or its corresponding type declarations.
src/icons/LeafyGreen.tsx(1,57): error TS2307: Cannot find module 'lucide-react' or its corresponding type declarations.
src/icons/Lectern.tsx(1,54): error TS2307: Cannot find module 'lucide-react' or its corresponding type declarations.
src/icons/LetterText.tsx(1,57): error TS2307: Cannot find module 'lucide-react' or its corresponding type declarations.
src/icons/Library.tsx(1,54): error TS2307: Cannot find module 'lucide-react' or its corresponding type declarations.
src/icons/LibraryBig.tsx(1,57): error TS2307: Cannot find module 'lucide-react' or its corresponding type declarations.
src/icons/LifeBuoy.tsx(1,55): error TS2307: Cannot find module 'lucide-react' or its corresponding type declarations.
src/icons/Ligature.tsx(1,55): error TS2307: Cannot find module 'lucide-react' or its corresponding type declarations.
src/icons/Lightbulb.tsx(1,56): error TS2307: Cannot find module 'lucide-react' or its corresponding type declarations.
src/icons/LightbulbOff.tsx(1,59): error TS2307: Cannot find module 'lucide-react' or its corresponding type declarations.
src/icons/LineSquiggle.tsx(1,59): error TS2307: Cannot find module 'lucide-react' or its corresponding type declarations.
src/icons/Link.tsx(1,51): error TS2307: Cannot find module 'lucide-react' or its corresponding type declarations.
src/icons/Link2.tsx(1,52): error TS2307: Cannot find module 'lucide-react' or its corresponding type declarations.
src/icons/Link2Off.tsx(1,55): error TS2307: Cannot find module 'lucide-react' or its corresponding type declarations.
src/icons/Linkedin.tsx(1,55): error TS2307: Cannot find module 'lucide-react' or its corresponding type declarations.
src/icons/List.tsx(1,51): error TS2307: Cannot find module 'lucide-react' or its corresponding type declarations.
src/icons/ListCheck.tsx(1,56): error TS2307: Cannot find module 'lucide-react' or its corresponding type declarations.
src/icons/ListChecks.tsx(1,57): error TS2307: Cannot find module 'lucide-react' or its corresponding type declarations.
src/icons/ListCollapse.tsx(1,59): error TS2307: Cannot find module 'lucide-react' or its corresponding type declarations.
src/icons/ListEnd.tsx(1,54): error TS2307: Cannot find module 'lucide-react' or its corresponding type declarations.
src/icons/ListFilter.tsx(1,57): error TS2307: Cannot find module 'lucide-react' or its corresponding type declarations.
src/icons/ListFilterPlus.tsx(1,61): error TS2307: Cannot find module 'lucide-react' or its corresponding type declarations.
src/icons/ListMinus.tsx(1,56): error TS2307: Cannot find module 'lucide-react' or its corresponding type declarations.
src/icons/ListMusic.tsx(1,56): error TS2307: Cannot find module 'lucide-react' or its corresponding type declarations.
src/icons/ListOrdered.tsx(1,58): error TS2307: Cannot find module 'lucide-react' or its corresponding type declarations.
src/icons/ListPlus.tsx(1,55): error TS2307: Cannot find module 'lucide-react' or its corresponding type declarations.
src/icons/ListRestart.tsx(1,58): error TS2307: Cannot find module 'lucide-react' or its corresponding type declarations.
src/icons/ListStart.tsx(1,56): error TS2307: Cannot find module 'lucide-react' or its corresponding type declarations.
src/icons/ListTodo.tsx(1,55): error TS2307: Cannot find module 'lucide-react' or its corresponding type declarations.
src/icons/ListTree.tsx(1,55): error TS2307: Cannot find module 'lucide-react' or its corresponding type declarations.
src/icons/ListVideo.tsx(1,56): error TS2307: Cannot find module 'lucide-react' or its corresponding type declarations.
src/icons/ListX.tsx(1,52): error TS2307: Cannot find module 'lucide-react' or its corresponding type declarations.
src/icons/Loader.tsx(1,53): error TS2307: Cannot find module 'lucide-react' or its corresponding type declarations.
src/icons/LoaderCircle.tsx(1,59): error TS2307: Cannot find module 'lucide-react' or its corresponding type declarations.
src/icons/LoaderPinwheel.tsx(1,61): error TS2307: Cannot find module 'lucide-react' or its corresponding type declarations.
src/icons/Locate.tsx(1,53): error TS2307: Cannot find module 'lucide-react' or its corresponding type declarations.
src/icons/LocateFixed.tsx(1,58): error TS2307: Cannot find module 'lucide-react' or its corresponding type declarations.
src/icons/LocateOff.tsx(1,56): error TS2307: Cannot find module 'lucide-react' or its corresponding type declarations.
src/icons/LocationEdit.tsx(1,59): error TS2307: Cannot find module 'lucide-react' or its corresponding type declarations.
src/icons/Lock.tsx(1,51): error TS2307: Cannot find module 'lucide-react' or its corresponding type declarations.
src/icons/LockKeyhole.tsx(1,58): error TS2307: Cannot find module 'lucide-react' or its corresponding type declarations.
src/icons/LockKeyholeOpen.tsx(1,62): error TS2307: Cannot find module 'lucide-react' or its corresponding type declarations.
src/icons/LockOpen.tsx(1,55): error TS2307: Cannot find module 'lucide-react' or its corresponding type declarations.
src/icons/LogIn.tsx(1,52): error TS2307: Cannot find module 'lucide-react' or its corresponding type declarations.
src/icons/LogOut.tsx(1,53): error TS2307: Cannot find module 'lucide-react' or its corresponding type declarations.
src/icons/Logs.tsx(1,51): error TS2307: Cannot find module 'lucide-react' or its corresponding type declarations.
src/icons/Lollipop.tsx(1,55): error TS2307: Cannot find module 'lucide-react' or its corresponding type declarations.
src/icons/Luggage.tsx(1,54): error TS2307: Cannot find module 'lucide-react' or its corresponding type declarations.
src/icons/Magnet.tsx(1,53): error TS2307: Cannot find module 'lucide-react' or its corresponding type declarations.
src/icons/Mail.tsx(1,51): error TS2307: Cannot find module 'lucide-react' or its corresponding type declarations.
src/icons/Mailbox.tsx(1,54): error TS2307: Cannot find module 'lucide-react' or its corresponding type declarations.
src/icons/MailCheck.tsx(1,56): error TS2307: Cannot find module 'lucide-react' or its corresponding type declarations.
src/icons/MailMinus.tsx(1,56): error TS2307: Cannot find module 'lucide-react' or its corresponding type declarations.
src/icons/MailOpen.tsx(1,55): error TS2307: Cannot find module 'lucide-react' or its corresponding type declarations.
src/icons/MailPlus.tsx(1,55): error TS2307: Cannot find module 'lucide-react' or its corresponding type declarations.
src/icons/MailQuestionMark.tsx(1,63): error TS2307: Cannot find module 'lucide-react' or its corresponding type declarations.
src/icons/Mails.tsx(1,52): error TS2307: Cannot find module 'lucide-react' or its corresponding type declarations.
src/icons/MailSearch.tsx(1,57): error TS2307: Cannot find module 'lucide-react' or its corresponding type declarations.
src/icons/MailWarning.tsx(1,58): error TS2307: Cannot find module 'lucide-react' or its corresponding type declarations.
src/icons/MailX.tsx(1,52): error TS2307: Cannot find module 'lucide-react' or its corresponding type declarations.
src/icons/Map.tsx(1,50): error TS2307: Cannot find module 'lucide-react' or its corresponding type declarations.
src/icons/MapPin.tsx(1,53): error TS2307: Cannot find module 'lucide-react' or its corresponding type declarations.
src/icons/MapPinCheck.tsx(1,58): error TS2307: Cannot find module 'lucide-react' or its corresponding type declarations.
src/icons/MapPinCheckInside.tsx(1,64): error TS2307: Cannot find module 'lucide-react' or its corresponding type declarations.
src/icons/MapPinHouse.tsx(1,58): error TS2307: Cannot find module 'lucide-react' or its corresponding type declarations.
src/icons/MapPinMinus.tsx(1,58): error TS2307: Cannot find module 'lucide-react' or its corresponding type declarations.
src/icons/MapPinMinusInside.tsx(1,64): error TS2307: Cannot find module 'lucide-react' or its corresponding type declarations.
src/icons/MapPinned.tsx(1,56): error TS2307: Cannot find module 'lucide-react' or its corresponding type declarations.
src/icons/MapPinOff.tsx(1,56): error TS2307: Cannot find module 'lucide-react' or its corresponding type declarations.
src/icons/MapPinPlus.tsx(1,57): error TS2307: Cannot find module 'lucide-react' or its corresponding type declarations.
src/icons/MapPinPlusInside.tsx(1,63): error TS2307: Cannot find module 'lucide-react' or its corresponding type declarations.
src/icons/MapPinX.tsx(1,54): error TS2307: Cannot find module 'lucide-react' or its corresponding type declarations.
src/icons/MapPinXInside.tsx(1,60): error TS2307: Cannot find module 'lucide-react' or its corresponding type declarations.
src/icons/MapPlus.tsx(1,54): error TS2307: Cannot find module 'lucide-react' or its corresponding type declarations.
src/icons/Mars.tsx(1,51): error TS2307: Cannot find module 'lucide-react' or its corresponding type declarations.
src/icons/MarsStroke.tsx(1,57): error TS2307: Cannot find module 'lucide-react' or its corresponding type declarations.
src/icons/Martini.tsx(1,54): error TS2307: Cannot find module 'lucide-react' or its corresponding type declarations.
src/icons/Maximize.tsx(1,55): error TS2307: Cannot find module 'lucide-react' or its corresponding type declarations.
src/icons/Maximize2.tsx(1,56): error TS2307: Cannot find module 'lucide-react' or its corresponding type declarations.
src/icons/Medal.tsx(1,52): error TS2307: Cannot find module 'lucide-react' or its corresponding type declarations.
src/icons/Megaphone.tsx(1,56): error TS2307: Cannot find module 'lucide-react' or its corresponding type declarations.
src/icons/MegaphoneOff.tsx(1,59): error TS2307: Cannot find module 'lucide-react' or its corresponding type declarations.
src/icons/Meh.tsx(1,50): error TS2307: Cannot find module 'lucide-react' or its corresponding type declarations.
src/icons/MemoryStick.tsx(1,58): error TS2307: Cannot find module 'lucide-react' or its corresponding type declarations.
src/icons/Menu.tsx(1,51): error TS2307: Cannot find module 'lucide-react' or its corresponding type declarations.
src/icons/Merge.tsx(1,52): error TS2307: Cannot find module 'lucide-react' or its corresponding type declarations.
src/icons/MessageCircle.tsx(1,60): error TS2307: Cannot find module 'lucide-react' or its corresponding type declarations.
src/icons/MessageCircleCode.tsx(1,64): error TS2307: Cannot find module 'lucide-react' or its corresponding type declarations.
src/icons/MessageCircleDashed.tsx(1,66): error TS2307: Cannot find module 'lucide-react' or its corresponding type declarations.
src/icons/MessageCircleHeart.tsx(1,65): error TS2307: Cannot find module 'lucide-react' or its corresponding type declarations.
src/icons/MessageCircleMore.tsx(1,64): error TS2307: Cannot find module 'lucide-react' or its corresponding type declarations.
src/icons/MessageCircleOff.tsx(1,63): error TS2307: Cannot find module 'lucide-react' or its corresponding type declarations.
src/icons/MessageCirclePlus.tsx(1,64): error TS2307: Cannot find module 'lucide-react' or its corresponding type declarations.
src/icons/MessageCircleQuestionMark.tsx(1,72): error TS2307: Cannot find module 'lucide-react' or its corresponding type declarations.
src/icons/MessageCircleReply.tsx(1,65): error TS2307: Cannot find module 'lucide-react' or its corresponding type declarations.
src/icons/MessageCircleWarning.tsx(1,67): error TS2307: Cannot find module 'lucide-react' or its corresponding type declarations.
src/icons/MessageCircleX.tsx(1,61): error TS2307: Cannot find module 'lucide-react' or its corresponding type declarations.
src/icons/MessageSquare.tsx(1,60): error TS2307: Cannot find module 'lucide-react' or its corresponding type declarations.
src/icons/MessageSquareCode.tsx(1,64): error TS2307: Cannot find module 'lucide-react' or its corresponding type declarations.
src/icons/MessageSquareDashed.tsx(1,66): error TS2307: Cannot find module 'lucide-react' or its corresponding type declarations.
src/icons/MessageSquareDiff.tsx(1,64): error TS2307: Cannot find module 'lucide-react' or its corresponding type declarations.
src/icons/MessageSquareDot.tsx(1,63): error TS2307: Cannot find module 'lucide-react' or its corresponding type declarations.
src/icons/MessageSquareHeart.tsx(1,65): error TS2307: Cannot find module 'lucide-react' or its corresponding type declarations.
src/icons/MessageSquareLock.tsx(1,64): error TS2307: Cannot find module 'lucide-react' or its corresponding type declarations.
src/icons/MessageSquareMore.tsx(1,64): error TS2307: Cannot find module 'lucide-react' or its corresponding type declarations.
src/icons/MessageSquareOff.tsx(1,63): error TS2307: Cannot find module 'lucide-react' or its corresponding type declarations.
src/icons/MessageSquarePlus.tsx(1,64): error TS2307: Cannot find module 'lucide-react' or its corresponding type declarations.
src/icons/MessageSquareQuote.tsx(1,65): error TS2307: Cannot find module 'lucide-react' or its corresponding type declarations.
src/icons/MessageSquareReply.tsx(1,65): error TS2307: Cannot find module 'lucide-react' or its corresponding type declarations.
src/icons/MessageSquareShare.tsx(1,65): error TS2307: Cannot find module 'lucide-react' or its corresponding type declarations.
src/icons/MessageSquareText.tsx(1,64): error TS2307: Cannot find module 'lucide-react' or its corresponding type declarations.
src/icons/MessageSquareWarning.tsx(1,67): error TS2307: Cannot find module 'lucide-react' or its corresponding type declarations.
src/icons/MessageSquareX.tsx(1,61): error TS2307: Cannot find module 'lucide-react' or its corresponding type declarations.
src/icons/MessagesSquare.tsx(1,61): error TS2307: Cannot find module 'lucide-react' or its corresponding type declarations.
src/icons/Mic.tsx(1,50): error TS2307: Cannot find module 'lucide-react' or its corresponding type declarations.
src/icons/MicOff.tsx(1,53): error TS2307: Cannot find module 'lucide-react' or its corresponding type declarations.
src/icons/Microchip.tsx(1,56): error TS2307: Cannot find module 'lucide-react' or its corresponding type declarations.
src/icons/Microscope.tsx(1,57): error TS2307: Cannot find module 'lucide-react' or its corresponding type declarations.
src/icons/Microwave.tsx(1,56): error TS2307: Cannot find module 'lucide-react' or its corresponding type declarations.
src/icons/MicVocal.tsx(1,55): error TS2307: Cannot find module 'lucide-react' or its corresponding type declarations.
src/icons/Milestone.tsx(1,56): error TS2307: Cannot find module 'lucide-react' or its corresponding type declarations.
src/icons/Milk.tsx(1,51): error TS2307: Cannot find module 'lucide-react' or its corresponding type declarations.
src/icons/MilkOff.tsx(1,54): error TS2307: Cannot find module 'lucide-react' or its corresponding type declarations.
src/icons/Minimize.tsx(1,55): error TS2307: Cannot find module 'lucide-react' or its corresponding type declarations.
src/icons/Minimize2.tsx(1,56): error TS2307: Cannot find module 'lucide-react' or its corresponding type declarations.
src/icons/Minus.tsx(1,52): error TS2307: Cannot find module 'lucide-react' or its corresponding type declarations.
src/icons/Monitor.tsx(1,54): error TS2307: Cannot find module 'lucide-react' or its corresponding type declarations.
src/icons/MonitorCheck.tsx(1,59): error TS2307: Cannot find module 'lucide-react' or its corresponding type declarations.
src/icons/MonitorCog.tsx(1,57): error TS2307: Cannot find module 'lucide-react' or its corresponding type declarations.
src/icons/MonitorDot.tsx(1,57): error TS2307: Cannot find module 'lucide-react' or its corresponding type declarations.
src/icons/MonitorDown.tsx(1,58): error TS2307: Cannot find module 'lucide-react' or its corresponding type declarations.
src/icons/MonitorOff.tsx(1,57): error TS2307: Cannot find module 'lucide-react' or its corresponding type declarations.
src/icons/MonitorPause.tsx(1,59): error TS2307: Cannot find module 'lucide-react' or its corresponding type declarations.
src/icons/MonitorPlay.tsx(1,58): error TS2307: Cannot find module 'lucide-react' or its corresponding type declarations.
src/icons/MonitorSmartphone.tsx(1,64): error TS2307: Cannot find module 'lucide-react' or its corresponding type declarations.
src/icons/MonitorSpeaker.tsx(1,61): error TS2307: Cannot find module 'lucide-react' or its corresponding type declarations.
src/icons/MonitorStop.tsx(1,58): error TS2307: Cannot find module 'lucide-react' or its corresponding type declarations.
src/icons/MonitorUp.tsx(1,56): error TS2307: Cannot find module 'lucide-react' or its corresponding type declarations.
src/icons/MonitorX.tsx(1,55): error TS2307: Cannot find module 'lucide-react' or its corresponding type declarations.
src/icons/Moon.tsx(1,51): error TS2307: Cannot find module 'lucide-react' or its corresponding type declarations.
src/icons/MoonStar.tsx(1,55): error TS2307: Cannot find module 'lucide-react' or its corresponding type declarations.
src/icons/Mountain.tsx(1,55): error TS2307: Cannot find module 'lucide-react' or its corresponding type declarations.
src/icons/MountainSnow.tsx(1,59): error TS2307: Cannot find module 'lucide-react' or its corresponding type declarations.
src/icons/Mouse.tsx(1,52): error TS2307: Cannot find module 'lucide-react' or its corresponding type declarations.
src/icons/MouseOff.tsx(1,55): error TS2307: Cannot find module 'lucide-react' or its corresponding type declarations.
src/icons/MousePointer.tsx(1,59): error TS2307: Cannot find module 'lucide-react' or its corresponding type declarations.
src/icons/MousePointer2.tsx(1,60): error TS2307: Cannot find module 'lucide-react' or its corresponding type declarations.
src/icons/MousePointerBan.tsx(1,62): error TS2307: Cannot find module 'lucide-react' or its corresponding type declarations.
src/icons/MousePointerClick.tsx(1,64): error TS2307: Cannot find module 'lucide-react' or its corresponding type declarations.
src/icons/Move.tsx(1,51): error TS2307: Cannot find module 'lucide-react' or its corresponding type declarations.
src/icons/Move3d.tsx(1,53): error TS2307: Cannot find module 'lucide-react' or its corresponding type declarations.
src/icons/MoveDiagonal.tsx(1,59): error TS2307: Cannot find module 'lucide-react' or its corresponding type declarations.
src/icons/MoveDiagonal2.tsx(1,60): error TS2307: Cannot find module 'lucide-react' or its corresponding type declarations.
src/icons/MoveDown.tsx(1,55): error TS2307: Cannot find module 'lucide-react' or its corresponding type declarations.
src/icons/MoveDownLeft.tsx(1,59): error TS2307: Cannot find module 'lucide-react' or its corresponding type declarations.
src/icons/MoveDownRight.tsx(1,60): error TS2307: Cannot find module 'lucide-react' or its corresponding type declarations.
src/icons/MoveHorizontal.tsx(1,61): error TS2307: Cannot find module 'lucide-react' or its corresponding type declarations.
src/icons/MoveLeft.tsx(1,55): error TS2307: Cannot find module 'lucide-react' or its corresponding type declarations.
src/icons/MoveRight.tsx(1,56): error TS2307: Cannot find module 'lucide-react' or its corresponding type declarations.
src/icons/MoveUp.tsx(1,53): error TS2307: Cannot find module 'lucide-react' or its corresponding type declarations.
src/icons/MoveUpLeft.tsx(1,57): error TS2307: Cannot find module 'lucide-react' or its corresponding type declarations.
src/icons/MoveUpRight.tsx(1,58): error TS2307: Cannot find module 'lucide-react' or its corresponding type declarations.
src/icons/MoveVertical.tsx(1,59): error TS2307: Cannot find module 'lucide-react' or its corresponding type declarations.
src/icons/Music.tsx(1,52): error TS2307: Cannot find module 'lucide-react' or its corresponding type declarations.
src/icons/Music2.tsx(1,53): error TS2307: Cannot find module 'lucide-react' or its corresponding type declarations.
src/icons/Music3.tsx(1,53): error TS2307: Cannot find module 'lucide-react' or its corresponding type declarations.
src/icons/Music4.tsx(1,53): error TS2307: Cannot find module 'lucide-react' or its corresponding type declarations.
src/icons/Navigation.tsx(1,57): error TS2307: Cannot find module 'lucide-react' or its corresponding type declarations.
src/icons/Navigation2.tsx(1,58): error TS2307: Cannot find module 'lucide-react' or its corresponding type declarations.
src/icons/Navigation2Off.tsx(1,61): error TS2307: Cannot find module 'lucide-react' or its corresponding type declarations.
src/icons/NavigationOff.tsx(1,60): error TS2307: Cannot find module 'lucide-react' or its corresponding type declarations.
src/icons/Network.tsx(1,54): error TS2307: Cannot find module 'lucide-react' or its corresponding type declarations.
src/icons/Newspaper.tsx(1,56): error TS2307: Cannot find module 'lucide-react' or its corresponding type declarations.
src/icons/Nfc.tsx(1,50): error TS2307: Cannot find module 'lucide-react' or its corresponding type declarations.
src/icons/NonBinary.tsx(1,56): error TS2307: Cannot find module 'lucide-react' or its corresponding type declarations.
src/icons/Notebook.tsx(1,55): error TS2307: Cannot find module 'lucide-react' or its corresponding type declarations.
src/icons/NotebookPen.tsx(1,58): error TS2307: Cannot find module 'lucide-react' or its corresponding type declarations.
src/icons/NotebookTabs.tsx(1,59): error TS2307: Cannot find module 'lucide-react' or its corresponding type declarations.
src/icons/NotebookText.tsx(1,59): error TS2307: Cannot find module 'lucide-react' or its corresponding type declarations.
src/icons/NotepadText.tsx(1,58): error TS2307: Cannot find module 'lucide-react' or its corresponding type declarations.
src/icons/NotepadTextDashed.tsx(1,64): error TS2307: Cannot find module 'lucide-react' or its corresponding type declarations.
src/icons/Nut.tsx(1,50): error TS2307: Cannot find module 'lucide-react' or its corresponding type declarations.
src/icons/NutOff.tsx(1,53): error TS2307: Cannot find module 'lucide-react' or its corresponding type declarations.
src/icons/Octagon.tsx(1,54): error TS2307: Cannot find module 'lucide-react' or its corresponding type declarations.
src/icons/OctagonAlert.tsx(1,59): error TS2307: Cannot find module 'lucide-react' or its corresponding type declarations.
src/icons/OctagonMinus.tsx(1,59): error TS2307: Cannot find module 'lucide-react' or its corresponding type declarations.
src/icons/OctagonPause.tsx(1,59): error TS2307: Cannot find module 'lucide-react' or its corresponding type declarations.
src/icons/OctagonX.tsx(1,55): error TS2307: Cannot find module 'lucide-react' or its corresponding type declarations.
src/icons/Omega.tsx(1,52): error TS2307: Cannot find module 'lucide-react' or its corresponding type declarations.
src/icons/Option.tsx(1,53): error TS2307: Cannot find module 'lucide-react' or its corresponding type declarations.
src/icons/Orbit.tsx(1,52): error TS2307: Cannot find module 'lucide-react' or its corresponding type declarations.
src/icons/Origami.tsx(1,54): error TS2307: Cannot find module 'lucide-react' or its corresponding type declarations.
src/icons/Package.tsx(1,54): error TS2307: Cannot find module 'lucide-react' or its corresponding type declarations.
src/icons/Package2.tsx(1,55): error TS2307: Cannot find module 'lucide-react' or its corresponding type declarations.
src/icons/PackageCheck.tsx(1,59): error TS2307: Cannot find module 'lucide-react' or its corresponding type declarations.
src/icons/PackageMinus.tsx(1,59): error TS2307: Cannot find module 'lucide-react' or its corresponding type declarations.
src/icons/PackageOpen.tsx(1,58): error TS2307: Cannot find module 'lucide-react' or its corresponding type declarations.
src/icons/PackagePlus.tsx(1,58): error TS2307: Cannot find module 'lucide-react' or its corresponding type declarations.
src/icons/PackageSearch.tsx(1,60): error TS2307: Cannot find module 'lucide-react' or its corresponding type declarations.
src/icons/PackageX.tsx(1,55): error TS2307: Cannot find module 'lucide-react' or its corresponding type declarations.
src/icons/Paintbrush.tsx(1,57): error TS2307: Cannot find module 'lucide-react' or its corresponding type declarations.
src/icons/PaintbrushVertical.tsx(1,65): error TS2307: Cannot find module 'lucide-react' or its corresponding type declarations.
src/icons/PaintBucket.tsx(1,58): error TS2307: Cannot find module 'lucide-react' or its corresponding type declarations.
src/icons/PaintRoller.tsx(1,58): error TS2307: Cannot find module 'lucide-react' or its corresponding type declarations.
src/icons/Palette.tsx(1,54): error TS2307: Cannot find module 'lucide-react' or its corresponding type declarations.
src/icons/Panda.tsx(1,52): error TS2307: Cannot find module 'lucide-react' or its corresponding type declarations.
src/icons/PanelBottom.tsx(1,58): error TS2307: Cannot find module 'lucide-react' or its corresponding type declarations.
src/icons/PanelBottomClose.tsx(1,63): error TS2307: Cannot find module 'lucide-react' or its corresponding type declarations.
src/icons/PanelBottomDashed.tsx(1,64): error TS2307: Cannot find module 'lucide-react' or its corresponding type declarations.
src/icons/PanelBottomOpen.tsx(1,62): error TS2307: Cannot find module 'lucide-react' or its corresponding type declarations.
src/icons/PanelLeft.tsx(1,56): error TS2307: Cannot find module 'lucide-react' or its corresponding type declarations.
src/icons/PanelLeftClose.tsx(1,61): error TS2307: Cannot find module 'lucide-react' or its corresponding type declarations.
src/icons/PanelLeftDashed.tsx(1,62): error TS2307: Cannot find module 'lucide-react' or its corresponding type declarations.
src/icons/PanelLeftOpen.tsx(1,60): error TS2307: Cannot find module 'lucide-react' or its corresponding type declarations.
src/icons/PanelRight.tsx(1,57): error TS2307: Cannot find module 'lucide-react' or its corresponding type declarations.
src/icons/PanelRightClose.tsx(1,62): error TS2307: Cannot find module 'lucide-react' or its corresponding type declarations.
src/icons/PanelRightDashed.tsx(1,63): error TS2307: Cannot find module 'lucide-react' or its corresponding type declarations.
src/icons/PanelRightOpen.tsx(1,61): error TS2307: Cannot find module 'lucide-react' or its corresponding type declarations.
src/icons/PanelsLeftBottom.tsx(1,63): error TS2307: Cannot find module 'lucide-react' or its corresponding type declarations.
src/icons/PanelsRightBottom.tsx(1,64): error TS2307: Cannot find module 'lucide-react' or its corresponding type declarations.
src/icons/PanelsTopLeft.tsx(1,60): error TS2307: Cannot find module 'lucide-react' or its corresponding type declarations.
src/icons/PanelTop.tsx(1,55): error TS2307: Cannot find module 'lucide-react' or its corresponding type declarations.
src/icons/PanelTopClose.tsx(1,60): error TS2307: Cannot find module 'lucide-react' or its corresponding type declarations.
src/icons/PanelTopDashed.tsx(1,61): error TS2307: Cannot find module 'lucide-react' or its corresponding type declarations.
src/icons/PanelTopOpen.tsx(1,59): error TS2307: Cannot find module 'lucide-react' or its corresponding type declarations.
src/icons/Paperclip.tsx(1,56): error TS2307: Cannot find module 'lucide-react' or its corresponding type declarations.
src/icons/Parentheses.tsx(1,58): error TS2307: Cannot find module 'lucide-react' or its corresponding type declarations.
src/icons/ParkingMeter.tsx(1,59): error TS2307: Cannot find module 'lucide-react' or its corresponding type declarations.
src/icons/PartyPopper.tsx(1,58): error TS2307: Cannot find module 'lucide-react' or its corresponding type declarations.
src/icons/Pause.tsx(1,52): error TS2307: Cannot find module 'lucide-react' or its corresponding type declarations.
src/icons/PawPrint.tsx(1,55): error TS2307: Cannot find module 'lucide-react' or its corresponding type declarations.
src/icons/PcCase.tsx(1,53): error TS2307: Cannot find module 'lucide-react' or its corresponding type declarations.
src/icons/Pen.tsx(1,50): error TS2307: Cannot find module 'lucide-react' or its corresponding type declarations.
src/icons/Pencil.tsx(1,53): error TS2307: Cannot find module 'lucide-react' or its corresponding type declarations.
src/icons/PencilLine.tsx(1,57): error TS2307: Cannot find module 'lucide-react' or its corresponding type declarations.
src/icons/PencilOff.tsx(1,56): error TS2307: Cannot find module 'lucide-react' or its corresponding type declarations.
src/icons/PencilRuler.tsx(1,58): error TS2307: Cannot find module 'lucide-react' or its corresponding type declarations.
src/icons/PenLine.tsx(1,54): error TS2307: Cannot find module 'lucide-react' or its corresponding type declarations.
src/icons/PenOff.tsx(1,53): error TS2307: Cannot find module 'lucide-react' or its corresponding type declarations.
src/icons/Pentagon.tsx(1,55): error TS2307: Cannot find module 'lucide-react' or its corresponding type declarations.
src/icons/PenTool.tsx(1,54): error TS2307: Cannot find module 'lucide-react' or its corresponding type declarations.
src/icons/Percent.tsx(1,54): error TS2307: Cannot find module 'lucide-react' or its corresponding type declarations.
src/icons/PersonStanding.tsx(1,61): error TS2307: Cannot find module 'lucide-react' or its corresponding type declarations.
src/icons/PhilippinePeso.tsx(1,61): error TS2307: Cannot find module 'lucide-react' or its corresponding type declarations.
src/icons/Phone.tsx(1,52): error TS2307: Cannot find module 'lucide-react' or its corresponding type declarations.
src/icons/PhoneCall.tsx(1,56): error TS2307: Cannot find module 'lucide-react' or its corresponding type declarations.
src/icons/PhoneForwarded.tsx(1,61): error TS2307: Cannot find module 'lucide-react' or its corresponding type declarations.
src/icons/PhoneIncoming.tsx(1,60): error TS2307: Cannot find module 'lucide-react' or its corresponding type declarations.
src/icons/PhoneMissed.tsx(1,58): error TS2307: Cannot find module 'lucide-react' or its corresponding type declarations.
src/icons/PhoneOff.tsx(1,55): error TS2307: Cannot find module 'lucide-react' or its corresponding type declarations.
src/icons/PhoneOutgoing.tsx(1,60): error TS2307: Cannot find module 'lucide-react' or its corresponding type declarations.
src/icons/Pi.tsx(1,49): error TS2307: Cannot find module 'lucide-react' or its corresponding type declarations.
src/icons/Piano.tsx(1,52): error TS2307: Cannot find module 'lucide-react' or its corresponding type declarations.
src/icons/Pickaxe.tsx(1,54): error TS2307: Cannot find module 'lucide-react' or its corresponding type declarations.
src/icons/PictureInPicture.tsx(1,63): error TS2307: Cannot find module 'lucide-react' or its corresponding type declarations.
src/icons/PictureInPicture2.tsx(1,64): error TS2307: Cannot find module 'lucide-react' or its corresponding type declarations.
src/icons/PiggyBank.tsx(1,56): error TS2307: Cannot find module 'lucide-react' or its corresponding type declarations.
src/icons/Pilcrow.tsx(1,54): error TS2307: Cannot find module 'lucide-react' or its corresponding type declarations.
src/icons/PilcrowLeft.tsx(1,58): error TS2307: Cannot find module 'lucide-react' or its corresponding type declarations.
src/icons/PilcrowRight.tsx(1,59): error TS2307: Cannot find module 'lucide-react' or its corresponding type declarations.
src/icons/Pill.tsx(1,51): error TS2307: Cannot find module 'lucide-react' or its corresponding type declarations.
src/icons/PillBottle.tsx(1,57): error TS2307: Cannot find module 'lucide-react' or its corresponding type declarations.
src/icons/Pin.tsx(1,50): error TS2307: Cannot find module 'lucide-react' or its corresponding type declarations.
src/icons/PinOff.tsx(1,53): error TS2307: Cannot find module 'lucide-react' or its corresponding type declarations.
src/icons/Pipette.tsx(1,54): error TS2307: Cannot find module 'lucide-react' or its corresponding type declarations.
src/icons/Pizza.tsx(1,52): error TS2307: Cannot find module 'lucide-react' or its corresponding type declarations.
src/icons/Plane.tsx(1,52): error TS2307: Cannot find module 'lucide-react' or its corresponding type declarations.
src/icons/PlaneLanding.tsx(1,59): error TS2307: Cannot find module 'lucide-react' or its corresponding type declarations.
src/icons/PlaneTakeoff.tsx(1,59): error TS2307: Cannot find module 'lucide-react' or its corresponding type declarations.
src/icons/Play.tsx(1,51): error TS2307: Cannot find module 'lucide-react' or its corresponding type declarations.
src/icons/Plug.tsx(1,51): error TS2307: Cannot find module 'lucide-react' or its corresponding type declarations.
src/icons/Plug2.tsx(1,52): error TS2307: Cannot find module 'lucide-react' or its corresponding type declarations.
src/icons/PlugZap.tsx(1,54): error TS2307: Cannot find module 'lucide-react' or its corresponding type declarations.
src/icons/Plus.tsx(1,51): error TS2307: Cannot find module 'lucide-react' or its corresponding type declarations.
src/icons/Pocket.tsx(1,53): error TS2307: Cannot find module 'lucide-react' or its corresponding type declarations.
src/icons/PocketKnife.tsx(1,58): error TS2307: Cannot find module 'lucide-react' or its corresponding type declarations.
src/icons/Podcast.tsx(1,54): error TS2307: Cannot find module 'lucide-react' or its corresponding type declarations.
src/icons/Pointer.tsx(1,54): error TS2307: Cannot find module 'lucide-react' or its corresponding type declarations.
src/icons/PointerOff.tsx(1,57): error TS2307: Cannot find module 'lucide-react' or its corresponding type declarations.
src/icons/Popcorn.tsx(1,54): error TS2307: Cannot find module 'lucide-react' or its corresponding type declarations.
src/icons/Popsicle.tsx(1,55): error TS2307: Cannot find module 'lucide-react' or its corresponding type declarations.
src/icons/PoundSterling.tsx(1,60): error TS2307: Cannot find module 'lucide-react' or its corresponding type declarations.
src/icons/Power.tsx(1,52): error TS2307: Cannot find module 'lucide-react' or its corresponding type declarations.
src/icons/PowerOff.tsx(1,55): error TS2307: Cannot find module 'lucide-react' or its corresponding type declarations.
src/icons/Presentation.tsx(1,59): error TS2307: Cannot find module 'lucide-react' or its corresponding type declarations.
src/icons/Printer.tsx(1,54): error TS2307: Cannot find module 'lucide-react' or its corresponding type declarations.
src/icons/PrinterCheck.tsx(1,59): error TS2307: Cannot find module 'lucide-react' or its corresponding type declarations.
src/icons/Projector.tsx(1,56): error TS2307: Cannot find module 'lucide-react' or its corresponding type declarations.
src/icons/Proportions.tsx(1,58): error TS2307: Cannot find module 'lucide-react' or its corresponding type declarations.
src/icons/Puzzle.tsx(1,53): error TS2307: Cannot find module 'lucide-react' or its corresponding type declarations.
src/icons/Pyramid.tsx(1,54): error TS2307: Cannot find module 'lucide-react' or its corresponding type declarations.
src/icons/QrCode.tsx(1,53): error TS2307: Cannot find module 'lucide-react' or its corresponding type declarations.
src/icons/Quote.tsx(1,52): error TS2307: Cannot find module 'lucide-react' or its corresponding type declarations.
src/icons/Rabbit.tsx(1,53): error TS2307: Cannot find module 'lucide-react' or its corresponding type declarations.
src/icons/Radar.tsx(1,52): error TS2307: Cannot find module 'lucide-react' or its corresponding type declarations.
src/icons/Radiation.tsx(1,56): error TS2307: Cannot find module 'lucide-react' or its corresponding type declarations.
src/icons/Radical.tsx(1,54): error TS2307: Cannot find module 'lucide-react' or its corresponding type declarations.
src/icons/Radio.tsx(1,52): error TS2307: Cannot find module 'lucide-react' or its corresponding type declarations.
src/icons/RadioReceiver.tsx(1,60): error TS2307: Cannot find module 'lucide-react' or its corresponding type declarations.
src/icons/RadioTower.tsx(1,57): error TS2307: Cannot find module 'lucide-react' or its corresponding type declarations.
src/icons/Radius.tsx(1,53): error TS2307: Cannot find module 'lucide-react' or its corresponding type declarations.
src/icons/RailSymbol.tsx(1,57): error TS2307: Cannot find module 'lucide-react' or its corresponding type declarations.
src/icons/Rainbow.tsx(1,54): error TS2307: Cannot find module 'lucide-react' or its corresponding type declarations.
src/icons/Rat.tsx(1,50): error TS2307: Cannot find module 'lucide-react' or its corresponding type declarations.
src/icons/Ratio.tsx(1,52): error TS2307: Cannot find module 'lucide-react' or its corresponding type declarations.
src/icons/Receipt.tsx(1,54): error TS2307: Cannot find module 'lucide-react' or its corresponding type declarations.
src/icons/ReceiptCent.tsx(1,58): error TS2307: Cannot find module 'lucide-react' or its corresponding type declarations.
src/icons/ReceiptEuro.tsx(1,58): error TS2307: Cannot find module 'lucide-react' or its corresponding type declarations.
src/icons/ReceiptIndianRupee.tsx(1,65): error TS2307: Cannot find module 'lucide-react' or its corresponding type declarations.
src/icons/ReceiptJapaneseYen.tsx(1,65): error TS2307: Cannot find module 'lucide-react' or its corresponding type declarations.
src/icons/ReceiptPoundSterling.tsx(1,67): error TS2307: Cannot find module 'lucide-react' or its corresponding type declarations.
src/icons/ReceiptRussianRuble.tsx(1,66): error TS2307: Cannot find module 'lucide-react' or its corresponding type declarations.
src/icons/ReceiptSwissFranc.tsx(1,64): error TS2307: Cannot find module 'lucide-react' or its corresponding type declarations.
src/icons/ReceiptText.tsx(1,58): error TS2307: Cannot find module 'lucide-react' or its corresponding type declarations.
src/icons/RectangleCircle.tsx(1,62): error TS2307: Cannot find module 'lucide-react' or its corresponding type declarations.
src/icons/RectangleEllipsis.tsx(1,64): error TS2307: Cannot find module 'lucide-react' or its corresponding type declarations.
src/icons/RectangleGoggles.tsx(1,63): error TS2307: Cannot find module 'lucide-react' or its corresponding type declarations.
src/icons/RectangleHorizontal.tsx(1,66): error TS2307: Cannot find module 'lucide-react' or its corresponding type declarations.
src/icons/RectangleVertical.tsx(1,64): error TS2307: Cannot find module 'lucide-react' or its corresponding type declarations.
src/icons/Recycle.tsx(1,54): error TS2307: Cannot find module 'lucide-react' or its corresponding type declarations.
src/icons/Redo.tsx(1,51): error TS2307: Cannot find module 'lucide-react' or its corresponding type declarations.
src/icons/Redo2.tsx(1,52): error TS2307: Cannot find module 'lucide-react' or its corresponding type declarations.
src/icons/RedoDot.tsx(1,54): error TS2307: Cannot find module 'lucide-react' or its corresponding type declarations.
src/icons/RefreshCcw.tsx(1,57): error TS2307: Cannot find module 'lucide-react' or its corresponding type declarations.
src/icons/RefreshCcwDot.tsx(1,60): error TS2307: Cannot find module 'lucide-react' or its corresponding type declarations.
src/icons/RefreshCw.tsx(1,56): error TS2307: Cannot find module 'lucide-react' or its corresponding type declarations.
src/icons/RefreshCwOff.tsx(1,59): error TS2307: Cannot find module 'lucide-react' or its corresponding type declarations.
src/icons/Refrigerator.tsx(1,59): error TS2307: Cannot find module 'lucide-react' or its corresponding type declarations.
src/icons/Regex.tsx(1,52): error TS2307: Cannot find module 'lucide-react' or its corresponding type declarations.
src/icons/RemoveFormatting.tsx(1,63): error TS2307: Cannot find module 'lucide-react' or its corresponding type declarations.
src/icons/Repeat.tsx(1,53): error TS2307: Cannot find module 'lucide-react' or its corresponding type declarations.
src/icons/Repeat1.tsx(1,54): error TS2307: Cannot find module 'lucide-react' or its corresponding type declarations.
src/icons/Repeat2.tsx(1,54): error TS2307: Cannot find module 'lucide-react' or its corresponding type declarations.
src/icons/Replace.tsx(1,54): error TS2307: Cannot find module 'lucide-react' or its corresponding type declarations.
src/icons/ReplaceAll.tsx(1,57): error TS2307: Cannot find module 'lucide-react' or its corresponding type declarations.
src/icons/Reply.tsx(1,52): error TS2307: Cannot find module 'lucide-react' or its corresponding type declarations.
src/icons/ReplyAll.tsx(1,55): error TS2307: Cannot find module 'lucide-react' or its corresponding type declarations.
src/icons/Rewind.tsx(1,53): error TS2307: Cannot find module 'lucide-react' or its corresponding type declarations.
src/icons/Ribbon.tsx(1,53): error TS2307: Cannot find module 'lucide-react' or its corresponding type declarations.
src/icons/Rocket.tsx(1,53): error TS2307: Cannot find module 'lucide-react' or its corresponding type declarations.
src/icons/RockingChair.tsx(1,59): error TS2307: Cannot find module 'lucide-react' or its corresponding type declarations.
src/icons/RollerCoaster.tsx(1,60): error TS2307: Cannot find module 'lucide-react' or its corresponding type declarations.
src/icons/Rotate3d.tsx(1,55): error TS2307: Cannot find module 'lucide-react' or its corresponding type declarations.
src/icons/RotateCcw.tsx(1,56): error TS2307: Cannot find module 'lucide-react' or its corresponding type declarations.
src/icons/RotateCcwKey.tsx(1,59): error TS2307: Cannot find module 'lucide-react' or its corresponding type declarations.
src/icons/RotateCcwSquare.tsx(1,62): error TS2307: Cannot find module 'lucide-react' or its corresponding type declarations.
src/icons/RotateCw.tsx(1,55): error TS2307: Cannot find module 'lucide-react' or its corresponding type declarations.
src/icons/RotateCwSquare.tsx(1,61): error TS2307: Cannot find module 'lucide-react' or its corresponding type declarations.
src/icons/Route.tsx(1,52): error TS2307: Cannot find module 'lucide-react' or its corresponding type declarations.
src/icons/RouteOff.tsx(1,55): error TS2307: Cannot find module 'lucide-react' or its corresponding type declarations.
src/icons/Router.tsx(1,53): error TS2307: Cannot find module 'lucide-react' or its corresponding type declarations.
src/icons/Rows2.tsx(1,52): error TS2307: Cannot find module 'lucide-react' or its corresponding type declarations.
src/icons/Rows3.tsx(1,52): error TS2307: Cannot find module 'lucide-react' or its corresponding type declarations.
src/icons/Rows4.tsx(1,52): error TS2307: Cannot find module 'lucide-react' or its corresponding type declarations.
src/icons/Rss.tsx(1,50): error TS2307: Cannot find module 'lucide-react' or its corresponding type declarations.
src/icons/Ruler.tsx(1,52): error TS2307: Cannot find module 'lucide-react' or its corresponding type declarations.
src/icons/RulerDimensionLine.tsx(1,65): error TS2307: Cannot find module 'lucide-react' or its corresponding type declarations.
src/icons/RussianRuble.tsx(1,59): error TS2307: Cannot find module 'lucide-react' or its corresponding type declarations.
src/icons/Sailboat.tsx(1,55): error TS2307: Cannot find module 'lucide-react' or its corresponding type declarations.
src/icons/Salad.tsx(1,52): error TS2307: Cannot find module 'lucide-react' or its corresponding type declarations.
src/icons/Sandwich.tsx(1,55): error TS2307: Cannot find module 'lucide-react' or its corresponding type declarations.
src/icons/Satellite.tsx(1,56): error TS2307: Cannot find module 'lucide-react' or its corresponding type declarations.
src/icons/SatelliteDish.tsx(1,60): error TS2307: Cannot find module 'lucide-react' or its corresponding type declarations.
src/icons/SaudiRiyal.tsx(1,57): error TS2307: Cannot find module 'lucide-react' or its corresponding type declarations.
src/icons/Save.tsx(1,51): error TS2307: Cannot find module 'lucide-react' or its corresponding type declarations.
src/icons/SaveAll.tsx(1,54): error TS2307: Cannot find module 'lucide-react' or its corresponding type declarations.
src/icons/SaveOff.tsx(1,54): error TS2307: Cannot find module 'lucide-react' or its corresponding type declarations.
src/icons/Scale.tsx(1,52): error TS2307: Cannot find module 'lucide-react' or its corresponding type declarations.
src/icons/Scale3d.tsx(1,54): error TS2307: Cannot find module 'lucide-react' or its corresponding type declarations.
src/icons/Scaling.tsx(1,54): error TS2307: Cannot find module 'lucide-react' or its corresponding type declarations.
src/icons/Scan.tsx(1,51): error TS2307: Cannot find module 'lucide-react' or its corresponding type declarations.
src/icons/ScanBarcode.tsx(1,58): error TS2307: Cannot find module 'lucide-react' or its corresponding type declarations.
src/icons/ScanEye.tsx(1,54): error TS2307: Cannot find module 'lucide-react' or its corresponding type declarations.
src/icons/ScanFace.tsx(1,55): error TS2307: Cannot find module 'lucide-react' or its corresponding type declarations.
src/icons/ScanHeart.tsx(1,56): error TS2307: Cannot find module 'lucide-react' or its corresponding type declarations.
src/icons/ScanLine.tsx(1,55): error TS2307: Cannot find module 'lucide-react' or its corresponding type declarations.
src/icons/ScanQrCode.tsx(1,57): error TS2307: Cannot find module 'lucide-react' or its corresponding type declarations.
src/icons/ScanSearch.tsx(1,57): error TS2307: Cannot find module 'lucide-react' or its corresponding type declarations.
src/icons/ScanText.tsx(1,55): error TS2307: Cannot find module 'lucide-react' or its corresponding type declarations.
src/icons/School.tsx(1,53): error TS2307: Cannot find module 'lucide-react' or its corresponding type declarations.
src/icons/Scissors.tsx(1,55): error TS2307: Cannot find module 'lucide-react' or its corresponding type declarations.
src/icons/ScissorsLineDashed.tsx(1,65): error TS2307: Cannot find module 'lucide-react' or its corresponding type declarations.
src/icons/ScreenShare.tsx(1,58): error TS2307: Cannot find module 'lucide-react' or its corresponding type declarations.
src/icons/ScreenShareOff.tsx(1,61): error TS2307: Cannot find module 'lucide-react' or its corresponding type declarations.
src/icons/Scroll.tsx(1,53): error TS2307: Cannot find module 'lucide-react' or its corresponding type declarations.
src/icons/ScrollText.tsx(1,57): error TS2307: Cannot find module 'lucide-react' or its corresponding type declarations.
src/icons/Search.tsx(1,53): error TS2307: Cannot find module 'lucide-react' or its corresponding type declarations.
src/icons/SearchCheck.tsx(1,58): error TS2307: Cannot find module 'lucide-react' or its corresponding type declarations.
src/icons/SearchCode.tsx(1,57): error TS2307: Cannot find module 'lucide-react' or its corresponding type declarations.
src/icons/SearchSlash.tsx(1,58): error TS2307: Cannot find module 'lucide-react' or its corresponding type declarations.
src/icons/SearchX.tsx(1,54): error TS2307: Cannot find module 'lucide-react' or its corresponding type declarations.
src/icons/Section.tsx(1,54): error TS2307: Cannot find module 'lucide-react' or its corresponding type declarations.
src/icons/Send.tsx(1,51): error TS2307: Cannot find module 'lucide-react' or its corresponding type declarations.
src/icons/SendHorizontal.tsx(1,61): error TS2307: Cannot find module 'lucide-react' or its corresponding type declarations.
src/icons/SendToBack.tsx(1,57): error TS2307: Cannot find module 'lucide-react' or its corresponding type declarations.
src/icons/SeparatorHorizontal.tsx(1,66): error TS2307: Cannot find module 'lucide-react' or its corresponding type declarations.
src/icons/SeparatorVertical.tsx(1,64): error TS2307: Cannot find module 'lucide-react' or its corresponding type declarations.
src/icons/Server.tsx(1,53): error TS2307: Cannot find module 'lucide-react' or its corresponding type declarations.
src/icons/ServerCog.tsx(1,56): error TS2307: Cannot find module 'lucide-react' or its corresponding type declarations.
src/icons/ServerCrash.tsx(1,58): error TS2307: Cannot find module 'lucide-react' or its corresponding type declarations.
src/icons/ServerOff.tsx(1,56): error TS2307: Cannot find module 'lucide-react' or its corresponding type declarations.
src/icons/Settings.tsx(1,55): error TS2307: Cannot find module 'lucide-react' or its corresponding type declarations.
src/icons/Settings2.tsx(1,56): error TS2307: Cannot find module 'lucide-react' or its corresponding type declarations.
src/icons/Shapes.tsx(1,53): error TS2307: Cannot find module 'lucide-react' or its corresponding type declarations.
src/icons/Share.tsx(1,52): error TS2307: Cannot find module 'lucide-react' or its corresponding type declarations.
src/icons/Share2.tsx(1,53): error TS2307: Cannot find module 'lucide-react' or its corresponding type declarations.
src/icons/Sheet.tsx(1,52): error TS2307: Cannot find module 'lucide-react' or its corresponding type declarations.
src/icons/Shell.tsx(1,52): error TS2307: Cannot find module 'lucide-react' or its corresponding type declarations.
src/icons/Shield.tsx(1,53): error TS2307: Cannot find module 'lucide-react' or its corresponding type declarations.
src/icons/ShieldAlert.tsx(1,58): error TS2307: Cannot find module 'lucide-react' or its corresponding type declarations.
src/icons/ShieldBan.tsx(1,56): error TS2307: Cannot find module 'lucide-react' or its corresponding type declarations.
src/icons/ShieldCheck.tsx(1,58): error TS2307: Cannot find module 'lucide-react' or its corresponding type declarations.
src/icons/ShieldEllipsis.tsx(1,61): error TS2307: Cannot find module 'lucide-react' or its corresponding type declarations.
src/icons/ShieldHalf.tsx(1,57): error TS2307: Cannot find module 'lucide-react' or its corresponding type declarations.
src/icons/ShieldMinus.tsx(1,58): error TS2307: Cannot find module 'lucide-react' or its corresponding type declarations.
src/icons/ShieldOff.tsx(1,56): error TS2307: Cannot find module 'lucide-react' or its corresponding type declarations.
src/icons/ShieldPlus.tsx(1,57): error TS2307: Cannot find module 'lucide-react' or its corresponding type declarations.
src/icons/ShieldQuestionMark.tsx(1,65): error TS2307: Cannot find module 'lucide-react' or its corresponding type declarations.
src/icons/ShieldUser.tsx(1,57): error TS2307: Cannot find module 'lucide-react' or its corresponding type declarations.
src/icons/ShieldX.tsx(1,54): error TS2307: Cannot find module 'lucide-react' or its corresponding type declarations.
src/icons/Ship.tsx(1,51): error TS2307: Cannot find module 'lucide-react' or its corresponding type declarations.
src/icons/ShipWheel.tsx(1,56): error TS2307: Cannot find module 'lucide-react' or its corresponding type declarations.
src/icons/Shirt.tsx(1,52): error TS2307: Cannot find module 'lucide-react' or its corresponding type declarations.
src/icons/ShoppingBag.tsx(1,58): error TS2307: Cannot find module 'lucide-react' or its corresponding type declarations.
src/icons/ShoppingBasket.tsx(1,61): error TS2307: Cannot find module 'lucide-react' or its corresponding type declarations.
src/icons/ShoppingCart.tsx(1,59): error TS2307: Cannot find module 'lucide-react' or its corresponding type declarations.
src/icons/Shovel.tsx(1,53): error TS2307: Cannot find module 'lucide-react' or its corresponding type declarations.
src/icons/ShowerHead.tsx(1,57): error TS2307: Cannot find module 'lucide-react' or its corresponding type declarations.
src/icons/Shredder.tsx(1,55): error TS2307: Cannot find module 'lucide-react' or its corresponding type declarations.
src/icons/Shrimp.tsx(1,53): error TS2307: Cannot find module 'lucide-react' or its corresponding type declarations.
src/icons/Shrink.tsx(1,53): error TS2307: Cannot find module 'lucide-react' or its corresponding type declarations.
src/icons/Shrub.tsx(1,52): error TS2307: Cannot find module 'lucide-react' or its corresponding type declarations.
src/icons/Shuffle.tsx(1,54): error TS2307: Cannot find module 'lucide-react' or its corresponding type declarations.
src/icons/Sigma.tsx(1,52): error TS2307: Cannot find module 'lucide-react' or its corresponding type declarations.
src/icons/Signal.tsx(1,53): error TS2307: Cannot find module 'lucide-react' or its corresponding type declarations.
src/icons/SignalHigh.tsx(1,57): error TS2307: Cannot find module 'lucide-react' or its corresponding type declarations.
src/icons/SignalLow.tsx(1,56): error TS2307: Cannot find module 'lucide-react' or its corresponding type declarations.
src/icons/SignalMedium.tsx(1,59): error TS2307: Cannot find module 'lucide-react' or its corresponding type declarations.
src/icons/SignalZero.tsx(1,57): error TS2307: Cannot find module 'lucide-react' or its corresponding type declarations.
src/icons/Signature.tsx(1,56): error TS2307: Cannot find module 'lucide-react' or its corresponding type declarations.
src/icons/Signpost.tsx(1,55): error TS2307: Cannot find module 'lucide-react' or its corresponding type declarations.
src/icons/SignpostBig.tsx(1,58): error TS2307: Cannot find module 'lucide-react' or its corresponding type declarations.
src/icons/Siren.tsx(1,52): error TS2307: Cannot find module 'lucide-react' or its corresponding type declarations.
src/icons/SkipBack.tsx(1,55): error TS2307: Cannot find module 'lucide-react' or its corresponding type declarations.
src/icons/SkipForward.tsx(1,58): error TS2307: Cannot find module 'lucide-react' or its corresponding type declarations.
src/icons/Skull.tsx(1,52): error TS2307: Cannot find module 'lucide-react' or its corresponding type declarations.
src/icons/Slack.tsx(1,52): error TS2307: Cannot find module 'lucide-react' or its corresponding type declarations.
src/icons/Slash.tsx(1,52): error TS2307: Cannot find module 'lucide-react' or its corresponding type declarations.
src/icons/Slice.tsx(1,52): error TS2307: Cannot find module 'lucide-react' or its corresponding type declarations.
src/icons/SlidersHorizontal.tsx(1,64): error TS2307: Cannot find module 'lucide-react' or its corresponding type declarations.
src/icons/SlidersVertical.tsx(1,62): error TS2307: Cannot find module 'lucide-react' or its corresponding type declarations.
src/icons/Smartphone.tsx(1,57): error TS2307: Cannot find module 'lucide-react' or its corresponding type declarations.
src/icons/SmartphoneCharging.tsx(1,65): error TS2307: Cannot find module 'lucide-react' or its corresponding type declarations.
src/icons/SmartphoneNfc.tsx(1,60): error TS2307: Cannot find module 'lucide-react' or its corresponding type declarations.
src/icons/Smile.tsx(1,52): error TS2307: Cannot find module 'lucide-react' or its corresponding type declarations.
src/icons/SmilePlus.tsx(1,56): error TS2307: Cannot find module 'lucide-react' or its corresponding type declarations.
src/icons/Snail.tsx(1,52): error TS2307: Cannot find module 'lucide-react' or its corresponding type declarations.
src/icons/Snowflake.tsx(1,56): error TS2307: Cannot find module 'lucide-react' or its corresponding type declarations.
src/icons/SoapDispenserDroplet.tsx(1,67): error TS2307: Cannot find module 'lucide-react' or its corresponding type declarations.
src/icons/Sofa.tsx(1,51): error TS2307: Cannot find module 'lucide-react' or its corresponding type declarations.
src/icons/Soup.tsx(1,51): error TS2307: Cannot find module 'lucide-react' or its corresponding type declarations.
src/icons/Space.tsx(1,52): error TS2307: Cannot find module 'lucide-react' or its corresponding type declarations.
src/icons/Spade.tsx(1,52): error TS2307: Cannot find module 'lucide-react' or its corresponding type declarations.
src/icons/Sparkle.tsx(1,54): error TS2307: Cannot find module 'lucide-react' or its corresponding type declarations.
src/icons/Sparkles.tsx(1,55): error TS2307: Cannot find module 'lucide-react' or its corresponding type declarations.
src/icons/Speaker.tsx(1,54): error TS2307: Cannot find module 'lucide-react' or its corresponding type declarations.
src/icons/Speech.tsx(1,53): error TS2307: Cannot find module 'lucide-react' or its corresponding type declarations.
src/icons/SpellCheck.tsx(1,57): error TS2307: Cannot find module 'lucide-react' or its corresponding type declarations.
src/icons/SpellCheck2.tsx(1,58): error TS2307: Cannot find module 'lucide-react' or its corresponding type declarations.
src/icons/Spline.tsx(1,53): error TS2307: Cannot find module 'lucide-react' or its corresponding type declarations.
src/icons/SplinePointer.tsx(1,60): error TS2307: Cannot find module 'lucide-react' or its corresponding type declarations.
src/icons/Split.tsx(1,52): error TS2307: Cannot find module 'lucide-react' or its corresponding type declarations.
src/icons/Spool.tsx(1,52): error TS2307: Cannot find module 'lucide-react' or its corresponding type declarations.
src/icons/SprayCan.tsx(1,55): error TS2307: Cannot find module 'lucide-react' or its corresponding type declarations.
src/icons/Sprout.tsx(1,53): error TS2307: Cannot find module 'lucide-react' or its corresponding type declarations.
src/icons/Square.tsx(1,53): error TS2307: Cannot find module 'lucide-react' or its corresponding type declarations.
src/icons/SquareActivity.tsx(1,61): error TS2307: Cannot find module 'lucide-react' or its corresponding type declarations.
src/icons/SquareArrowDown.tsx(1,62): error TS2307: Cannot find module 'lucide-react' or its corresponding type declarations.
src/icons/SquareArrowDownLeft.tsx(1,66): error TS2307: Cannot find module 'lucide-react' or its corresponding type declarations.
src/icons/SquareArrowDownRight.tsx(1,67): error TS2307: Cannot find module 'lucide-react' or its corresponding type declarations.
src/icons/SquareArrowLeft.tsx(1,62): error TS2307: Cannot find module 'lucide-react' or its corresponding type declarations.
src/icons/SquareArrowOutDownLeft.tsx(1,69): error TS2307: Cannot find module 'lucide-react' or its corresponding type declarations.
src/icons/SquareArrowOutDownRight.tsx(1,70): error TS2307: Cannot find module 'lucide-react' or its corresponding type declarations.
src/icons/SquareArrowOutUpLeft.tsx(1,67): error TS2307: Cannot find module 'lucide-react' or its corresponding type declarations.
src/icons/SquareArrowOutUpRight.tsx(1,68): error TS2307: Cannot find module 'lucide-react' or its corresponding type declarations.
src/icons/SquareArrowRight.tsx(1,63): error TS2307: Cannot find module 'lucide-react' or its corresponding type declarations.
src/icons/SquareArrowUp.tsx(1,60): error TS2307: Cannot find module 'lucide-react' or its corresponding type declarations.
src/icons/SquareArrowUpLeft.tsx(1,64): error TS2307: Cannot find module 'lucide-react' or its corresponding type declarations.
src/icons/SquareArrowUpRight.tsx(1,65): error TS2307: Cannot find module 'lucide-react' or its corresponding type declarations.
src/icons/SquareAsterisk.tsx(1,61): error TS2307: Cannot find module 'lucide-react' or its corresponding type declarations.
src/icons/SquareBottomDashedScissors.tsx(1,73): error TS2307: Cannot find module 'lucide-react' or its corresponding type declarations.
src/icons/SquareChartGantt.tsx(1,63): error TS2307: Cannot find module 'lucide-react' or its corresponding type declarations.
src/icons/SquareCheck.tsx(1,58): error TS2307: Cannot find module 'lucide-react' or its corresponding type declarations.
src/icons/SquareCheckBig.tsx(1,61): error TS2307: Cannot find module 'lucide-react' or its corresponding type declarations.
src/icons/SquareChevronDown.tsx(1,64): error TS2307: Cannot find module 'lucide-react' or its corresponding type declarations.
src/icons/SquareChevronLeft.tsx(1,64): error TS2307: Cannot find module 'lucide-react' or its corresponding type declarations.
src/icons/SquareChevronRight.tsx(1,65): error TS2307: Cannot find module 'lucide-react' or its corresponding type declarations.
src/icons/SquareChevronUp.tsx(1,62): error TS2307: Cannot find module 'lucide-react' or its corresponding type declarations.
src/icons/SquareCode.tsx(1,57): error TS2307: Cannot find module 'lucide-react' or its corresponding type declarations.
src/icons/SquareDashed.tsx(1,59): error TS2307: Cannot find module 'lucide-react' or its corresponding type declarations.
src/icons/SquareDashedBottom.tsx(1,65): error TS2307: Cannot find module 'lucide-react' or its corresponding type declarations.
src/icons/SquareDashedBottomCode.tsx(1,69): error TS2307: Cannot find module 'lucide-react' or its corresponding type declarations.
src/icons/SquareDashedKanban.tsx(1,65): error TS2307: Cannot find module 'lucide-react' or its corresponding type declarations.
src/icons/SquareDashedMousePointer.tsx(1,71): error TS2307: Cannot find module 'lucide-react' or its corresponding type declarations.
src/icons/SquareDashedTopSolid.tsx(1,67): error TS2307: Cannot find module 'lucide-react' or its corresponding type declarations.
src/icons/SquareDivide.tsx(1,59): error TS2307: Cannot find module 'lucide-react' or its corresponding type declarations.
src/icons/SquareDot.tsx(1,56): error TS2307: Cannot find module 'lucide-react' or its corresponding type declarations.
src/icons/SquareEqual.tsx(1,58): error TS2307: Cannot find module 'lucide-react' or its corresponding type declarations.
src/icons/SquareFunction.tsx(1,61): error TS2307: Cannot find module 'lucide-react' or its corresponding type declarations.
src/icons/SquareKanban.tsx(1,59): error TS2307: Cannot find module 'lucide-react' or its corresponding type declarations.
src/icons/SquareLibrary.tsx(1,60): error TS2307: Cannot find module 'lucide-react' or its corresponding type declarations.
src/icons/SquareM.tsx(1,54): error TS2307: Cannot find module 'lucide-react' or its corresponding type declarations.
src/icons/SquareMenu.tsx(1,57): error TS2307: Cannot find module 'lucide-react' or its corresponding type declarations.
src/icons/SquareMinus.tsx(1,58): error TS2307: Cannot find module 'lucide-react' or its corresponding type declarations.
src/icons/SquareMousePointer.tsx(1,65): error TS2307: Cannot find module 'lucide-react' or its corresponding type declarations.
src/icons/SquareParking.tsx(1,60): error TS2307: Cannot find module 'lucide-react' or its corresponding type declarations.
src/icons/SquareParkingOff.tsx(1,63): error TS2307: Cannot find module 'lucide-react' or its corresponding type declarations.
src/icons/SquarePen.tsx(1,56): error TS2307: Cannot find module 'lucide-react' or its corresponding type declarations.
src/icons/SquarePercent.tsx(1,60): error TS2307: Cannot find module 'lucide-react' or its corresponding type declarations.
src/icons/SquarePi.tsx(1,55): error TS2307: Cannot find module 'lucide-react' or its corresponding type declarations.
src/icons/SquarePilcrow.tsx(1,60): error TS2307: Cannot find module 'lucide-react' or its corresponding type declarations.
src/icons/SquarePlay.tsx(1,57): error TS2307: Cannot find module 'lucide-react' or its corresponding type declarations.
src/icons/SquarePlus.tsx(1,57): error TS2307: Cannot find module 'lucide-react' or its corresponding type declarations.
src/icons/SquarePower.tsx(1,58): error TS2307: Cannot find module 'lucide-react' or its corresponding type declarations.
src/icons/SquareRadical.tsx(1,60): error TS2307: Cannot find module 'lucide-react' or its corresponding type declarations.
src/icons/SquareRoundCorner.tsx(1,64): error TS2307: Cannot find module 'lucide-react' or its corresponding type declarations.
src/icons/SquareScissors.tsx(1,61): error TS2307: Cannot find module 'lucide-react' or its corresponding type declarations.
src/icons/SquaresExclude.tsx(1,61): error TS2307: Cannot find module 'lucide-react' or its corresponding type declarations.
src/icons/SquareSigma.tsx(1,58): error TS2307: Cannot find module 'lucide-react' or its corresponding type declarations.
src/icons/SquaresIntersect.tsx(1,63): error TS2307: Cannot find module 'lucide-react' or its corresponding type declarations.
src/icons/SquareSlash.tsx(1,58): error TS2307: Cannot find module 'lucide-react' or its corresponding type declarations.
src/icons/SquareSplitHorizontal.tsx(1,68): error TS2307: Cannot find module 'lucide-react' or its corresponding type declarations.
src/icons/SquareSplitVertical.tsx(1,66): error TS2307: Cannot find module 'lucide-react' or its corresponding type declarations.
src/icons/SquareSquare.tsx(1,59): error TS2307: Cannot find module 'lucide-react' or its corresponding type declarations.
src/icons/SquaresSubtract.tsx(1,62): error TS2307: Cannot find module 'lucide-react' or its corresponding type declarations.
src/icons/SquareStack.tsx(1,58): error TS2307: Cannot find module 'lucide-react' or its corresponding type declarations.
src/icons/SquaresUnite.tsx(1,59): error TS2307: Cannot find module 'lucide-react' or its corresponding type declarations.
src/icons/SquareTerminal.tsx(1,61): error TS2307: Cannot find module 'lucide-react' or its corresponding type declarations.
src/icons/SquareUser.tsx(1,57): error TS2307: Cannot find module 'lucide-react' or its corresponding type declarations.
src/icons/SquareUserRound.tsx(1,62): error TS2307: Cannot find module 'lucide-react' or its corresponding type declarations.
src/icons/SquareX.tsx(1,54): error TS2307: Cannot find module 'lucide-react' or its corresponding type declarations.
src/icons/Squircle.tsx(1,55): error TS2307: Cannot find module 'lucide-react' or its corresponding type declarations.
src/icons/SquircleDashed.tsx(1,61): error TS2307: Cannot find module 'lucide-react' or its corresponding type declarations.
src/icons/Squirrel.tsx(1,55): error TS2307: Cannot find module 'lucide-react' or its corresponding type declarations.
src/icons/Stamp.tsx(1,52): error TS2307: Cannot find module 'lucide-react' or its corresponding type declarations.
src/icons/Star.tsx(1,51): error TS2307: Cannot find module 'lucide-react' or its corresponding type declarations.
src/icons/StarHalf.tsx(1,55): error TS2307: Cannot find module 'lucide-react' or its corresponding type declarations.
src/icons/StarOff.tsx(1,54): error TS2307: Cannot find module 'lucide-react' or its corresponding type declarations.
src/icons/StepBack.tsx(1,55): error TS2307: Cannot find module 'lucide-react' or its corresponding type declarations.
src/icons/StepForward.tsx(1,58): error TS2307: Cannot find module 'lucide-react' or its corresponding type declarations.
src/icons/Stethoscope.tsx(1,58): error TS2307: Cannot find module 'lucide-react' or its corresponding type declarations.
src/icons/Sticker.tsx(1,54): error TS2307: Cannot find module 'lucide-react' or its corresponding type declarations.
src/icons/StickyNote.tsx(1,57): error TS2307: Cannot find module 'lucide-react' or its corresponding type declarations.
src/icons/Store.tsx(1,52): error TS2307: Cannot find module 'lucide-react' or its corresponding type declarations.
src/icons/StretchHorizontal.tsx(1,64): error TS2307: Cannot find module 'lucide-react' or its corresponding type declarations.
src/icons/StretchVertical.tsx(1,62): error TS2307: Cannot find module 'lucide-react' or its corresponding type declarations.
src/icons/Strikethrough.tsx(1,60): error TS2307: Cannot find module 'lucide-react' or its corresponding type declarations.
src/icons/Subscript.tsx(1,56): error TS2307: Cannot find module 'lucide-react' or its corresponding type declarations.
src/icons/Sun.tsx(1,50): error TS2307: Cannot find module 'lucide-react' or its corresponding type declarations.
src/icons/SunDim.tsx(1,53): error TS2307: Cannot find module 'lucide-react' or its corresponding type declarations.
src/icons/SunMedium.tsx(1,56): error TS2307: Cannot find module 'lucide-react' or its corresponding type declarations.
src/icons/SunMoon.tsx(1,54): error TS2307: Cannot find module 'lucide-react' or its corresponding type declarations.
src/icons/Sunrise.tsx(1,54): error TS2307: Cannot find module 'lucide-react' or its corresponding type declarations.
src/icons/Sunset.tsx(1,53): error TS2307: Cannot find module 'lucide-react' or its corresponding type declarations.
src/icons/SunSnow.tsx(1,54): error TS2307: Cannot find module 'lucide-react' or its corresponding type declarations.
src/icons/Superscript.tsx(1,58): error TS2307: Cannot find module 'lucide-react' or its corresponding type declarations.
src/icons/SwatchBook.tsx(1,57): error TS2307: Cannot find module 'lucide-react' or its corresponding type declarations.
src/icons/SwissFranc.tsx(1,57): error TS2307: Cannot find module 'lucide-react' or its corresponding type declarations.
src/icons/SwitchCamera.tsx(1,59): error TS2307: Cannot find module 'lucide-react' or its corresponding type declarations.
src/icons/Sword.tsx(1,52): error TS2307: Cannot find module 'lucide-react' or its corresponding type declarations.
src/icons/Swords.tsx(1,53): error TS2307: Cannot find module 'lucide-react' or its corresponding type declarations.
src/icons/Syringe.tsx(1,54): error TS2307: Cannot find module 'lucide-react' or its corresponding type declarations.
src/icons/Table.tsx(1,52): error TS2307: Cannot find module 'lucide-react' or its corresponding type declarations.
src/icons/Table2.tsx(1,53): error TS2307: Cannot find module 'lucide-react' or its corresponding type declarations.
src/icons/TableCellsMerge.tsx(1,62): error TS2307: Cannot find module 'lucide-react' or its corresponding type declarations.
src/icons/TableCellsSplit.tsx(1,62): error TS2307: Cannot find module 'lucide-react' or its corresponding type declarations.
src/icons/TableColumnsSplit.tsx(1,64): error TS2307: Cannot find module 'lucide-react' or its corresponding type declarations.
src/icons/TableOfContents.tsx(1,62): error TS2307: Cannot find module 'lucide-react' or its corresponding type declarations.
src/icons/TableProperties.tsx(1,62): error TS2307: Cannot find module 'lucide-react' or its corresponding type declarations.
src/icons/TableRowsSplit.tsx(1,61): error TS2307: Cannot find module 'lucide-react' or its corresponding type declarations.
src/icons/Tablet.tsx(1,53): error TS2307: Cannot find module 'lucide-react' or its corresponding type declarations.
src/icons/Tablets.tsx(1,54): error TS2307: Cannot find module 'lucide-react' or its corresponding type declarations.
src/icons/TabletSmartphone.tsx(1,63): error TS2307: Cannot find module 'lucide-react' or its corresponding type declarations.
src/icons/Tag.tsx(1,50): error TS2307: Cannot find module 'lucide-react' or its corresponding type declarations.
src/icons/Tags.tsx(1,51): error TS2307: Cannot find module 'lucide-react' or its corresponding type declarations.
src/icons/Tally1.tsx(1,53): error TS2307: Cannot find module 'lucide-react' or its corresponding type declarations.
src/icons/Tally2.tsx(1,53): error TS2307: Cannot find module 'lucide-react' or its corresponding type declarations.
src/icons/Tally3.tsx(1,53): error TS2307: Cannot find module 'lucide-react' or its corresponding type declarations.
src/icons/Tally4.tsx(1,53): error TS2307: Cannot find module 'lucide-react' or its corresponding type declarations.
src/icons/Tally5.tsx(1,53): error TS2307: Cannot find module 'lucide-react' or its corresponding type declarations.
src/icons/Tangent.tsx(1,54): error TS2307: Cannot find module 'lucide-react' or its corresponding type declarations.
src/icons/Target.tsx(1,53): error TS2307: Cannot find module 'lucide-react' or its corresponding type declarations.
src/icons/Telescope.tsx(1,56): error TS2307: Cannot find module 'lucide-react' or its corresponding type declarations.
src/icons/Tent.tsx(1,51): error TS2307: Cannot find module 'lucide-react' or its corresponding type declarations.
src/icons/TentTree.tsx(1,55): error TS2307: Cannot find module 'lucide-react' or its corresponding type declarations.
src/icons/Terminal.tsx(1,55): error TS2307: Cannot find module 'lucide-react' or its corresponding type declarations.
src/icons/TestTube.tsx(1,55): error TS2307: Cannot find module 'lucide-react' or its corresponding type declarations.
src/icons/TestTubeDiagonal.tsx(1,63): error TS2307: Cannot find module 'lucide-react' or its corresponding type declarations.
src/icons/TestTubes.tsx(1,56): error TS2307: Cannot find module 'lucide-react' or its corresponding type declarations.
src/icons/Text.tsx(1,51): error TS2307: Cannot find module 'lucide-react' or its corresponding type declarations.
src/icons/TextCursor.tsx(1,57): error TS2307: Cannot find module 'lucide-react' or its corresponding type declarations.
src/icons/TextCursorInput.tsx(1,62): error TS2307: Cannot find module 'lucide-react' or its corresponding type declarations.
src/icons/TextQuote.tsx(1,56): error TS2307: Cannot find module 'lucide-react' or its corresponding type declarations.
src/icons/TextSearch.tsx(1,57): error TS2307: Cannot find module 'lucide-react' or its corresponding type declarations.
src/icons/TextSelect.tsx(1,57): error TS2307: Cannot find module 'lucide-react' or its corresponding type declarations.
src/icons/Theater.tsx(1,54): error TS2307: Cannot find module 'lucide-react' or its corresponding type declarations.
src/icons/Thermometer.tsx(1,58): error TS2307: Cannot find module 'lucide-react' or its corresponding type declarations.
src/icons/ThermometerSnowflake.tsx(1,67): error TS2307: Cannot find module 'lucide-react' or its corresponding type declarations.
src/icons/ThermometerSun.tsx(1,61): error TS2307: Cannot find module 'lucide-react' or its corresponding type declarations.
src/icons/ThumbsDown.tsx(1,57): error TS2307: Cannot find module 'lucide-react' or its corresponding type declarations.
src/icons/ThumbsUp.tsx(1,55): error TS2307: Cannot find module 'lucide-react' or its corresponding type declarations.
src/icons/Ticket.tsx(1,53): error TS2307: Cannot find module 'lucide-react' or its corresponding type declarations.
src/icons/TicketCheck.tsx(1,58): error TS2307: Cannot find module 'lucide-react' or its corresponding type declarations.
src/icons/TicketMinus.tsx(1,58): error TS2307: Cannot find module 'lucide-react' or its corresponding type declarations.
src/icons/TicketPercent.tsx(1,60): error TS2307: Cannot find module 'lucide-react' or its corresponding type declarations.
src/icons/TicketPlus.tsx(1,57): error TS2307: Cannot find module 'lucide-react' or its corresponding type declarations.
src/icons/Tickets.tsx(1,54): error TS2307: Cannot find module 'lucide-react' or its corresponding type declarations.
src/icons/TicketSlash.tsx(1,58): error TS2307: Cannot find module 'lucide-react' or its corresponding type declarations.
src/icons/TicketsPlane.tsx(1,59): error TS2307: Cannot find module 'lucide-react' or its corresponding type declarations.
src/icons/TicketX.tsx(1,54): error TS2307: Cannot find module 'lucide-react' or its corresponding type declarations.
src/icons/Timer.tsx(1,52): error TS2307: Cannot find module 'lucide-react' or its corresponding type declarations.
src/icons/TimerOff.tsx(1,55): error TS2307: Cannot find module 'lucide-react' or its corresponding type declarations.
src/icons/TimerReset.tsx(1,57): error TS2307: Cannot find module 'lucide-react' or its corresponding type declarations.
src/icons/ToggleLeft.tsx(1,57): error TS2307: Cannot find module 'lucide-react' or its corresponding type declarations.
src/icons/ToggleRight.tsx(1,58): error TS2307: Cannot find module 'lucide-react' or its corresponding type declarations.
src/icons/Toilet.tsx(1,53): error TS2307: Cannot find module 'lucide-react' or its corresponding type declarations.
src/icons/ToolCase.tsx(1,55): error TS2307: Cannot find module 'lucide-react' or its corresponding type declarations.
src/icons/Tornado.tsx(1,54): error TS2307: Cannot find module 'lucide-react' or its corresponding type declarations.
src/icons/Torus.tsx(1,52): error TS2307: Cannot find module 'lucide-react' or its corresponding type declarations.
src/icons/Touchpad.tsx(1,55): error TS2307: Cannot find module 'lucide-react' or its corresponding type declarations.
src/icons/TouchpadOff.tsx(1,58): error TS2307: Cannot find module 'lucide-react' or its corresponding type declarations.
src/icons/TowerControl.tsx(1,59): error TS2307: Cannot find module 'lucide-react' or its corresponding type declarations.
src/icons/ToyBrick.tsx(1,55): error TS2307: Cannot find module 'lucide-react' or its corresponding type declarations.
src/icons/Tractor.tsx(1,54): error TS2307: Cannot find module 'lucide-react' or its corresponding type declarations.
src/icons/TrafficCone.tsx(1,58): error TS2307: Cannot find module 'lucide-react' or its corresponding type declarations.
src/icons/TrainFront.tsx(1,57): error TS2307: Cannot find module 'lucide-react' or its corresponding type declarations.
src/icons/TrainFrontTunnel.tsx(1,63): error TS2307: Cannot find module 'lucide-react' or its corresponding type declarations.
src/icons/TrainTrack.tsx(1,57): error TS2307: Cannot find module 'lucide-react' or its corresponding type declarations.
src/icons/TramFront.tsx(1,56): error TS2307: Cannot find module 'lucide-react' or its corresponding type declarations.
src/icons/Transgender.tsx(1,58): error TS2307: Cannot find module 'lucide-react' or its corresponding type declarations.
src/icons/Trash.tsx(1,52): error TS2307: Cannot find module 'lucide-react' or its corresponding type declarations.
src/icons/Trash2.tsx(1,53): error TS2307: Cannot find module 'lucide-react' or its corresponding type declarations.
src/icons/TreeDeciduous.tsx(1,60): error TS2307: Cannot find module 'lucide-react' or its corresponding type declarations.
src/icons/TreePalm.tsx(1,55): error TS2307: Cannot find module 'lucide-react' or its corresponding type declarations.
src/icons/TreePine.tsx(1,55): error TS2307: Cannot find module 'lucide-react' or its corresponding type declarations.
src/icons/Trees.tsx(1,52): error TS2307: Cannot find module 'lucide-react' or its corresponding type declarations.
src/icons/Trello.tsx(1,53): error TS2307: Cannot find module 'lucide-react' or its corresponding type declarations.
src/icons/TrendingDown.tsx(1,59): error TS2307: Cannot find module 'lucide-react' or its corresponding type declarations.
src/icons/TrendingUp.tsx(1,57): error TS2307: Cannot find module 'lucide-react' or its corresponding type declarations.
src/icons/TrendingUpDown.tsx(1,61): error TS2307: Cannot find module 'lucide-react' or its corresponding type declarations.
src/icons/Triangle.tsx(1,55): error TS2307: Cannot find module 'lucide-react' or its corresponding type declarations.
src/icons/TriangleAlert.tsx(1,60): error TS2307: Cannot find module 'lucide-react' or its corresponding type declarations.
src/icons/TriangleDashed.tsx(1,61): error TS2307: Cannot find module 'lucide-react' or its corresponding type declarations.
src/icons/TriangleRight.tsx(1,60): error TS2307: Cannot find module 'lucide-react' or its corresponding type declarations.
src/icons/Trophy.tsx(1,53): error TS2307: Cannot find module 'lucide-react' or its corresponding type declarations.
src/icons/Truck.tsx(1,52): error TS2307: Cannot find module 'lucide-react' or its corresponding type declarations.
src/icons/TruckElectric.tsx(1,60): error TS2307: Cannot find module 'lucide-react' or its corresponding type declarations.
src/icons/Turtle.tsx(1,53): error TS2307: Cannot find module 'lucide-react' or its corresponding type declarations.
src/icons/Tv.tsx(1,49): error TS2307: Cannot find module 'lucide-react' or its corresponding type declarations.
src/icons/TvMinimal.tsx(1,56): error TS2307: Cannot find module 'lucide-react' or its corresponding type declarations.
src/icons/TvMinimalPlay.tsx(1,60): error TS2307: Cannot find module 'lucide-react' or its corresponding type declarations.
src/icons/Twitch.tsx(1,53): error TS2307: Cannot find module 'lucide-react' or its corresponding type declarations.
src/icons/Twitter.tsx(1,54): error TS2307: Cannot find module 'lucide-react' or its corresponding type declarations.
src/icons/Type.tsx(1,51): error TS2307: Cannot find module 'lucide-react' or its corresponding type declarations.
src/icons/TypeOutline.tsx(1,58): error TS2307: Cannot find module 'lucide-react' or its corresponding type declarations.
src/icons/Umbrella.tsx(1,55): error TS2307: Cannot find module 'lucide-react' or its corresponding type declarations.
src/icons/UmbrellaOff.tsx(1,58): error TS2307: Cannot find module 'lucide-react' or its corresponding type declarations.
src/icons/Underline.tsx(1,56): error TS2307: Cannot find module 'lucide-react' or its corresponding type declarations.
src/icons/Undo.tsx(1,51): error TS2307: Cannot find module 'lucide-react' or its corresponding type declarations.
src/icons/Undo2.tsx(1,52): error TS2307: Cannot find module 'lucide-react' or its corresponding type declarations.
src/icons/UndoDot.tsx(1,54): error TS2307: Cannot find module 'lucide-react' or its corresponding type declarations.
src/icons/UnfoldHorizontal.tsx(1,63): error TS2307: Cannot find module 'lucide-react' or its corresponding type declarations.
src/icons/UnfoldVertical.tsx(1,61): error TS2307: Cannot find module 'lucide-react' or its corresponding type declarations.
src/icons/Ungroup.tsx(1,54): error TS2307: Cannot find module 'lucide-react' or its corresponding type declarations.
src/icons/University.tsx(1,57): error TS2307: Cannot find module 'lucide-react' or its corresponding type declarations.
src/icons/Unlink.tsx(1,53): error TS2307: Cannot find module 'lucide-react' or its corresponding type declarations.
src/icons/Unlink2.tsx(1,54): error TS2307: Cannot find module 'lucide-react' or its corresponding type declarations.
src/icons/Unplug.tsx(1,53): error TS2307: Cannot find module 'lucide-react' or its corresponding type declarations.
src/icons/Upload.tsx(1,53): error TS2307: Cannot find module 'lucide-react' or its corresponding type declarations.
src/icons/Usb.tsx(1,50): error TS2307: Cannot find module 'lucide-react' or its corresponding type declarations.
src/icons/User.tsx(1,51): error TS2307: Cannot find module 'lucide-react' or its corresponding type declarations.
src/icons/UserCheck.tsx(1,56): error TS2307: Cannot find module 'lucide-react' or its corresponding type declarations.
src/icons/UserCog.tsx(1,54): error TS2307: Cannot find module 'lucide-react' or its corresponding type declarations.
src/icons/UserLock.tsx(1,55): error TS2307: Cannot find module 'lucide-react' or its corresponding type declarations.
src/icons/UserMinus.tsx(1,56): error TS2307: Cannot find module 'lucide-react' or its corresponding type declarations.
src/icons/UserPen.tsx(1,54): error TS2307: Cannot find module 'lucide-react' or its corresponding type declarations.
src/icons/UserPlus.tsx(1,55): error TS2307: Cannot find module 'lucide-react' or its corresponding type declarations.
src/icons/UserRound.tsx(1,56): error TS2307: Cannot find module 'lucide-react' or its corresponding type declarations.
src/icons/UserRoundCheck.tsx(1,61): error TS2307: Cannot find module 'lucide-react' or its corresponding type declarations.
src/icons/UserRoundCog.tsx(1,59): error TS2307: Cannot find module 'lucide-react' or its corresponding type declarations.
src/icons/UserRoundMinus.tsx(1,61): error TS2307: Cannot find module 'lucide-react' or its corresponding type declarations.
src/icons/UserRoundPen.tsx(1,59): error TS2307: Cannot find module 'lucide-react' or its corresponding type declarations.
src/icons/UserRoundPlus.tsx(1,60): error TS2307: Cannot find module 'lucide-react' or its corresponding type declarations.
src/icons/UserRoundSearch.tsx(1,62): error TS2307: Cannot find module 'lucide-react' or its corresponding type declarations.
src/icons/UserRoundX.tsx(1,57): error TS2307: Cannot find module 'lucide-react' or its corresponding type declarations.
src/icons/Users.tsx(1,52): error TS2307: Cannot find module 'lucide-react' or its corresponding type declarations.
src/icons/UserSearch.tsx(1,57): error TS2307: Cannot find module 'lucide-react' or its corresponding type declarations.
src/icons/UsersRound.tsx(1,57): error TS2307: Cannot find module 'lucide-react' or its corresponding type declarations.
src/icons/UserX.tsx(1,52): error TS2307: Cannot find module 'lucide-react' or its corresponding type declarations.
src/icons/Utensils.tsx(1,55): error TS2307: Cannot find module 'lucide-react' or its corresponding type declarations.
src/icons/UtensilsCrossed.tsx(1,62): error TS2307: Cannot find module 'lucide-react' or its corresponding type declarations.
src/icons/UtilityPole.tsx(1,58): error TS2307: Cannot find module 'lucide-react' or its corresponding type declarations.
src/icons/Variable.tsx(1,55): error TS2307: Cannot find module 'lucide-react' or its corresponding type declarations.
src/icons/Vault.tsx(1,52): error TS2307: Cannot find module 'lucide-react' or its corresponding type declarations.
src/icons/VectorSquare.tsx(1,59): error TS2307: Cannot find module 'lucide-react' or its corresponding type declarations.
src/icons/Vegan.tsx(1,52): error TS2307: Cannot find module 'lucide-react' or its corresponding type declarations.
src/icons/VenetianMask.tsx(1,59): error TS2307: Cannot find module 'lucide-react' or its corresponding type declarations.
src/icons/Venus.tsx(1,52): error TS2307: Cannot find module 'lucide-react' or its corresponding type declarations.
src/icons/VenusAndMars.tsx(1,59): error TS2307: Cannot find module 'lucide-react' or its corresponding type declarations.
src/icons/Vibrate.tsx(1,54): error TS2307: Cannot find module 'lucide-react' or its corresponding type declarations.
src/icons/VibrateOff.tsx(1,57): error TS2307: Cannot find module 'lucide-react' or its corresponding type declarations.
src/icons/Video.tsx(1,52): error TS2307: Cannot find module 'lucide-react' or its corresponding type declarations.
src/icons/VideoOff.tsx(1,55): error TS2307: Cannot find module 'lucide-react' or its corresponding type declarations.
src/icons/Videotape.tsx(1,56): error TS2307: Cannot find module 'lucide-react' or its corresponding type declarations.
src/icons/View.tsx(1,51): error TS2307: Cannot find module 'lucide-react' or its corresponding type declarations.
src/icons/Voicemail.tsx(1,56): error TS2307: Cannot find module 'lucide-react' or its corresponding type declarations.
src/icons/Volleyball.tsx(1,57): error TS2307: Cannot find module 'lucide-react' or its corresponding type declarations.
src/icons/Volume.tsx(1,53): error TS2307: Cannot find module 'lucide-react' or its corresponding type declarations.
src/icons/Volume1.tsx(1,54): error TS2307: Cannot find module 'lucide-react' or its corresponding type declarations.
src/icons/Volume2.tsx(1,54): error TS2307: Cannot find module 'lucide-react' or its corresponding type declarations.
src/icons/VolumeOff.tsx(1,56): error TS2307: Cannot find module 'lucide-react' or its corresponding type declarations.
src/icons/VolumeX.tsx(1,54): error TS2307: Cannot find module 'lucide-react' or its corresponding type declarations.
src/icons/Vote.tsx(1,51): error TS2307: Cannot find module 'lucide-react' or its corresponding type declarations.
src/icons/Wallet.tsx(1,53): error TS2307: Cannot find module 'lucide-react' or its corresponding type declarations.
src/icons/WalletCards.tsx(1,58): error TS2307: Cannot find module 'lucide-react' or its corresponding type declarations.
src/icons/WalletMinimal.tsx(1,60): error TS2307: Cannot find module 'lucide-react' or its corresponding type declarations.
src/icons/Wallpaper.tsx(1,56): error TS2307: Cannot find module 'lucide-react' or its corresponding type declarations.
src/icons/Wand.tsx(1,51): error TS2307: Cannot find module 'lucide-react' or its corresponding type declarations.
src/icons/WandSparkles.tsx(1,59): error TS2307: Cannot find module 'lucide-react' or its corresponding type declarations.
src/icons/Warehouse.tsx(1,56): error TS2307: Cannot find module 'lucide-react' or its corresponding type declarations.
src/icons/WashingMachine.tsx(1,61): error TS2307: Cannot find module 'lucide-react' or its corresponding type declarations.
src/icons/Watch.tsx(1,52): error TS2307: Cannot find module 'lucide-react' or its corresponding type declarations.
src/icons/Waves.tsx(1,52): error TS2307: Cannot find module 'lucide-react' or its corresponding type declarations.
src/icons/WavesLadder.tsx(1,58): error TS2307: Cannot find module 'lucide-react' or its corresponding type declarations.
src/icons/Waypoints.tsx(1,56): error TS2307: Cannot find module 'lucide-react' or its corresponding type declarations.
src/icons/Webcam.tsx(1,53): error TS2307: Cannot find module 'lucide-react' or its corresponding type declarations.
src/icons/Webhook.tsx(1,54): error TS2307: Cannot find module 'lucide-react' or its corresponding type declarations.
src/icons/WebhookOff.tsx(1,57): error TS2307: Cannot find module 'lucide-react' or its corresponding type declarations.
src/icons/Weight.tsx(1,53): error TS2307: Cannot find module 'lucide-react' or its corresponding type declarations.
src/icons/Wheat.tsx(1,52): error TS2307: Cannot find module 'lucide-react' or its corresponding type declarations.
src/icons/WheatOff.tsx(1,55): error TS2307: Cannot find module 'lucide-react' or its corresponding type declarations.
src/icons/WholeWord.tsx(1,56): error TS2307: Cannot find module 'lucide-react' or its corresponding type declarations.
src/icons/Wifi.tsx(1,51): error TS2307: Cannot find module 'lucide-react' or its corresponding type declarations.
src/icons/WifiCog.tsx(1,54): error TS2307: Cannot find module 'lucide-react' or its corresponding type declarations.
src/icons/WifiHigh.tsx(1,55): error TS2307: Cannot find module 'lucide-react' or its corresponding type declarations.
src/icons/WifiLow.tsx(1,54): error TS2307: Cannot find module 'lucide-react' or its corresponding type declarations.
src/icons/WifiOff.tsx(1,54): error TS2307: Cannot find module 'lucide-react' or its corresponding type declarations.
src/icons/WifiPen.tsx(1,54): error TS2307: Cannot find module 'lucide-react' or its corresponding type declarations.
src/icons/WifiZero.tsx(1,55): error TS2307: Cannot find module 'lucide-react' or its corresponding type declarations.
src/icons/Wind.tsx(1,51): error TS2307: Cannot find module 'lucide-react' or its corresponding type declarations.
src/icons/WindArrowDown.tsx(1,60): error TS2307: Cannot find module 'lucide-react' or its corresponding type declarations.
src/icons/Wine.tsx(1,51): error TS2307: Cannot find module 'lucide-react' or its corresponding type declarations.
src/icons/WineOff.tsx(1,54): error TS2307: Cannot find module 'lucide-react' or its corresponding type declarations.
src/icons/Workflow.tsx(1,55): error TS2307: Cannot find module 'lucide-react' or its corresponding type declarations.
src/icons/Worm.tsx(1,51): error TS2307: Cannot find module 'lucide-react' or its corresponding type declarations.
src/icons/WrapText.tsx(1,55): error TS2307: Cannot find module 'lucide-react' or its corresponding type declarations.
src/icons/Wrench.tsx(1,53): error TS2307: Cannot find module 'lucide-react' or its corresponding type declarations.
src/icons/X.tsx(1,48): error TS2307: Cannot find module 'lucide-react' or its corresponding type declarations.
src/icons/Youtube.tsx(1,54): error TS2307: Cannot find module 'lucide-react' or its corresponding type declarations.
src/icons/Zap.tsx(1,50): error TS2307: Cannot find module 'lucide-react' or its corresponding type declarations.
src/icons/ZapOff.tsx(1,53): error TS2307: Cannot find module 'lucide-react' or its corresponding type declarations.
src/icons/ZoomIn.tsx(1,53): error TS2307: Cannot find module 'lucide-react' or its corresponding type declarations.
src/icons/ZoomOut.tsx(1,54): error TS2307: Cannot find module 'lucide-react' or its corresponding type declarations.
